2016-08-03 13:41:59: -- Analysis Started by User
2016-08-03 13:42:00: Changes: 42, Conflicts: 0, CopyTime: 0, CopyState: 0/0, Errors: 0, All: 4131
2016-08-03 13:42:00: Left to Right: Copy File: 38 Delete File: 4 
2016-08-03 13:42:00: -- Analysis Complete. Time 00:00:01, Speed: 4098 files/s
2016-08-03 13:42:00: 
2016-08-03 13:42:01: == Sync Started by User
2016-08-03 13:42:01: Delete File '/Volumes/Ryan SSD/htdocs/vns-bodypaint/assets/common/js/jquery.lavalamp-min.js'
2016-08-03 13:42:01: Delete File '/Volumes/Ryan SSD/htdocs/vns-bodypaint/assets/common/js/jquery.lavalamp.js'
2016-08-03 13:42:01: Delete File '/Volumes/Ryan SSD/htdocs/vns-bodypaint/assets/common/js/jquery.lavalamp.min.js'
2016-08-03 13:42:01: Delete File '/Volumes/Ryan SSD/htdocs/vns-bodypaint/assets/common/js/TweenMax.min.js'
2016-08-03 13:42:01: Create Folder '/Volumes/Ryan SSD/htdocs/vns-bodypaint/application/libraries/PHPImageWorkshop'
2016-08-03 13:42:01: Create Folder '/Volumes/Ryan SSD/htdocs/vns-bodypaint/application/libraries/PHPImageWorkshop/Core'
2016-08-03 13:42:01: Create Folder '/Volumes/Ryan SSD/htdocs/vns-bodypaint/application/libraries/PHPImageWorkshop/Core/Exception'
2016-08-03 13:42:01: Create Folder '/Volumes/Ryan SSD/htdocs/vns-bodypaint/application/libraries/PHPImageWorkshop/Exception'
2016-08-03 13:42:01: Create Folder '/Volumes/Ryan SSD/htdocs/vns-bodypaint/upload/user'
2016-08-03 13:42:01: Create Folder '/Volumes/Ryan SSD/htdocs/vns-bodypaint/upload/user/booking'
2016-08-03 13:42:01: Create Folder '/Volumes/Ryan SSD/htdocs/vns-bodypaint/upload/user/temps'
2016-08-03 13:42:01: Copy Over '/Volumes/RyanWork/htdocs/vns-bodypaint/application/config/routes.php' -> '/Volumes/Ryan SSD/htdocs/vns-bodypaint/application/config/routes.php'
2016-08-03 13:42:02: Copy Over '/Volumes/RyanWork/htdocs/vns-bodypaint/application/controllers/frontend/Booking.php' -> '/Volumes/Ryan SSD/htdocs/vns-bodypaint/application/controllers/frontend/Booking.php'
2016-08-03 13:42:02: Copy Over '/Volumes/RyanWork/htdocs/vns-bodypaint/application/controllers/frontend/Root.php' -> '/Volumes/Ryan SSD/htdocs/vns-bodypaint/application/controllers/frontend/Root.php'
2016-08-03 13:42:02: Copy Over '/Volumes/RyanWork/htdocs/vns-bodypaint/application/helpers/ci_helper.php' -> '/Volumes/Ryan SSD/htdocs/vns-bodypaint/application/helpers/ci_helper.php'
2016-08-03 13:42:02: Copy Over '/Volumes/RyanWork/htdocs/vns-bodypaint/application/language/en/root_lang.php' -> '/Volumes/Ryan SSD/htdocs/vns-bodypaint/application/language/en/root_lang.php'
2016-08-03 13:42:02: Copy Over '/Volumes/RyanWork/htdocs/vns-bodypaint/application/language/vn/root_lang.php' -> '/Volumes/Ryan SSD/htdocs/vns-bodypaint/application/language/vn/root_lang.php'
2016-08-03 13:42:02: Copy New '/Volumes/RyanWork/htdocs/vns-bodypaint/application/libraries/PHPImageWorkshop/Core/Exception/ImageWorkshopLayerException.php' -> '/Volumes/Ryan SSD/htdocs/vns-bodypaint/application/libraries/PHPImageWorkshop/Core/Exception/ImageWorkshopLayerException.php'
2016-08-03 13:42:02: Copy New '/Volumes/RyanWork/htdocs/vns-bodypaint/application/libraries/PHPImageWorkshop/Core/Exception/ImageWorkshopLibException.php' -> '/Volumes/Ryan SSD/htdocs/vns-bodypaint/application/libraries/PHPImageWorkshop/Core/Exception/ImageWorkshopLibException.php'
2016-08-03 13:42:02: Copy New '/Volumes/RyanWork/htdocs/vns-bodypaint/application/libraries/PHPImageWorkshop/Core/ImageWorkshopLayer.php' -> '/Volumes/Ryan SSD/htdocs/vns-bodypaint/application/libraries/PHPImageWorkshop/Core/ImageWorkshopLayer.php'
2016-08-03 13:42:02: Copy New '/Volumes/RyanWork/htdocs/vns-bodypaint/application/libraries/PHPImageWorkshop/Core/ImageWorkshopLib.php' -> '/Volumes/Ryan SSD/htdocs/vns-bodypaint/application/libraries/PHPImageWorkshop/Core/ImageWorkshopLib.php'
2016-08-03 13:42:02: Copy New '/Volumes/RyanWork/htdocs/vns-bodypaint/application/libraries/PHPImageWorkshop/Exception/ImageWorkshopBaseException.php' -> '/Volumes/Ryan SSD/htdocs/vns-bodypaint/application/libraries/PHPImageWorkshop/Exception/ImageWorkshopBaseException.php'
2016-08-03 13:42:02: Copy New '/Volumes/RyanWork/htdocs/vns-bodypaint/application/libraries/PHPImageWorkshop/Exception/ImageWorkshopException.php' -> '/Volumes/Ryan SSD/htdocs/vns-bodypaint/application/libraries/PHPImageWorkshop/Exception/ImageWorkshopException.php'
2016-08-03 13:42:02: Copy New '/Volumes/RyanWork/htdocs/vns-bodypaint/application/libraries/PHPImageWorkshop/ImageWorkshop.php' -> '/Volumes/Ryan SSD/htdocs/vns-bodypaint/application/libraries/PHPImageWorkshop/ImageWorkshop.php'
2016-08-03 13:42:02: Copy Over '/Volumes/RyanWork/htdocs/vns-bodypaint/application/views/frontend/booking.php' -> '/Volumes/Ryan SSD/htdocs/vns-bodypaint/application/views/frontend/booking.php'
2016-08-03 13:42:02: Copy Over '/Volumes/RyanWork/htdocs/vns-bodypaint/application/views/frontend/contact.php' -> '/Volumes/Ryan SSD/htdocs/vns-bodypaint/application/views/frontend/contact.php'
2016-08-03 13:42:02: Copy Over '/Volumes/RyanWork/htdocs/vns-bodypaint/application/views/frontend/includes/navigation.php' -> '/Volumes/Ryan SSD/htdocs/vns-bodypaint/application/views/frontend/includes/navigation.php'
2016-08-03 13:42:02: Copy Over '/Volumes/RyanWork/htdocs/vns-bodypaint/application/views/frontend/includes/popup.php' -> '/Volumes/Ryan SSD/htdocs/vns-bodypaint/application/views/frontend/includes/popup.php'
2016-08-03 13:42:02: Copy Over '/Volumes/RyanWork/htdocs/vns-bodypaint/application/views/frontend/template.php' -> '/Volumes/Ryan SSD/htdocs/vns-bodypaint/application/views/frontend/template.php'
2016-08-03 13:42:02: Copy Over '/Volumes/RyanWork/htdocs/vns-bodypaint/assets/backend/js/script-min.js' -> '/Volumes/Ryan SSD/htdocs/vns-bodypaint/assets/backend/js/script-min.js'
2016-08-03 13:42:02: Copy Over '/Volumes/RyanWork/htdocs/vns-bodypaint/assets/backend/js/script.js' -> '/Volumes/Ryan SSD/htdocs/vns-bodypaint/assets/backend/js/script.js'
2016-08-03 13:42:02: Copy New '/Volumes/RyanWork/htdocs/vns-bodypaint/assets/common/js/jquery.limit-min.js' -> '/Volumes/Ryan SSD/htdocs/vns-bodypaint/assets/common/js/jquery.limit-min.js'
2016-08-03 13:42:02: Copy Over '/Volumes/RyanWork/htdocs/vns-bodypaint/assets/common/js/jquery.limit.js' -> '/Volumes/Ryan SSD/htdocs/vns-bodypaint/assets/common/js/jquery.limit.js'
2016-08-03 13:42:02: Copy Over '/Volumes/RyanWork/htdocs/vns-bodypaint/assets/common/js/script-min.js' -> '/Volumes/Ryan SSD/htdocs/vns-bodypaint/assets/common/js/script-min.js'
2016-08-03 13:42:02: Copy Over '/Volumes/RyanWork/htdocs/vns-bodypaint/assets/common/js/script.js' -> '/Volumes/Ryan SSD/htdocs/vns-bodypaint/assets/common/js/script.js'
2016-08-03 13:42:02: Copy Over '/Volumes/RyanWork/htdocs/vns-bodypaint/assets/config.codekit' -> '/Volumes/Ryan SSD/htdocs/vns-bodypaint/assets/config.codekit'
2016-08-03 13:42:02: Copy Over '/Volumes/RyanWork/htdocs/vns-bodypaint/assets/frontend/css/.sass-cache/b5b34955c50fa58f22076aadfa317619607136b2/style.scssc' -> '/Volumes/Ryan SSD/htdocs/vns-bodypaint/assets/frontend/css/.sass-cache/b5b34955c50fa58f22076aadfa317619607136b2/style.scssc'
2016-08-03 13:42:02: Copy Over '/Volumes/RyanWork/htdocs/vns-bodypaint/assets/frontend/css/style-min.css' -> '/Volumes/Ryan SSD/htdocs/vns-bodypaint/assets/frontend/css/style-min.css'
2016-08-03 13:42:02: Copy Over '/Volumes/RyanWork/htdocs/vns-bodypaint/assets/frontend/css/style.scss' -> '/Volumes/Ryan SSD/htdocs/vns-bodypaint/assets/frontend/css/style.scss'
2016-08-03 13:42:02: Copy Over '/Volumes/RyanWork/htdocs/vns-bodypaint/assets/frontend/js/script-min.js' -> '/Volumes/Ryan SSD/htdocs/vns-bodypaint/assets/frontend/js/script-min.js'
2016-08-03 13:42:02: Copy Over '/Volumes/RyanWork/htdocs/vns-bodypaint/assets/frontend/js/script.js' -> '/Volumes/Ryan SSD/htdocs/vns-bodypaint/assets/frontend/js/script.js'
2016-08-03 13:42:02: Copy Over '/Volumes/RyanWork/htdocs/vns-bodypaint/index.php' -> '/Volumes/Ryan SSD/htdocs/vns-bodypaint/index.php'
2016-08-03 13:42:02: == Sync Complete. Time: 00:00:01, Speed: 642.8 KB/s, OK: 42, Errors: 0
2016-08-03 13:42:02: 
