2016-08-18 14:38:38: -- Analysis Started by User
2016-08-18 14:38:43: Changes: 89, Conflicts: 0, CopyTime: 0, CopyState: 0/0, Errors: 0, All: 8604
2016-08-18 14:38:43: Left to Right: Copy File: 85 Delete File: 4 
2016-08-18 14:38:43: -- Analysis Complete. Time 00:00:05, Speed: 1651 files/s
2016-08-18 14:38:43: 
2016-08-18 14:38:46: == Sync Started by User
2016-08-18 14:38:46: Delete File '/Volumes/Ryan SSD/htdocs/vns-bodypaint/application/views/backend/banner/add.php'
2016-08-18 14:38:46: Delete File '/Volumes/Ryan SSD/htdocs/vns-bodypaint/application/views/backend/banner/list.php'
2016-08-18 14:38:46: Delete File '/Volumes/Ryan SSD/htdocs/vns-bodypaint/upload/.thumbs/images/service/Untitled-1.jpg'
2016-08-18 14:38:46: Delete File '/Volumes/Ryan SSD/htdocs/vns-bodypaint/upload/images/service/Untitled-1.jpg'
2016-08-18 14:38:46: Create Folder '/Volumes/Ryan SSD/htdocs/vns-bodypaint/application/views/backend/contact'
2016-08-18 14:38:46: Create Folder '/Volumes/Ryan SSD/htdocs/vns-bodypaint/testphpmailer'
2016-08-18 14:38:46: Copy Over '/Volumes/RyanWork/htdocs/vns-bodypaint/application/config/routes.php' -> '/Volumes/Ryan SSD/htdocs/vns-bodypaint/application/config/routes.php'
2016-08-18 14:38:46: Copy Over '/Volumes/RyanWork/htdocs/vns-bodypaint/application/controllers/backend/Banner.php' -> '/Volumes/Ryan SSD/htdocs/vns-bodypaint/application/controllers/backend/Banner.php'
2016-08-18 14:38:46: Copy Over '/Volumes/RyanWork/htdocs/vns-bodypaint/application/controllers/backend/Category.php' -> '/Volumes/Ryan SSD/htdocs/vns-bodypaint/application/controllers/backend/Category.php'
2016-08-18 14:38:46: Copy New '/Volumes/RyanWork/htdocs/vns-bodypaint/application/controllers/backend/Contact.php' -> '/Volumes/Ryan SSD/htdocs/vns-bodypaint/application/controllers/backend/Contact.php'
2016-08-18 14:38:46: Copy Over '/Volumes/RyanWork/htdocs/vns-bodypaint/application/controllers/backend/Gallery.php' -> '/Volumes/Ryan SSD/htdocs/vns-bodypaint/application/controllers/backend/Gallery.php'
2016-08-18 14:38:46: Copy Over '/Volumes/RyanWork/htdocs/vns-bodypaint/application/controllers/backend/Root.php' -> '/Volumes/Ryan SSD/htdocs/vns-bodypaint/application/controllers/backend/Root.php'
2016-08-18 14:38:46: Copy Over '/Volumes/RyanWork/htdocs/vns-bodypaint/application/controllers/backend/Service.php' -> '/Volumes/Ryan SSD/htdocs/vns-bodypaint/application/controllers/backend/Service.php'
2016-08-18 14:38:46: Copy Over '/Volumes/RyanWork/htdocs/vns-bodypaint/application/controllers/frontend/Booking.php' -> '/Volumes/Ryan SSD/htdocs/vns-bodypaint/application/controllers/frontend/Booking.php'
2016-08-18 14:38:46: Copy Over '/Volumes/RyanWork/htdocs/vns-bodypaint/application/controllers/frontend/Contact.php' -> '/Volumes/Ryan SSD/htdocs/vns-bodypaint/application/controllers/frontend/Contact.php'
2016-08-18 14:38:46: Copy Over '/Volumes/RyanWork/htdocs/vns-bodypaint/application/controllers/frontend/Gallery.php' -> '/Volumes/Ryan SSD/htdocs/vns-bodypaint/application/controllers/frontend/Gallery.php'
2016-08-18 14:38:46: Copy Over '/Volumes/RyanWork/htdocs/vns-bodypaint/application/controllers/frontend/Home.php' -> '/Volumes/Ryan SSD/htdocs/vns-bodypaint/application/controllers/frontend/Home.php'
2016-08-18 14:38:46: Copy Over '/Volumes/RyanWork/htdocs/vns-bodypaint/application/controllers/frontend/Root.php' -> '/Volumes/Ryan SSD/htdocs/vns-bodypaint/application/controllers/frontend/Root.php'
2016-08-18 14:38:46: Copy Over '/Volumes/RyanWork/htdocs/vns-bodypaint/application/controllers/frontend/Service.php' -> '/Volumes/Ryan SSD/htdocs/vns-bodypaint/application/controllers/frontend/Service.php'
2016-08-18 14:38:46: Copy Over '/Volumes/RyanWork/htdocs/vns-bodypaint/application/helpers/ci_helper.php' -> '/Volumes/Ryan SSD/htdocs/vns-bodypaint/application/helpers/ci_helper.php'
2016-08-18 14:38:46: Copy Over '/Volumes/RyanWork/htdocs/vns-bodypaint/application/language/en/root_lang.php' -> '/Volumes/Ryan SSD/htdocs/vns-bodypaint/application/language/en/root_lang.php'
2016-08-18 14:38:46: Copy Over '/Volumes/RyanWork/htdocs/vns-bodypaint/application/language/vn/root_lang.php' -> '/Volumes/Ryan SSD/htdocs/vns-bodypaint/application/language/vn/root_lang.php'
2016-08-18 14:38:46: Copy Over '/Volumes/RyanWork/htdocs/vns-bodypaint/application/models/Banner_model.php' -> '/Volumes/Ryan SSD/htdocs/vns-bodypaint/application/models/Banner_model.php'
2016-08-18 14:38:46: Copy New '/Volumes/RyanWork/htdocs/vns-bodypaint/application/models/Contact_model.php' -> '/Volumes/Ryan SSD/htdocs/vns-bodypaint/application/models/Contact_model.php'
2016-08-18 14:38:46: Copy Over '/Volumes/RyanWork/htdocs/vns-bodypaint/application/models/User_model.php' -> '/Volumes/Ryan SSD/htdocs/vns-bodypaint/application/models/User_model.php'
2016-08-18 14:38:46: Copy Over '/Volumes/RyanWork/htdocs/vns-bodypaint/application/views/backend/banner/banner.php' -> '/Volumes/Ryan SSD/htdocs/vns-bodypaint/application/views/backend/banner/banner.php'
2016-08-18 14:38:46: Copy New '/Volumes/RyanWork/htdocs/vns-bodypaint/application/views/backend/contact/list.php' -> '/Volumes/Ryan SSD/htdocs/vns-bodypaint/application/views/backend/contact/list.php'
2016-08-18 14:38:46: Copy Over '/Volumes/RyanWork/htdocs/vns-bodypaint/application/views/frontend/booking.php' -> '/Volumes/Ryan SSD/htdocs/vns-bodypaint/application/views/frontend/booking.php'
2016-08-18 14:38:46: Copy Over '/Volumes/RyanWork/htdocs/vns-bodypaint/application/views/frontend/home.php' -> '/Volumes/Ryan SSD/htdocs/vns-bodypaint/application/views/frontend/home.php'
2016-08-18 14:38:46: Copy Over '/Volumes/RyanWork/htdocs/vns-bodypaint/application/views/frontend/includes/contactBox.php' -> '/Volumes/Ryan SSD/htdocs/vns-bodypaint/application/views/frontend/includes/contactBox.php'
2016-08-18 14:38:46: Copy Over '/Volumes/RyanWork/htdocs/vns-bodypaint/application/views/frontend/includes/navigation.php' -> '/Volumes/Ryan SSD/htdocs/vns-bodypaint/application/views/frontend/includes/navigation.php'
2016-08-18 14:38:46: Copy Over '/Volumes/RyanWork/htdocs/vns-bodypaint/application/views/frontend/includes/popup.php' -> '/Volumes/Ryan SSD/htdocs/vns-bodypaint/application/views/frontend/includes/popup.php'
2016-08-18 14:38:46: Copy Over '/Volumes/RyanWork/htdocs/vns-bodypaint/application/views/frontend/news.php' -> '/Volumes/Ryan SSD/htdocs/vns-bodypaint/application/views/frontend/news.php'
2016-08-18 14:38:46: Copy Over '/Volumes/RyanWork/htdocs/vns-bodypaint/application/views/frontend/service.php' -> '/Volumes/Ryan SSD/htdocs/vns-bodypaint/application/views/frontend/service.php'
2016-08-18 14:38:46: Copy Over '/Volumes/RyanWork/htdocs/vns-bodypaint/application/views/frontend/template.php' -> '/Volumes/Ryan SSD/htdocs/vns-bodypaint/application/views/frontend/template.php'
2016-08-18 14:38:46: Copy Over '/Volumes/RyanWork/htdocs/vns-bodypaint/assets/backend/css/.sass-cache/fe15532edf4bc1801d7854717498957e12f2da11/style.scssc' -> '/Volumes/Ryan SSD/htdocs/vns-bodypaint/assets/backend/css/.sass-cache/fe15532edf4bc1801d7854717498957e12f2da11/style.scssc'
2016-08-18 14:38:46: Copy Over '/Volumes/RyanWork/htdocs/vns-bodypaint/assets/backend/css/style-min.css' -> '/Volumes/Ryan SSD/htdocs/vns-bodypaint/assets/backend/css/style-min.css'
2016-08-18 14:38:46: Copy Over '/Volumes/RyanWork/htdocs/vns-bodypaint/assets/backend/css/style.scss' -> '/Volumes/Ryan SSD/htdocs/vns-bodypaint/assets/backend/css/style.scss'
2016-08-18 14:38:46: Copy Over '/Volumes/RyanWork/htdocs/vns-bodypaint/assets/backend/js/script-min.js' -> '/Volumes/Ryan SSD/htdocs/vns-bodypaint/assets/backend/js/script-min.js'
2016-08-18 14:38:46: Copy Over '/Volumes/RyanWork/htdocs/vns-bodypaint/assets/backend/js/script.js' -> '/Volumes/Ryan SSD/htdocs/vns-bodypaint/assets/backend/js/script.js'
2016-08-18 14:38:46: Copy Over '/Volumes/RyanWork/htdocs/vns-bodypaint/assets/config.codekit' -> '/Volumes/Ryan SSD/htdocs/vns-bodypaint/assets/config.codekit'
2016-08-18 14:38:46: Copy Over '/Volumes/RyanWork/htdocs/vns-bodypaint/assets/frontend/css/.sass-cache/b5b34955c50fa58f22076aadfa317619607136b2/style.scssc' -> '/Volumes/Ryan SSD/htdocs/vns-bodypaint/assets/frontend/css/.sass-cache/b5b34955c50fa58f22076aadfa317619607136b2/style.scssc'
2016-08-18 14:38:47: Copy Over '/Volumes/RyanWork/htdocs/vns-bodypaint/assets/frontend/css/style-min.css' -> '/Volumes/Ryan SSD/htdocs/vns-bodypaint/assets/frontend/css/style-min.css'
2016-08-18 14:38:47: Copy Over '/Volumes/RyanWork/htdocs/vns-bodypaint/assets/frontend/css/style.scss' -> '/Volumes/Ryan SSD/htdocs/vns-bodypaint/assets/frontend/css/style.scss'
2016-08-18 14:38:47: Copy New '/Volumes/RyanWork/htdocs/vns-bodypaint/assets/frontend/images/processing.gif' -> '/Volumes/Ryan SSD/htdocs/vns-bodypaint/assets/frontend/images/processing.gif'
2016-08-18 14:38:47: Copy Over '/Volumes/RyanWork/htdocs/vns-bodypaint/assets/frontend/js/script-min.js' -> '/Volumes/Ryan SSD/htdocs/vns-bodypaint/assets/frontend/js/script-min.js'
2016-08-18 14:38:47: Copy Over '/Volumes/RyanWork/htdocs/vns-bodypaint/assets/frontend/js/script.js' -> '/Volumes/Ryan SSD/htdocs/vns-bodypaint/assets/frontend/js/script.js'
2016-08-18 14:38:47: Copy Over '/Volumes/RyanWork/htdocs/vns-bodypaint/caiquaigi.php' -> '/Volumes/Ryan SSD/htdocs/vns-bodypaint/caiquaigi.php'
2016-08-18 14:38:47: Copy Over '/Volumes/RyanWork/htdocs/vns-bodypaint/index.php' -> '/Volumes/Ryan SSD/htdocs/vns-bodypaint/index.php'
2016-08-18 14:38:47: Copy Over '/Volumes/RyanWork/htdocs/vns-bodypaint/system/libraries/Email.php' -> '/Volumes/Ryan SSD/htdocs/vns-bodypaint/system/libraries/Email.php'
2016-08-18 14:38:47: Copy New '/Volumes/RyanWork/htdocs/vns-bodypaint/testphpmailer/class.phpmailer.php' -> '/Volumes/Ryan SSD/htdocs/vns-bodypaint/testphpmailer/class.phpmailer.php'
2016-08-18 14:38:47: Copy New '/Volumes/RyanWork/htdocs/vns-bodypaint/testphpmailer/class.smtp.php' -> '/Volumes/Ryan SSD/htdocs/vns-bodypaint/testphpmailer/class.smtp.php'
2016-08-18 14:38:47: Copy New '/Volumes/RyanWork/htdocs/vns-bodypaint/testphpmailer/info.php' -> '/Volumes/Ryan SSD/htdocs/vns-bodypaint/testphpmailer/info.php'
2016-08-18 14:38:47: Copy New '/Volumes/RyanWork/htdocs/vns-bodypaint/testphpmailer/send.php' -> '/Volumes/Ryan SSD/htdocs/vns-bodypaint/testphpmailer/send.php'
2016-08-18 14:38:47: Copy New '/Volumes/RyanWork/htdocs/vns-bodypaint/testphpmailer2.zip' -> '/Volumes/Ryan SSD/htdocs/vns-bodypaint/testphpmailer2.zip'
2016-08-18 14:38:47: Copy New '/Volumes/RyanWork/htdocs/vns-bodypaint/upload/.thumbs/images/service/service-1.jpg' -> '/Volumes/Ryan SSD/htdocs/vns-bodypaint/upload/.thumbs/images/service/service-1.jpg'
2016-08-18 14:38:47: Copy New '/Volumes/RyanWork/htdocs/vns-bodypaint/upload/.thumbs/images/service/service-2.jpg' -> '/Volumes/Ryan SSD/htdocs/vns-bodypaint/upload/.thumbs/images/service/service-2.jpg'
2016-08-18 14:38:47: Copy New '/Volumes/RyanWork/htdocs/vns-bodypaint/upload/.thumbs/images/service/service-3.jpg' -> '/Volumes/Ryan SSD/htdocs/vns-bodypaint/upload/.thumbs/images/service/service-3.jpg'
2016-08-18 14:38:47: Copy New '/Volumes/RyanWork/htdocs/vns-bodypaint/upload/.thumbs/images/service/service-4.jpg' -> '/Volumes/Ryan SSD/htdocs/vns-bodypaint/upload/.thumbs/images/service/service-4.jpg'
2016-08-18 14:38:47: Copy New '/Volumes/RyanWork/htdocs/vns-bodypaint/upload/.thumbs/images/service/service-5.jpg' -> '/Volumes/Ryan SSD/htdocs/vns-bodypaint/upload/.thumbs/images/service/service-5.jpg'
2016-08-18 14:38:47: Copy New '/Volumes/RyanWork/htdocs/vns-bodypaint/upload/.thumbs/images/service/service-6.jpg' -> '/Volumes/Ryan SSD/htdocs/vns-bodypaint/upload/.thumbs/images/service/service-6.jpg'
2016-08-18 14:38:47: Copy New '/Volumes/RyanWork/htdocs/vns-bodypaint/upload/images/service/certification-1.png' -> '/Volumes/Ryan SSD/htdocs/vns-bodypaint/upload/images/service/certification-1.png'
2016-08-18 14:38:47: Copy New '/Volumes/RyanWork/htdocs/vns-bodypaint/upload/images/service/certification-2.png' -> '/Volumes/Ryan SSD/htdocs/vns-bodypaint/upload/images/service/certification-2.png'
2016-08-18 14:38:47: Copy New '/Volumes/RyanWork/htdocs/vns-bodypaint/upload/images/service/certification-3.png' -> '/Volumes/Ryan SSD/htdocs/vns-bodypaint/upload/images/service/certification-3.png'
2016-08-18 14:38:47: Copy New '/Volumes/RyanWork/htdocs/vns-bodypaint/upload/images/service/certification-4.png' -> '/Volumes/Ryan SSD/htdocs/vns-bodypaint/upload/images/service/certification-4.png'
2016-08-18 14:38:47: Copy New '/Volumes/RyanWork/htdocs/vns-bodypaint/upload/images/service/service-1.jpg' -> '/Volumes/Ryan SSD/htdocs/vns-bodypaint/upload/images/service/service-1.jpg'
2016-08-18 14:38:47: Copy New '/Volumes/RyanWork/htdocs/vns-bodypaint/upload/images/service/service-2.jpg' -> '/Volumes/Ryan SSD/htdocs/vns-bodypaint/upload/images/service/service-2.jpg'
2016-08-18 14:38:47: Copy New '/Volumes/RyanWork/htdocs/vns-bodypaint/upload/images/service/service-3.jpg' -> '/Volumes/Ryan SSD/htdocs/vns-bodypaint/upload/images/service/service-3.jpg'
2016-08-18 14:38:47: Copy New '/Volumes/RyanWork/htdocs/vns-bodypaint/upload/images/service/service-4.jpg' -> '/Volumes/Ryan SSD/htdocs/vns-bodypaint/upload/images/service/service-4.jpg'
2016-08-18 14:38:47: Copy New '/Volumes/RyanWork/htdocs/vns-bodypaint/upload/images/service/service-5.jpg' -> '/Volumes/Ryan SSD/htdocs/vns-bodypaint/upload/images/service/service-5.jpg'
2016-08-18 14:38:47: Copy New '/Volumes/RyanWork/htdocs/vns-bodypaint/upload/images/service/service-6.jpg' -> '/Volumes/Ryan SSD/htdocs/vns-bodypaint/upload/images/service/service-6.jpg'
2016-08-18 14:38:47: Copy New '/Volumes/RyanWork/htdocs/vns-bodypaint/upload/user/booking/1471348752-9vEspoIdAhCDfReF.jpg' -> '/Volumes/Ryan SSD/htdocs/vns-bodypaint/upload/user/booking/1471348752-9vEspoIdAhCDfReF.jpg'
2016-08-18 14:38:47: Copy New '/Volumes/RyanWork/htdocs/vns-bodypaint/upload/user/booking/1471348752-JlHmfGb4LXnsu1IE.jpg' -> '/Volumes/Ryan SSD/htdocs/vns-bodypaint/upload/user/booking/1471348752-JlHmfGb4LXnsu1IE.jpg'
2016-08-18 14:38:47: Copy New '/Volumes/RyanWork/htdocs/vns-bodypaint/upload/user/booking/1471349154-Fk025b9GcXuJzyxf.jpg' -> '/Volumes/Ryan SSD/htdocs/vns-bodypaint/upload/user/booking/1471349154-Fk025b9GcXuJzyxf.jpg'
2016-08-18 14:38:47: Copy New '/Volumes/RyanWork/htdocs/vns-bodypaint/upload/user/booking/1471349737-DqsGSMAla1xbu6O2.jpg' -> '/Volumes/Ryan SSD/htdocs/vns-bodypaint/upload/user/booking/1471349737-DqsGSMAla1xbu6O2.jpg'
2016-08-18 14:38:47: Copy New '/Volumes/RyanWork/htdocs/vns-bodypaint/upload/user/booking/1471493886-R86dSz4ExIZD9tqm.jpg' -> '/Volumes/Ryan SSD/htdocs/vns-bodypaint/upload/user/booking/1471493886-R86dSz4ExIZD9tqm.jpg'
2016-08-18 14:38:47: Copy New '/Volumes/RyanWork/htdocs/vns-bodypaint/upload/user/booking/1471505349-93MtsVoz2jmkHeAP.jpg' -> '/Volumes/Ryan SSD/htdocs/vns-bodypaint/upload/user/booking/1471505349-93MtsVoz2jmkHeAP.jpg'
2016-08-18 14:38:47: Copy New '/Volumes/RyanWork/htdocs/vns-bodypaint/upload/user/booking/1471505349-nrmxsa1zdtYK9wIb.jpg' -> '/Volumes/Ryan SSD/htdocs/vns-bodypaint/upload/user/booking/1471505349-nrmxsa1zdtYK9wIb.jpg'
2016-08-18 14:38:47: Copy New '/Volumes/RyanWork/htdocs/vns-bodypaint/upload/user/temps/1471348752-9vEspoIdAhCDfReF.jpg' -> '/Volumes/Ryan SSD/htdocs/vns-bodypaint/upload/user/temps/1471348752-9vEspoIdAhCDfReF.jpg'
2016-08-18 14:38:47: Copy New '/Volumes/RyanWork/htdocs/vns-bodypaint/upload/user/temps/1471348752-JlHmfGb4LXnsu1IE.jpg' -> '/Volumes/Ryan SSD/htdocs/vns-bodypaint/upload/user/temps/1471348752-JlHmfGb4LXnsu1IE.jpg'
2016-08-18 14:38:47: Copy New '/Volumes/RyanWork/htdocs/vns-bodypaint/upload/user/temps/1471349154-Fk025b9GcXuJzyxf.jpg' -> '/Volumes/Ryan SSD/htdocs/vns-bodypaint/upload/user/temps/1471349154-Fk025b9GcXuJzyxf.jpg'
2016-08-18 14:38:47: Copy New '/Volumes/RyanWork/htdocs/vns-bodypaint/upload/user/temps/1471349467-a3OBPYji8gZkdehA.jpg' -> '/Volumes/Ryan SSD/htdocs/vns-bodypaint/upload/user/temps/1471349467-a3OBPYji8gZkdehA.jpg'
2016-08-18 14:38:47: Copy New '/Volumes/RyanWork/htdocs/vns-bodypaint/upload/user/temps/1471349581-NSOPu0lwi3dcUtgE.jpg' -> '/Volumes/Ryan SSD/htdocs/vns-bodypaint/upload/user/temps/1471349581-NSOPu0lwi3dcUtgE.jpg'
2016-08-18 14:38:47: Copy New '/Volumes/RyanWork/htdocs/vns-bodypaint/upload/user/temps/1471349737-DqsGSMAla1xbu6O2.jpg' -> '/Volumes/Ryan SSD/htdocs/vns-bodypaint/upload/user/temps/1471349737-DqsGSMAla1xbu6O2.jpg'
2016-08-18 14:38:47: Copy New '/Volumes/RyanWork/htdocs/vns-bodypaint/upload/user/temps/1471493498-ACBfoDX07hGUvZyx.jpg' -> '/Volumes/Ryan SSD/htdocs/vns-bodypaint/upload/user/temps/1471493498-ACBfoDX07hGUvZyx.jpg'
2016-08-18 14:38:47: Copy New '/Volumes/RyanWork/htdocs/vns-bodypaint/upload/user/temps/1471493604-SrhgnMdy43pCkRLN.jpg' -> '/Volumes/Ryan SSD/htdocs/vns-bodypaint/upload/user/temps/1471493604-SrhgnMdy43pCkRLN.jpg'
2016-08-18 14:38:47: Copy New '/Volumes/RyanWork/htdocs/vns-bodypaint/upload/user/temps/1471493886-R86dSz4ExIZD9tqm.jpg' -> '/Volumes/Ryan SSD/htdocs/vns-bodypaint/upload/user/temps/1471493886-R86dSz4ExIZD9tqm.jpg'
2016-08-18 14:38:47: Copy New '/Volumes/RyanWork/htdocs/vns-bodypaint/upload/user/temps/1471505349-93MtsVoz2jmkHeAP.jpg' -> '/Volumes/Ryan SSD/htdocs/vns-bodypaint/upload/user/temps/1471505349-93MtsVoz2jmkHeAP.jpg'
2016-08-18 14:38:47: Copy New '/Volumes/RyanWork/htdocs/vns-bodypaint/upload/user/temps/1471505349-nrmxsa1zdtYK9wIb.jpg' -> '/Volumes/Ryan SSD/htdocs/vns-bodypaint/upload/user/temps/1471505349-nrmxsa1zdtYK9wIb.jpg'
2016-08-18 14:38:48: == Sync Complete. Time: 00:00:02, Speed: 1.7 MB/s, OK: 89, Errors: 0
2016-08-18 14:38:48: 
