2016-08-04 13:25:50: -- Analysis Started by User
2016-08-04 13:25:51: Changes: 13, Conflicts: 0, CopyTime: 0, CopyState: 0/0, Errors: 0, All: 4163
2016-08-04 13:25:51: Left to Right: Copy File: 13 
2016-08-04 13:25:51: -- Analysis Complete. Time 00:00:01, Speed: 4124 files/s
2016-08-04 13:25:51: 
2016-08-04 13:25:52: == Sync Started by User
2016-08-04 13:25:52: Create Folder '/Volumes/Ryan SSD/htdocs/vns-bodypaint/upload/.thumbs/images/banner/position-1'
2016-08-04 13:25:52: Copy Over '/Volumes/RyanWork/htdocs/vns-bodypaint/application/controllers/backend/Category.php' -> '/Volumes/Ryan SSD/htdocs/vns-bodypaint/application/controllers/backend/Category.php'
2016-08-04 13:25:52: Copy Over '/Volumes/RyanWork/htdocs/vns-bodypaint/application/controllers/backend/Service.php' -> '/Volumes/Ryan SSD/htdocs/vns-bodypaint/application/controllers/backend/Service.php'
2016-08-04 13:25:52: Copy Over '/Volumes/RyanWork/htdocs/vns-bodypaint/application/models/Service_model.php' -> '/Volumes/Ryan SSD/htdocs/vns-bodypaint/application/models/Service_model.php'
2016-08-04 13:25:52: Copy Over '/Volumes/RyanWork/htdocs/vns-bodypaint/application/views/backend/service/add.php' -> '/Volumes/Ryan SSD/htdocs/vns-bodypaint/application/views/backend/service/add.php'
2016-08-04 13:25:52: Copy Over '/Volumes/RyanWork/htdocs/vns-bodypaint/assets/backend/js/script-min.js' -> '/Volumes/Ryan SSD/htdocs/vns-bodypaint/assets/backend/js/script-min.js'
2016-08-04 13:25:52: Copy Over '/Volumes/RyanWork/htdocs/vns-bodypaint/assets/backend/js/script.js' -> '/Volumes/Ryan SSD/htdocs/vns-bodypaint/assets/backend/js/script.js'
2016-08-04 13:25:52: Copy Over '/Volumes/RyanWork/htdocs/vns-bodypaint/assets/config.codekit' -> '/Volumes/Ryan SSD/htdocs/vns-bodypaint/assets/config.codekit'
2016-08-04 13:25:52: Copy New '/Volumes/RyanWork/htdocs/vns-bodypaint/upload/.thumbs/images/banner/position-1/1.jpg' -> '/Volumes/Ryan SSD/htdocs/vns-bodypaint/upload/.thumbs/images/banner/position-1/1.jpg'
2016-08-04 13:25:52: Copy New '/Volumes/RyanWork/htdocs/vns-bodypaint/upload/.thumbs/images/banner/position-1/2.jpg' -> '/Volumes/Ryan SSD/htdocs/vns-bodypaint/upload/.thumbs/images/banner/position-1/2.jpg'
2016-08-04 13:25:52: Copy New '/Volumes/RyanWork/htdocs/vns-bodypaint/upload/.thumbs/images/banner/position-1/3.jpg' -> '/Volumes/Ryan SSD/htdocs/vns-bodypaint/upload/.thumbs/images/banner/position-1/3.jpg'
2016-08-04 13:25:52: Copy New '/Volumes/RyanWork/htdocs/vns-bodypaint/upload/.thumbs/images/banner/position-1/4.jpg' -> '/Volumes/Ryan SSD/htdocs/vns-bodypaint/upload/.thumbs/images/banner/position-1/4.jpg'
2016-08-04 13:25:52: Copy New '/Volumes/RyanWork/htdocs/vns-bodypaint/upload/.thumbs/images/banner/position-1/5.jpg' -> '/Volumes/Ryan SSD/htdocs/vns-bodypaint/upload/.thumbs/images/banner/position-1/5.jpg'
2016-08-04 13:25:52: == Sync Complete. Time: 00:00:00, Speed: 0.0/s, OK: 13, Errors: 0
2016-08-04 13:25:52: 
