2016-08-23 15:47:25: -- Analysis Started by User
2016-08-23 15:47:32: Changes: 21, Conflicts: 0, CopyTime: 0, CopyState: 0/0, Errors: 0, All: 9067
2016-08-23 15:47:32: Left to Right: Copy File: 21 
2016-08-23 15:47:32: -- Analysis Complete. Time 00:00:07, Speed: 1245 files/s
2016-08-23 15:47:32: 
2016-08-23 15:47:33: == Sync Started by User
2016-08-23 15:47:33: Create Folder '/Volumes/Ryan SSD/htdocs/vns-bodypaint/upload/.thumbs/images/banner/mobile/position-2'
2016-08-23 15:47:33: Create Folder '/Volumes/Ryan SSD/htdocs/vns-bodypaint/upload/images/banner/mobile/position-2'
2016-08-23 15:47:33: Copy Over '/Volumes/RyanWork/htdocs/vns-bodypaint/application/controllers/frontend/Home.php' -> '/Volumes/Ryan SSD/htdocs/vns-bodypaint/application/controllers/frontend/Home.php'
2016-08-23 15:47:33: Copy Over '/Volumes/RyanWork/htdocs/vns-bodypaint/application/models/Banner_model.php' -> '/Volumes/Ryan SSD/htdocs/vns-bodypaint/application/models/Banner_model.php'
2016-08-23 15:47:33: Copy Over '/Volumes/RyanWork/htdocs/vns-bodypaint/application/views/frontend/home.php' -> '/Volumes/Ryan SSD/htdocs/vns-bodypaint/application/views/frontend/home.php'
2016-08-23 15:47:33: Copy Over '/Volumes/RyanWork/htdocs/vns-bodypaint/application/views/frontend/includes/contactBox.php' -> '/Volumes/Ryan SSD/htdocs/vns-bodypaint/application/views/frontend/includes/contactBox.php'
2016-08-23 15:47:33: Copy Over '/Volumes/RyanWork/htdocs/vns-bodypaint/application/views/frontend/includes/footer.php' -> '/Volumes/Ryan SSD/htdocs/vns-bodypaint/application/views/frontend/includes/footer.php'
2016-08-23 15:47:33: Copy Over '/Volumes/RyanWork/htdocs/vns-bodypaint/application/views/frontend/template.php' -> '/Volumes/Ryan SSD/htdocs/vns-bodypaint/application/views/frontend/template.php'
2016-08-23 15:47:33: Copy Over '/Volumes/RyanWork/htdocs/vns-bodypaint/assets/config.codekit' -> '/Volumes/Ryan SSD/htdocs/vns-bodypaint/assets/config.codekit'
2016-08-23 15:47:33: Copy Over '/Volumes/RyanWork/htdocs/vns-bodypaint/assets/frontend/css/.sass-cache/b5b34955c50fa58f22076aadfa317619607136b2/style.scssc' -> '/Volumes/Ryan SSD/htdocs/vns-bodypaint/assets/frontend/css/.sass-cache/b5b34955c50fa58f22076aadfa317619607136b2/style.scssc'
2016-08-23 15:47:33: Copy Over '/Volumes/RyanWork/htdocs/vns-bodypaint/assets/frontend/css/style-min.css' -> '/Volumes/Ryan SSD/htdocs/vns-bodypaint/assets/frontend/css/style-min.css'
2016-08-23 15:47:33: Copy Over '/Volumes/RyanWork/htdocs/vns-bodypaint/assets/frontend/css/style.scss' -> '/Volumes/Ryan SSD/htdocs/vns-bodypaint/assets/frontend/css/style.scss'
2016-08-23 15:47:33: Copy New '/Volumes/RyanWork/htdocs/vns-bodypaint/assets/frontend/images/mobile/bg-contact.jpg' -> '/Volumes/Ryan SSD/htdocs/vns-bodypaint/assets/frontend/images/mobile/bg-contact.jpg'
2016-08-23 15:47:33: Copy Over '/Volumes/RyanWork/htdocs/vns-bodypaint/assets/frontend/js/script-min.js' -> '/Volumes/Ryan SSD/htdocs/vns-bodypaint/assets/frontend/js/script-min.js'
2016-08-23 15:47:33: Copy Over '/Volumes/RyanWork/htdocs/vns-bodypaint/assets/frontend/js/script.js' -> '/Volumes/Ryan SSD/htdocs/vns-bodypaint/assets/frontend/js/script.js'
2016-08-23 15:47:33: Copy New '/Volumes/RyanWork/htdocs/vns-bodypaint/upload/.thumbs/images/banner/mobile/position-2/1.jpg' -> '/Volumes/Ryan SSD/htdocs/vns-bodypaint/upload/.thumbs/images/banner/mobile/position-2/1.jpg'
2016-08-23 15:47:33: Copy New '/Volumes/RyanWork/htdocs/vns-bodypaint/upload/.thumbs/images/banner/mobile/server-dichvu-en.jpg' -> '/Volumes/Ryan SSD/htdocs/vns-bodypaint/upload/.thumbs/images/banner/mobile/server-dichvu-en.jpg'
2016-08-23 15:47:33: Copy New '/Volumes/RyanWork/htdocs/vns-bodypaint/upload/.thumbs/images/banner/mobile/server-dichvu.jpg' -> '/Volumes/Ryan SSD/htdocs/vns-bodypaint/upload/.thumbs/images/banner/mobile/server-dichvu.jpg'
2016-08-23 15:47:33: Copy New '/Volumes/RyanWork/htdocs/vns-bodypaint/upload/images/banner/mobile/position-2/1.jpg' -> '/Volumes/Ryan SSD/htdocs/vns-bodypaint/upload/images/banner/mobile/position-2/1.jpg'
2016-08-23 15:47:33: Copy New '/Volumes/RyanWork/htdocs/vns-bodypaint/upload/images/banner/mobile/server-dichvu-en.jpg' -> '/Volumes/Ryan SSD/htdocs/vns-bodypaint/upload/images/banner/mobile/server-dichvu-en.jpg'
2016-08-23 15:47:34: Copy New '/Volumes/RyanWork/htdocs/vns-bodypaint/upload/images/banner/mobile/server-dichvu.jpg' -> '/Volumes/Ryan SSD/htdocs/vns-bodypaint/upload/images/banner/mobile/server-dichvu.jpg'
2016-08-23 15:47:34: == Sync Complete. Time: 00:00:01, Speed: 1.1 MB/s, OK: 21, Errors: 0
2016-08-23 15:47:34: 
