2016-08-04 17:05:04: -- Analysis Started by User
2016-08-04 17:05:04: Changes: 14, Conflicts: 0, CopyTime: 0, CopyState: 0/0, Errors: 0, All: 4168
2016-08-04 17:05:04: Left to Right: Copy File: 14 
2016-08-04 17:05:04: -- Analysis Complete. Time 00:00:00, Speed: Many files/s
2016-08-04 17:05:04: 
2016-08-04 17:05:05: == Sync Started by User
2016-08-04 17:05:05: Copy Over '/Volumes/RyanWork/htdocs/vns-bodypaint/application/config/routes.php' -> '/Volumes/Ryan SSD/htdocs/vns-bodypaint/application/config/routes.php'
2016-08-04 17:05:05: Copy Over '/Volumes/RyanWork/htdocs/vns-bodypaint/application/controllers/backend/Service.php' -> '/Volumes/Ryan SSD/htdocs/vns-bodypaint/application/controllers/backend/Service.php'
2016-08-04 17:05:05: Copy Over '/Volumes/RyanWork/htdocs/vns-bodypaint/application/models/Service_model.php' -> '/Volumes/Ryan SSD/htdocs/vns-bodypaint/application/models/Service_model.php'
2016-08-04 17:05:05: Copy Over '/Volumes/RyanWork/htdocs/vns-bodypaint/application/views/backend/service/add.php' -> '/Volumes/Ryan SSD/htdocs/vns-bodypaint/application/views/backend/service/add.php'
2016-08-04 17:05:05: Copy Over '/Volumes/RyanWork/htdocs/vns-bodypaint/application/views/backend/service/edit.php' -> '/Volumes/Ryan SSD/htdocs/vns-bodypaint/application/views/backend/service/edit.php'
2016-08-04 17:05:05: Copy Over '/Volumes/RyanWork/htdocs/vns-bodypaint/assets/backend/css/style-min.css' -> '/Volumes/Ryan SSD/htdocs/vns-bodypaint/assets/backend/css/style-min.css'
2016-08-04 17:05:05: Copy Over '/Volumes/RyanWork/htdocs/vns-bodypaint/assets/backend/css/style.scss' -> '/Volumes/Ryan SSD/htdocs/vns-bodypaint/assets/backend/css/style.scss'
2016-08-04 17:05:05: Copy Over '/Volumes/RyanWork/htdocs/vns-bodypaint/assets/backend/js/script-min.js' -> '/Volumes/Ryan SSD/htdocs/vns-bodypaint/assets/backend/js/script-min.js'
2016-08-04 17:05:05: Copy Over '/Volumes/RyanWork/htdocs/vns-bodypaint/assets/backend/js/script.js' -> '/Volumes/Ryan SSD/htdocs/vns-bodypaint/assets/backend/js/script.js'
2016-08-04 17:05:05: Copy Over '/Volumes/RyanWork/htdocs/vns-bodypaint/assets/config.codekit' -> '/Volumes/Ryan SSD/htdocs/vns-bodypaint/assets/config.codekit'
2016-08-04 17:05:05: Copy New '/Volumes/RyanWork/htdocs/vns-bodypaint/captcha/1470304300.79.jpg' -> '/Volumes/Ryan SSD/htdocs/vns-bodypaint/captcha/1470304300.79.jpg'
2016-08-04 17:05:05: Copy New '/Volumes/RyanWork/htdocs/vns-bodypaint/captcha/1470304300.81.jpg' -> '/Volumes/Ryan SSD/htdocs/vns-bodypaint/captcha/1470304300.81.jpg'
2016-08-04 17:05:05: Copy New '/Volumes/RyanWork/htdocs/vns-bodypaint/captcha/1470304311.16.jpg' -> '/Volumes/Ryan SSD/htdocs/vns-bodypaint/captcha/1470304311.16.jpg'
2016-08-04 17:05:05: Copy New '/Volumes/RyanWork/htdocs/vns-bodypaint/captcha/1470304312.78.jpg' -> '/Volumes/Ryan SSD/htdocs/vns-bodypaint/captcha/1470304312.78.jpg'
2016-08-04 17:05:06: == Sync Complete. Time: 00:00:01, Speed: 0.0/s, OK: 14, Errors: 0
2016-08-04 17:05:06: 
