2016-08-01 15:04:18: -- Analysis Started by User
2016-08-01 15:04:20: Changes: 15, Conflicts: 0, CopyTime: 0, CopyState: 0/0, Errors: 0, All: 4112
2016-08-01 15:04:20: Left to Right: Copy File: 15 
2016-08-01 15:04:20: -- Analysis Complete. Time 00:00:02, Speed: 2039 files/s
2016-08-01 15:04:20: 
2016-08-01 15:04:21: == Sync Started by User
2016-08-01 15:04:21: Copy Over '/Volumes/RyanWork/htdocs/vns-bodypaint/application/config/routes.php' -> '/Volumes/Ryan SSD/htdocs/vns-bodypaint/application/config/routes.php'
2016-08-01 15:04:21: Copy New '/Volumes/RyanWork/htdocs/vns-bodypaint/application/controllers/frontend/Booking.php' -> '/Volumes/Ryan SSD/htdocs/vns-bodypaint/application/controllers/frontend/Booking.php'
2016-08-01 15:04:21: Copy Over '/Volumes/RyanWork/htdocs/vns-bodypaint/application/controllers/frontend/Contact.php' -> '/Volumes/Ryan SSD/htdocs/vns-bodypaint/application/controllers/frontend/Contact.php'
2016-08-01 15:04:21: Copy Over '/Volumes/RyanWork/htdocs/vns-bodypaint/application/controllers/frontend/Service.php' -> '/Volumes/Ryan SSD/htdocs/vns-bodypaint/application/controllers/frontend/Service.php'
2016-08-01 15:04:21: Copy Over '/Volumes/RyanWork/htdocs/vns-bodypaint/application/language/en/root_lang.php' -> '/Volumes/Ryan SSD/htdocs/vns-bodypaint/application/language/en/root_lang.php'
2016-08-01 15:04:21: Copy Over '/Volumes/RyanWork/htdocs/vns-bodypaint/application/language/vn/root_lang.php' -> '/Volumes/Ryan SSD/htdocs/vns-bodypaint/application/language/vn/root_lang.php'
2016-08-01 15:04:21: Copy New '/Volumes/RyanWork/htdocs/vns-bodypaint/application/views/frontend/booking.php' -> '/Volumes/Ryan SSD/htdocs/vns-bodypaint/application/views/frontend/booking.php'
2016-08-01 15:04:21: Copy Over '/Volumes/RyanWork/htdocs/vns-bodypaint/application/views/frontend/contact.php' -> '/Volumes/Ryan SSD/htdocs/vns-bodypaint/application/views/frontend/contact.php'
2016-08-01 15:04:21: Copy Over '/Volumes/RyanWork/htdocs/vns-bodypaint/assets/config.codekit' -> '/Volumes/Ryan SSD/htdocs/vns-bodypaint/assets/config.codekit'
2016-08-01 15:04:21: Copy Over '/Volumes/RyanWork/htdocs/vns-bodypaint/assets/frontend/css/.sass-cache/b5b34955c50fa58f22076aadfa317619607136b2/style.scssc' -> '/Volumes/Ryan SSD/htdocs/vns-bodypaint/assets/frontend/css/.sass-cache/b5b34955c50fa58f22076aadfa317619607136b2/style.scssc'
2016-08-01 15:04:21: Copy Over '/Volumes/RyanWork/htdocs/vns-bodypaint/assets/frontend/css/style-min.css' -> '/Volumes/Ryan SSD/htdocs/vns-bodypaint/assets/frontend/css/style-min.css'
2016-08-01 15:04:21: Copy Over '/Volumes/RyanWork/htdocs/vns-bodypaint/assets/frontend/css/style.scss' -> '/Volumes/Ryan SSD/htdocs/vns-bodypaint/assets/frontend/css/style.scss'
2016-08-01 15:04:21: Copy Over '/Volumes/RyanWork/htdocs/vns-bodypaint/assets/frontend/js/script-min.js' -> '/Volumes/Ryan SSD/htdocs/vns-bodypaint/assets/frontend/js/script-min.js'
2016-08-01 15:04:21: Copy Over '/Volumes/RyanWork/htdocs/vns-bodypaint/assets/frontend/js/script.js' -> '/Volumes/Ryan SSD/htdocs/vns-bodypaint/assets/frontend/js/script.js'
2016-08-01 15:04:21: Copy New '/Volumes/RyanWork/htdocs/vns-bodypaint/upload/images/banner/booking.jpg' -> '/Volumes/Ryan SSD/htdocs/vns-bodypaint/upload/images/banner/booking.jpg'
2016-08-01 15:04:21: == Sync Complete. Time: 00:00:00, Speed: 0.0/s, OK: 15, Errors: 0
2016-08-01 15:04:21: 
