2016-08-01 09:37:53: -- Analysis Started by User
2016-08-01 09:37:55: Changes: 162, Conflicts: 0, CopyTime: 0, CopyState: 0/0, Errors: 0, All: 4109
2016-08-01 09:37:55: Left to Right: Copy File: 128 Delete File: 32 Rename/Move File/Folder: 2 
2016-08-01 09:37:55: -- Analysis Complete. Time 00:00:02, Speed: 2054 files/s
2016-08-01 09:37:55: 
2016-08-01 09:38:11: == Sync Started by User
2016-08-01 09:38:11: Delete File '/Volumes/Ryan SSD/htdocs/vns-bodypaint/application/language/english/root_lang.php'
2016-08-01 09:38:11: Delete File '/Volumes/Ryan SSD/htdocs/vns-bodypaint/application/language/vietnamese/root_lang.php'
2016-08-01 09:38:11: Delete Folder '/Volumes/Ryan SSD/htdocs/vns-bodypaint/application/language/vietnamese'
2016-08-01 09:38:11: Delete File '/Volumes/Ryan SSD/htdocs/vns-bodypaint/fonts/fontAwesome/fontAwesome.eot'
2016-08-01 09:38:11: Delete File '/Volumes/Ryan SSD/htdocs/vns-bodypaint/fonts/fontAwesome/fontAwesome.otf'
2016-08-01 09:38:11: Delete File '/Volumes/Ryan SSD/htdocs/vns-bodypaint/fonts/fontAwesome/fontAwesome.svg'
2016-08-01 09:38:11: Delete File '/Volumes/Ryan SSD/htdocs/vns-bodypaint/fonts/fontAwesome/fontAwesome.ttf'
2016-08-01 09:38:11: Delete File '/Volumes/Ryan SSD/htdocs/vns-bodypaint/fonts/fontAwesome/fontAwesome.woff'
2016-08-01 09:38:11: Delete File '/Volumes/Ryan SSD/htdocs/vns-bodypaint/fonts/fontAwesome/fontAwesome.woff2'
2016-08-01 09:38:11: Delete Folder '/Volumes/Ryan SSD/htdocs/vns-bodypaint/fonts/fontAwesome'
2016-08-01 09:38:11: Delete File '/Volumes/Ryan SSD/htdocs/vns-bodypaint/fonts/UTMNeoSansIntel/UTMNeoSansIntel.eot'
2016-08-01 09:38:11: Delete File '/Volumes/Ryan SSD/htdocs/vns-bodypaint/fonts/UTMNeoSansIntel/UTMNeoSansIntel.otf'
2016-08-01 09:38:11: Delete File '/Volumes/Ryan SSD/htdocs/vns-bodypaint/fonts/UTMNeoSansIntel/UTMNeoSansIntel.svg'
2016-08-01 09:38:11: Delete File '/Volumes/Ryan SSD/htdocs/vns-bodypaint/fonts/UTMNeoSansIntel/UTMNeoSansIntel.ttf'
2016-08-01 09:38:11: Delete File '/Volumes/Ryan SSD/htdocs/vns-bodypaint/fonts/UTMNeoSansIntel/UTMNeoSansIntel.woff'
2016-08-01 09:38:11: Delete File '/Volumes/Ryan SSD/htdocs/vns-bodypaint/fonts/UTMNeoSansIntel/UTMNeoSansIntelBold.eot'
2016-08-01 09:38:11: Delete File '/Volumes/Ryan SSD/htdocs/vns-bodypaint/fonts/UTMNeoSansIntel/UTMNeoSansIntelBold.otf'
2016-08-01 09:38:11: Delete File '/Volumes/Ryan SSD/htdocs/vns-bodypaint/fonts/UTMNeoSansIntel/UTMNeoSansIntelBold.svg'
2016-08-01 09:38:11: Delete File '/Volumes/Ryan SSD/htdocs/vns-bodypaint/fonts/UTMNeoSansIntel/UTMNeoSansIntelBold.ttf'
2016-08-01 09:38:11: Delete File '/Volumes/Ryan SSD/htdocs/vns-bodypaint/fonts/UTMNeoSansIntel/UTMNeoSansIntelBold.woff'
2016-08-01 09:38:11: Delete File '/Volumes/Ryan SSD/htdocs/vns-bodypaint/fonts/UTMNeoSansIntel/UTMNeoSansIntelBoldItalic.eot'
2016-08-01 09:38:11: Delete File '/Volumes/Ryan SSD/htdocs/vns-bodypaint/fonts/UTMNeoSansIntel/UTMNeoSansIntelBoldItalic.otf'
2016-08-01 09:38:11: Delete File '/Volumes/Ryan SSD/htdocs/vns-bodypaint/fonts/UTMNeoSansIntel/UTMNeoSansIntelBoldItalic.svg'
2016-08-01 09:38:11: Delete File '/Volumes/Ryan SSD/htdocs/vns-bodypaint/fonts/UTMNeoSansIntel/UTMNeoSansIntelBoldItalic.ttf'
2016-08-01 09:38:11: Delete File '/Volumes/Ryan SSD/htdocs/vns-bodypaint/fonts/UTMNeoSansIntel/UTMNeoSansIntelBoldItalic.woff'
2016-08-01 09:38:11: Delete File '/Volumes/Ryan SSD/htdocs/vns-bodypaint/fonts/UTMNeoSansIntel/UTMNeoSansIntelItalic.eot'
2016-08-01 09:38:11: Delete File '/Volumes/Ryan SSD/htdocs/vns-bodypaint/fonts/UTMNeoSansIntel/UTMNeoSansIntelItalic.otf'
2016-08-01 09:38:11: Delete File '/Volumes/Ryan SSD/htdocs/vns-bodypaint/fonts/UTMNeoSansIntel/UTMNeoSansIntelItalic.svg'
2016-08-01 09:38:11: Delete File '/Volumes/Ryan SSD/htdocs/vns-bodypaint/fonts/UTMNeoSansIntel/UTMNeoSansIntelItalic.ttf'
2016-08-01 09:38:11: Delete File '/Volumes/Ryan SSD/htdocs/vns-bodypaint/fonts/UTMNeoSansIntel/UTMNeoSansIntelItalic.woff'
2016-08-01 09:38:11: Delete Folder '/Volumes/Ryan SSD/htdocs/vns-bodypaint/fonts/UTMNeoSansIntel'
2016-08-01 09:38:11: Create Folder '/Volumes/Ryan SSD/htdocs/vns-bodypaint/application/language/en'
2016-08-01 09:38:11: Create Folder '/Volumes/Ryan SSD/htdocs/vns-bodypaint/application/language/vn'
2016-08-01 09:38:11: Create Folder '/Volumes/Ryan SSD/htdocs/vns-bodypaint/fonts/Roboto'
2016-08-01 09:38:11: Create Folder '/Volumes/Ryan SSD/htdocs/vns-bodypaint/fonts/UniSans'
2016-08-01 09:38:11: Create Folder '/Volumes/Ryan SSD/htdocs/vns-bodypaint/library/circletype'
2016-08-01 09:38:11: Create Folder '/Volumes/Ryan SSD/htdocs/vns-bodypaint/library/circletype/css'
2016-08-01 09:38:11: Create Folder '/Volumes/Ryan SSD/htdocs/vns-bodypaint/library/circletype/js'
2016-08-01 09:38:11: Create Folder '/Volumes/Ryan SSD/htdocs/vns-bodypaint/library/circletype/js/vendor'
2016-08-01 09:38:11: Create Folder '/Volumes/Ryan SSD/htdocs/vns-bodypaint/library/font-awesome'
2016-08-01 09:38:11: Create Folder '/Volumes/Ryan SSD/htdocs/vns-bodypaint/library/font-awesome/css'
2016-08-01 09:38:11: Create Folder '/Volumes/Ryan SSD/htdocs/vns-bodypaint/library/font-awesome/fonts'
2016-08-01 09:38:11: Create Folder '/Volumes/Ryan SSD/htdocs/vns-bodypaint/library/font-awesome/less'
2016-08-01 09:38:11: Create Folder '/Volumes/Ryan SSD/htdocs/vns-bodypaint/library/font-awesome/scss'
2016-08-01 09:38:11: Create Folder '/Volumes/Ryan SSD/htdocs/vns-bodypaint/upload/images/gallery'
2016-08-01 09:38:11: Create Folder '/Volumes/Ryan SSD/htdocs/vns-bodypaint/upload/images/gallery/after'
2016-08-01 09:38:11: Create Folder '/Volumes/Ryan SSD/htdocs/vns-bodypaint/upload/images/gallery/before'
2016-08-01 09:38:11: Create Folder '/Volumes/Ryan SSD/htdocs/vns-bodypaint/upload/images/gallery/event'
2016-08-01 09:38:11: Create Folder '/Volumes/Ryan SSD/htdocs/vns-bodypaint/upload/images/temp'
2016-08-01 09:38:11: Copy Over '/Volumes/RyanWork/htdocs/vns-bodypaint/application/config/hooks.php' -> '/Volumes/Ryan SSD/htdocs/vns-bodypaint/application/config/hooks.php'
2016-08-01 09:38:11: Copy Over '/Volumes/RyanWork/htdocs/vns-bodypaint/application/config/routes.php' -> '/Volumes/Ryan SSD/htdocs/vns-bodypaint/application/config/routes.php'
2016-08-01 09:38:11: Copy New '/Volumes/RyanWork/htdocs/vns-bodypaint/application/controllers/frontend/Contact.php' -> '/Volumes/Ryan SSD/htdocs/vns-bodypaint/application/controllers/frontend/Contact.php'
2016-08-01 09:38:11: Copy Over '/Volumes/RyanWork/htdocs/vns-bodypaint/application/controllers/frontend/Home.php' -> '/Volumes/Ryan SSD/htdocs/vns-bodypaint/application/controllers/frontend/Home.php'
2016-08-01 09:38:11: Copy Over '/Volumes/RyanWork/htdocs/vns-bodypaint/application/controllers/frontend/Root.php' -> '/Volumes/Ryan SSD/htdocs/vns-bodypaint/application/controllers/frontend/Root.php'
2016-08-01 09:38:11: Copy New '/Volumes/RyanWork/htdocs/vns-bodypaint/application/controllers/frontend/Service.php' -> '/Volumes/Ryan SSD/htdocs/vns-bodypaint/application/controllers/frontend/Service.php'
2016-08-01 09:38:11: Copy Over '/Volumes/RyanWork/htdocs/vns-bodypaint/application/controllers/LanguageSwitcher.php' -> '/Volumes/Ryan SSD/htdocs/vns-bodypaint/application/controllers/LanguageSwitcher.php'
2016-08-01 09:38:11: Copy New '/Volumes/RyanWork/htdocs/vns-bodypaint/application/language/en/root_lang.php' -> '/Volumes/Ryan SSD/htdocs/vns-bodypaint/application/language/en/root_lang.php'
2016-08-01 09:38:11: Move File /Volumes/Ryan SSD/htdocs/vns-bodypaint/application/language/english/index.html -> /Volumes/Ryan SSD/htdocs/vns-bodypaint/application/language/en/index.html
2016-08-01 09:38:11: Delete Folder '/Volumes/Ryan SSD/htdocs/vns-bodypaint/application/language/english'
2016-08-01 09:38:11: Copy New '/Volumes/RyanWork/htdocs/vns-bodypaint/application/language/vn/root_lang.php' -> '/Volumes/Ryan SSD/htdocs/vns-bodypaint/application/language/vn/root_lang.php'
2016-08-01 09:38:11: Copy New '/Volumes/RyanWork/htdocs/vns-bodypaint/application/views/frontend/contact.php' -> '/Volumes/Ryan SSD/htdocs/vns-bodypaint/application/views/frontend/contact.php'
2016-08-01 09:38:11: Copy Over '/Volumes/RyanWork/htdocs/vns-bodypaint/application/views/frontend/home.php' -> '/Volumes/Ryan SSD/htdocs/vns-bodypaint/application/views/frontend/home.php'
2016-08-01 09:38:11: Copy New '/Volumes/RyanWork/htdocs/vns-bodypaint/application/views/frontend/includes/contactBox.php' -> '/Volumes/Ryan SSD/htdocs/vns-bodypaint/application/views/frontend/includes/contactBox.php'
2016-08-01 09:38:11: Copy Over '/Volumes/RyanWork/htdocs/vns-bodypaint/application/views/frontend/includes/footer.php' -> '/Volumes/Ryan SSD/htdocs/vns-bodypaint/application/views/frontend/includes/footer.php'
2016-08-01 09:38:11: Copy Over '/Volumes/RyanWork/htdocs/vns-bodypaint/application/views/frontend/includes/navigation.php' -> '/Volumes/Ryan SSD/htdocs/vns-bodypaint/application/views/frontend/includes/navigation.php'
2016-08-01 09:38:11: Copy Over '/Volumes/RyanWork/htdocs/vns-bodypaint/application/views/frontend/includes/popup.php' -> '/Volumes/Ryan SSD/htdocs/vns-bodypaint/application/views/frontend/includes/popup.php'
2016-08-01 09:38:11: Copy New '/Volumes/RyanWork/htdocs/vns-bodypaint/application/views/frontend/service.php' -> '/Volumes/Ryan SSD/htdocs/vns-bodypaint/application/views/frontend/service.php'
2016-08-01 09:38:11: Copy Over '/Volumes/RyanWork/htdocs/vns-bodypaint/application/views/frontend/template.php' -> '/Volumes/Ryan SSD/htdocs/vns-bodypaint/application/views/frontend/template.php'
2016-08-01 09:38:11: Copy New '/Volumes/RyanWork/htdocs/vns-bodypaint/assets/common/js/jquery.easing.1.3.js' -> '/Volumes/Ryan SSD/htdocs/vns-bodypaint/assets/common/js/jquery.easing.1.3.js'
2016-08-01 09:38:11: Copy New '/Volumes/RyanWork/htdocs/vns-bodypaint/assets/common/js/jquery.easing.min.js' -> '/Volumes/Ryan SSD/htdocs/vns-bodypaint/assets/common/js/jquery.easing.min.js'
2016-08-01 09:38:11: Copy New '/Volumes/RyanWork/htdocs/vns-bodypaint/assets/common/js/jquery.lavalamp-min.js' -> '/Volumes/Ryan SSD/htdocs/vns-bodypaint/assets/common/js/jquery.lavalamp-min.js'
2016-08-01 09:38:11: Copy New '/Volumes/RyanWork/htdocs/vns-bodypaint/assets/common/js/jquery.lavalamp.js' -> '/Volumes/Ryan SSD/htdocs/vns-bodypaint/assets/common/js/jquery.lavalamp.js'
2016-08-01 09:38:11: Copy New '/Volumes/RyanWork/htdocs/vns-bodypaint/assets/common/js/jquery.lavalamp.min.js' -> '/Volumes/Ryan SSD/htdocs/vns-bodypaint/assets/common/js/jquery.lavalamp.min.js'
2016-08-01 09:38:11: Copy New '/Volumes/RyanWork/htdocs/vns-bodypaint/assets/common/js/jquery.lettering.js' -> '/Volumes/Ryan SSD/htdocs/vns-bodypaint/assets/common/js/jquery.lettering.js'
2016-08-01 09:38:11: Copy Over '/Volumes/RyanWork/htdocs/vns-bodypaint/assets/common/js/script-min.js' -> '/Volumes/Ryan SSD/htdocs/vns-bodypaint/assets/common/js/script-min.js'
2016-08-01 09:38:11: Copy Over '/Volumes/RyanWork/htdocs/vns-bodypaint/assets/common/js/script.js' -> '/Volumes/Ryan SSD/htdocs/vns-bodypaint/assets/common/js/script.js'
2016-08-01 09:38:11: Copy New '/Volumes/RyanWork/htdocs/vns-bodypaint/assets/common/js/TweenMax.min.js' -> '/Volumes/Ryan SSD/htdocs/vns-bodypaint/assets/common/js/TweenMax.min.js'
2016-08-01 09:38:11: Copy Over '/Volumes/RyanWork/htdocs/vns-bodypaint/assets/config.codekit' -> '/Volumes/Ryan SSD/htdocs/vns-bodypaint/assets/config.codekit'
2016-08-01 09:38:11: Copy Over '/Volumes/RyanWork/htdocs/vns-bodypaint/assets/frontend/css/.sass-cache/b5b34955c50fa58f22076aadfa317619607136b2/style.scssc' -> '/Volumes/Ryan SSD/htdocs/vns-bodypaint/assets/frontend/css/.sass-cache/b5b34955c50fa58f22076aadfa317619607136b2/style.scssc'
2016-08-01 09:38:11: Copy Over '/Volumes/RyanWork/htdocs/vns-bodypaint/assets/frontend/css/style-min.css' -> '/Volumes/Ryan SSD/htdocs/vns-bodypaint/assets/frontend/css/style-min.css'
2016-08-01 09:38:11: Copy Over '/Volumes/RyanWork/htdocs/vns-bodypaint/assets/frontend/css/style.scss' -> '/Volumes/Ryan SSD/htdocs/vns-bodypaint/assets/frontend/css/style.scss'
2016-08-01 09:38:11: Copy New '/Volumes/RyanWork/htdocs/vns-bodypaint/assets/frontend/images/bg-contact.jpg' -> '/Volumes/Ryan SSD/htdocs/vns-bodypaint/assets/frontend/images/bg-contact.jpg'
2016-08-01 09:38:11: Copy New '/Volumes/RyanWork/htdocs/vns-bodypaint/assets/frontend/images/icon-contact.png' -> '/Volumes/Ryan SSD/htdocs/vns-bodypaint/assets/frontend/images/icon-contact.png'
2016-08-01 09:38:11: Copy New '/Volumes/RyanWork/htdocs/vns-bodypaint/assets/frontend/images/icon-en.png' -> '/Volumes/Ryan SSD/htdocs/vns-bodypaint/assets/frontend/images/icon-en.png'
2016-08-01 09:38:11: Copy New '/Volumes/RyanWork/htdocs/vns-bodypaint/assets/frontend/images/icon-home.png' -> '/Volumes/Ryan SSD/htdocs/vns-bodypaint/assets/frontend/images/icon-home.png'
2016-08-01 09:38:11: Copy New '/Volumes/RyanWork/htdocs/vns-bodypaint/assets/frontend/images/icon-next.png' -> '/Volumes/Ryan SSD/htdocs/vns-bodypaint/assets/frontend/images/icon-next.png'
2016-08-01 09:38:11: Copy New '/Volumes/RyanWork/htdocs/vns-bodypaint/assets/frontend/images/icon-prev.png' -> '/Volumes/Ryan SSD/htdocs/vns-bodypaint/assets/frontend/images/icon-prev.png'
2016-08-01 09:38:11: Copy New '/Volumes/RyanWork/htdocs/vns-bodypaint/assets/frontend/images/icon-vn.png' -> '/Volumes/Ryan SSD/htdocs/vns-bodypaint/assets/frontend/images/icon-vn.png'
2016-08-01 09:38:11: Copy New '/Volumes/RyanWork/htdocs/vns-bodypaint/assets/frontend/images/logo-footer.png' -> '/Volumes/Ryan SSD/htdocs/vns-bodypaint/assets/frontend/images/logo-footer.png'
2016-08-01 09:38:11: Copy Over '/Volumes/RyanWork/htdocs/vns-bodypaint/assets/frontend/js/script-min.js' -> '/Volumes/Ryan SSD/htdocs/vns-bodypaint/assets/frontend/js/script-min.js'
2016-08-01 09:38:11: Copy Over '/Volumes/RyanWork/htdocs/vns-bodypaint/assets/frontend/js/script.js' -> '/Volumes/Ryan SSD/htdocs/vns-bodypaint/assets/frontend/js/script.js'
2016-08-01 09:38:11: Copy New '/Volumes/RyanWork/htdocs/vns-bodypaint/fonts/Roboto/RobotoBold.eot' -> '/Volumes/Ryan SSD/htdocs/vns-bodypaint/fonts/Roboto/RobotoBold.eot'
2016-08-01 09:38:11: Copy New '/Volumes/RyanWork/htdocs/vns-bodypaint/fonts/Roboto/RobotoBold.otf' -> '/Volumes/Ryan SSD/htdocs/vns-bodypaint/fonts/Roboto/RobotoBold.otf'
2016-08-01 09:38:12: Copy New '/Volumes/RyanWork/htdocs/vns-bodypaint/fonts/Roboto/RobotoBold.svg' -> '/Volumes/Ryan SSD/htdocs/vns-bodypaint/fonts/Roboto/RobotoBold.svg'
2016-08-01 09:38:12: Copy New '/Volumes/RyanWork/htdocs/vns-bodypaint/fonts/Roboto/RobotoBold.ttf' -> '/Volumes/Ryan SSD/htdocs/vns-bodypaint/fonts/Roboto/RobotoBold.ttf'
2016-08-01 09:38:12: Copy New '/Volumes/RyanWork/htdocs/vns-bodypaint/fonts/Roboto/RobotoBold.woff' -> '/Volumes/Ryan SSD/htdocs/vns-bodypaint/fonts/Roboto/RobotoBold.woff'
2016-08-01 09:38:12: Copy New '/Volumes/RyanWork/htdocs/vns-bodypaint/fonts/UniSans/UniSansBold.eot' -> '/Volumes/Ryan SSD/htdocs/vns-bodypaint/fonts/UniSans/UniSansBold.eot'
2016-08-01 09:38:12: Copy New '/Volumes/RyanWork/htdocs/vns-bodypaint/fonts/UniSans/UniSansBold.otf' -> '/Volumes/Ryan SSD/htdocs/vns-bodypaint/fonts/UniSans/UniSansBold.otf'
2016-08-01 09:38:12: Copy New '/Volumes/RyanWork/htdocs/vns-bodypaint/fonts/UniSans/UniSansBold.svg' -> '/Volumes/Ryan SSD/htdocs/vns-bodypaint/fonts/UniSans/UniSansBold.svg'
2016-08-01 09:38:12: Copy New '/Volumes/RyanWork/htdocs/vns-bodypaint/fonts/UniSans/UniSansBold.ttf' -> '/Volumes/Ryan SSD/htdocs/vns-bodypaint/fonts/UniSans/UniSansBold.ttf'
2016-08-01 09:38:12: Copy New '/Volumes/RyanWork/htdocs/vns-bodypaint/fonts/UniSans/UniSansBold.woff' -> '/Volumes/Ryan SSD/htdocs/vns-bodypaint/fonts/UniSans/UniSansBold.woff'
2016-08-01 09:38:12: Copy New '/Volumes/RyanWork/htdocs/vns-bodypaint/fonts/UniSans/UniSansRegular.eot' -> '/Volumes/Ryan SSD/htdocs/vns-bodypaint/fonts/UniSans/UniSansRegular.eot'
2016-08-01 09:38:12: Copy New '/Volumes/RyanWork/htdocs/vns-bodypaint/fonts/UniSans/UniSansRegular.otf' -> '/Volumes/Ryan SSD/htdocs/vns-bodypaint/fonts/UniSans/UniSansRegular.otf'
2016-08-01 09:38:12: Copy New '/Volumes/RyanWork/htdocs/vns-bodypaint/fonts/UniSans/UniSansRegular.svg' -> '/Volumes/Ryan SSD/htdocs/vns-bodypaint/fonts/UniSans/UniSansRegular.svg'
2016-08-01 09:38:12: Copy New '/Volumes/RyanWork/htdocs/vns-bodypaint/fonts/UniSans/UniSansRegular.ttf' -> '/Volumes/Ryan SSD/htdocs/vns-bodypaint/fonts/UniSans/UniSansRegular.ttf'
2016-08-01 09:38:12: Copy New '/Volumes/RyanWork/htdocs/vns-bodypaint/fonts/UniSans/UniSansRegular.woff' -> '/Volumes/Ryan SSD/htdocs/vns-bodypaint/fonts/UniSans/UniSansRegular.woff'
2016-08-01 09:38:12: Copy New '/Volumes/RyanWork/htdocs/vns-bodypaint/library/circletype/css/ie.css' -> '/Volumes/Ryan SSD/htdocs/vns-bodypaint/library/circletype/css/ie.css'
2016-08-01 09:38:12: Copy New '/Volumes/RyanWork/htdocs/vns-bodypaint/library/circletype/css/print.css' -> '/Volumes/Ryan SSD/htdocs/vns-bodypaint/library/circletype/css/print.css'
2016-08-01 09:38:12: Copy New '/Volumes/RyanWork/htdocs/vns-bodypaint/library/circletype/css/screen.css' -> '/Volumes/Ryan SSD/htdocs/vns-bodypaint/library/circletype/css/screen.css'
2016-08-01 09:38:12: Copy New '/Volumes/RyanWork/htdocs/vns-bodypaint/library/circletype/js/circletype.js' -> '/Volumes/Ryan SSD/htdocs/vns-bodypaint/library/circletype/js/circletype.js'
2016-08-01 09:38:12: Copy New '/Volumes/RyanWork/htdocs/vns-bodypaint/library/circletype/js/circletype.min.js' -> '/Volumes/Ryan SSD/htdocs/vns-bodypaint/library/circletype/js/circletype.min.js'
2016-08-01 09:38:12: Copy New '/Volumes/RyanWork/htdocs/vns-bodypaint/library/circletype/js/plugins.js' -> '/Volumes/Ryan SSD/htdocs/vns-bodypaint/library/circletype/js/plugins.js'
2016-08-01 09:38:12: Copy New '/Volumes/RyanWork/htdocs/vns-bodypaint/library/circletype/js/vendor/jquery-1.9.1.min.js' -> '/Volumes/Ryan SSD/htdocs/vns-bodypaint/library/circletype/js/vendor/jquery-1.9.1.min.js'
2016-08-01 09:38:12: Copy New '/Volumes/RyanWork/htdocs/vns-bodypaint/library/circletype/js/vendor/modernizr-2.6.2-respond-1.1.0.min.js' -> '/Volumes/Ryan SSD/htdocs/vns-bodypaint/library/circletype/js/vendor/modernizr-2.6.2-respond-1.1.0.min.js'
2016-08-01 09:38:12: Copy New '/Volumes/RyanWork/htdocs/vns-bodypaint/library/font-awesome/css/font-awesome.css' -> '/Volumes/Ryan SSD/htdocs/vns-bodypaint/library/font-awesome/css/font-awesome.css'
2016-08-01 09:38:12: Copy New '/Volumes/RyanWork/htdocs/vns-bodypaint/library/font-awesome/css/font-awesome.min.css' -> '/Volumes/Ryan SSD/htdocs/vns-bodypaint/library/font-awesome/css/font-awesome.min.css'
2016-08-01 09:38:12: Copy New '/Volumes/RyanWork/htdocs/vns-bodypaint/library/font-awesome/fonts/fontawesome-webfont.eot' -> '/Volumes/Ryan SSD/htdocs/vns-bodypaint/library/font-awesome/fonts/fontawesome-webfont.eot'
2016-08-01 09:38:12: Copy New '/Volumes/RyanWork/htdocs/vns-bodypaint/library/font-awesome/fonts/fontawesome-webfont.svg' -> '/Volumes/Ryan SSD/htdocs/vns-bodypaint/library/font-awesome/fonts/fontawesome-webfont.svg'
2016-08-01 09:38:12: Copy New '/Volumes/RyanWork/htdocs/vns-bodypaint/library/font-awesome/fonts/fontawesome-webfont.ttf' -> '/Volumes/Ryan SSD/htdocs/vns-bodypaint/library/font-awesome/fonts/fontawesome-webfont.ttf'
2016-08-01 09:38:12: Copy New '/Volumes/RyanWork/htdocs/vns-bodypaint/library/font-awesome/fonts/fontawesome-webfont.woff' -> '/Volumes/Ryan SSD/htdocs/vns-bodypaint/library/font-awesome/fonts/fontawesome-webfont.woff'
2016-08-01 09:38:12: Copy New '/Volumes/RyanWork/htdocs/vns-bodypaint/library/font-awesome/fonts/fontawesome-webfont.woff2' -> '/Volumes/Ryan SSD/htdocs/vns-bodypaint/library/font-awesome/fonts/fontawesome-webfont.woff2'
2016-08-01 09:38:12: Copy New '/Volumes/RyanWork/htdocs/vns-bodypaint/library/font-awesome/fonts/FontAwesome.otf' -> '/Volumes/Ryan SSD/htdocs/vns-bodypaint/library/font-awesome/fonts/FontAwesome.otf'
2016-08-01 09:38:12: Copy New '/Volumes/RyanWork/htdocs/vns-bodypaint/library/font-awesome/HELP-US-OUT.txt' -> '/Volumes/Ryan SSD/htdocs/vns-bodypaint/library/font-awesome/HELP-US-OUT.txt'
2016-08-01 09:38:12: Copy New '/Volumes/RyanWork/htdocs/vns-bodypaint/library/font-awesome/less/animated.less' -> '/Volumes/Ryan SSD/htdocs/vns-bodypaint/library/font-awesome/less/animated.less'
2016-08-01 09:38:12: Copy New '/Volumes/RyanWork/htdocs/vns-bodypaint/library/font-awesome/less/bordered-pulled.less' -> '/Volumes/Ryan SSD/htdocs/vns-bodypaint/library/font-awesome/less/bordered-pulled.less'
2016-08-01 09:38:12: Copy New '/Volumes/RyanWork/htdocs/vns-bodypaint/library/font-awesome/less/core.less' -> '/Volumes/Ryan SSD/htdocs/vns-bodypaint/library/font-awesome/less/core.less'
2016-08-01 09:38:12: Copy New '/Volumes/RyanWork/htdocs/vns-bodypaint/library/font-awesome/less/fixed-width.less' -> '/Volumes/Ryan SSD/htdocs/vns-bodypaint/library/font-awesome/less/fixed-width.less'
2016-08-01 09:38:12: Copy New '/Volumes/RyanWork/htdocs/vns-bodypaint/library/font-awesome/less/font-awesome.less' -> '/Volumes/Ryan SSD/htdocs/vns-bodypaint/library/font-awesome/less/font-awesome.less'
2016-08-01 09:38:12: Copy New '/Volumes/RyanWork/htdocs/vns-bodypaint/library/font-awesome/less/icons.less' -> '/Volumes/Ryan SSD/htdocs/vns-bodypaint/library/font-awesome/less/icons.less'
2016-08-01 09:38:12: Copy New '/Volumes/RyanWork/htdocs/vns-bodypaint/library/font-awesome/less/larger.less' -> '/Volumes/Ryan SSD/htdocs/vns-bodypaint/library/font-awesome/less/larger.less'
2016-08-01 09:38:12: Copy New '/Volumes/RyanWork/htdocs/vns-bodypaint/library/font-awesome/less/list.less' -> '/Volumes/Ryan SSD/htdocs/vns-bodypaint/library/font-awesome/less/list.less'
2016-08-01 09:38:12: Copy New '/Volumes/RyanWork/htdocs/vns-bodypaint/library/font-awesome/less/mixins.less' -> '/Volumes/Ryan SSD/htdocs/vns-bodypaint/library/font-awesome/less/mixins.less'
2016-08-01 09:38:12: Copy New '/Volumes/RyanWork/htdocs/vns-bodypaint/library/font-awesome/less/path.less' -> '/Volumes/Ryan SSD/htdocs/vns-bodypaint/library/font-awesome/less/path.less'
2016-08-01 09:38:12: Copy New '/Volumes/RyanWork/htdocs/vns-bodypaint/library/font-awesome/less/rotated-flipped.less' -> '/Volumes/Ryan SSD/htdocs/vns-bodypaint/library/font-awesome/less/rotated-flipped.less'
2016-08-01 09:38:12: Copy New '/Volumes/RyanWork/htdocs/vns-bodypaint/library/font-awesome/less/screen-reader.less' -> '/Volumes/Ryan SSD/htdocs/vns-bodypaint/library/font-awesome/less/screen-reader.less'
2016-08-01 09:38:12: Copy New '/Volumes/RyanWork/htdocs/vns-bodypaint/library/font-awesome/less/stacked.less' -> '/Volumes/Ryan SSD/htdocs/vns-bodypaint/library/font-awesome/less/stacked.less'
2016-08-01 09:38:12: Copy New '/Volumes/RyanWork/htdocs/vns-bodypaint/library/font-awesome/less/variables.less' -> '/Volumes/Ryan SSD/htdocs/vns-bodypaint/library/font-awesome/less/variables.less'
2016-08-01 09:38:12: Copy New '/Volumes/RyanWork/htdocs/vns-bodypaint/library/font-awesome/scss/_animated.scss' -> '/Volumes/Ryan SSD/htdocs/vns-bodypaint/library/font-awesome/scss/_animated.scss'
2016-08-01 09:38:12: Copy New '/Volumes/RyanWork/htdocs/vns-bodypaint/library/font-awesome/scss/_bordered-pulled.scss' -> '/Volumes/Ryan SSD/htdocs/vns-bodypaint/library/font-awesome/scss/_bordered-pulled.scss'
2016-08-01 09:38:12: Copy New '/Volumes/RyanWork/htdocs/vns-bodypaint/library/font-awesome/scss/_core.scss' -> '/Volumes/Ryan SSD/htdocs/vns-bodypaint/library/font-awesome/scss/_core.scss'
2016-08-01 09:38:12: Copy New '/Volumes/RyanWork/htdocs/vns-bodypaint/library/font-awesome/scss/_fixed-width.scss' -> '/Volumes/Ryan SSD/htdocs/vns-bodypaint/library/font-awesome/scss/_fixed-width.scss'
2016-08-01 09:38:12: Copy New '/Volumes/RyanWork/htdocs/vns-bodypaint/library/font-awesome/scss/_icons.scss' -> '/Volumes/Ryan SSD/htdocs/vns-bodypaint/library/font-awesome/scss/_icons.scss'
2016-08-01 09:38:12: Copy New '/Volumes/RyanWork/htdocs/vns-bodypaint/library/font-awesome/scss/_larger.scss' -> '/Volumes/Ryan SSD/htdocs/vns-bodypaint/library/font-awesome/scss/_larger.scss'
2016-08-01 09:38:12: Copy New '/Volumes/RyanWork/htdocs/vns-bodypaint/library/font-awesome/scss/_list.scss' -> '/Volumes/Ryan SSD/htdocs/vns-bodypaint/library/font-awesome/scss/_list.scss'
2016-08-01 09:38:12: Copy New '/Volumes/RyanWork/htdocs/vns-bodypaint/library/font-awesome/scss/_mixins.scss' -> '/Volumes/Ryan SSD/htdocs/vns-bodypaint/library/font-awesome/scss/_mixins.scss'
2016-08-01 09:38:12: Copy New '/Volumes/RyanWork/htdocs/vns-bodypaint/library/font-awesome/scss/_path.scss' -> '/Volumes/Ryan SSD/htdocs/vns-bodypaint/library/font-awesome/scss/_path.scss'
2016-08-01 09:38:12: Copy New '/Volumes/RyanWork/htdocs/vns-bodypaint/library/font-awesome/scss/_rotated-flipped.scss' -> '/Volumes/Ryan SSD/htdocs/vns-bodypaint/library/font-awesome/scss/_rotated-flipped.scss'
2016-08-01 09:38:12: Copy New '/Volumes/RyanWork/htdocs/vns-bodypaint/library/font-awesome/scss/_screen-reader.scss' -> '/Volumes/Ryan SSD/htdocs/vns-bodypaint/library/font-awesome/scss/_screen-reader.scss'
2016-08-01 09:38:12: Copy New '/Volumes/RyanWork/htdocs/vns-bodypaint/library/font-awesome/scss/_stacked.scss' -> '/Volumes/Ryan SSD/htdocs/vns-bodypaint/library/font-awesome/scss/_stacked.scss'
2016-08-01 09:38:12: Copy New '/Volumes/RyanWork/htdocs/vns-bodypaint/library/font-awesome/scss/_variables.scss' -> '/Volumes/Ryan SSD/htdocs/vns-bodypaint/library/font-awesome/scss/_variables.scss'
2016-08-01 09:38:12: Copy New '/Volumes/RyanWork/htdocs/vns-bodypaint/library/font-awesome/scss/font-awesome.scss' -> '/Volumes/Ryan SSD/htdocs/vns-bodypaint/library/font-awesome/scss/font-awesome.scss'
2016-08-01 09:38:12: Copy New '/Volumes/RyanWork/htdocs/vns-bodypaint/upload/images/banner/dichvu.jpg' -> '/Volumes/Ryan SSD/htdocs/vns-bodypaint/upload/images/banner/dichvu.jpg'
2016-08-01 09:38:12: Copy New '/Volumes/RyanWork/htdocs/vns-bodypaint/upload/images/banner/lienhe.jpg' -> '/Volumes/Ryan SSD/htdocs/vns-bodypaint/upload/images/banner/lienhe.jpg'
2016-08-01 09:38:12: Copy New '/Volumes/RyanWork/htdocs/vns-bodypaint/upload/images/gallery/after/1.jpg' -> '/Volumes/Ryan SSD/htdocs/vns-bodypaint/upload/images/gallery/after/1.jpg'
2016-08-01 09:38:12: Copy New '/Volumes/RyanWork/htdocs/vns-bodypaint/upload/images/gallery/after/2.jpg' -> '/Volumes/Ryan SSD/htdocs/vns-bodypaint/upload/images/gallery/after/2.jpg'
2016-08-01 09:38:12: Copy New '/Volumes/RyanWork/htdocs/vns-bodypaint/upload/images/gallery/before/1.jpg' -> '/Volumes/Ryan SSD/htdocs/vns-bodypaint/upload/images/gallery/before/1.jpg'
2016-08-01 09:38:12: Copy New '/Volumes/RyanWork/htdocs/vns-bodypaint/upload/images/gallery/before/2.jpg' -> '/Volumes/Ryan SSD/htdocs/vns-bodypaint/upload/images/gallery/before/2.jpg'
2016-08-01 09:38:12: Copy New '/Volumes/RyanWork/htdocs/vns-bodypaint/upload/images/temp/1.jpg' -> '/Volumes/Ryan SSD/htdocs/vns-bodypaint/upload/images/temp/1.jpg'
2016-08-01 09:38:12: Copy New '/Volumes/RyanWork/htdocs/vns-bodypaint/upload/images/temp/2.jpg' -> '/Volumes/Ryan SSD/htdocs/vns-bodypaint/upload/images/temp/2.jpg'
2016-08-01 09:38:12: Copy New '/Volumes/RyanWork/htdocs/vns-bodypaint/upload/images/temp/3.jpg' -> '/Volumes/Ryan SSD/htdocs/vns-bodypaint/upload/images/temp/3.jpg'
2016-08-01 09:38:12: Copy New '/Volumes/RyanWork/htdocs/vns-bodypaint/upload/images/temp/4.jpg' -> '/Volumes/Ryan SSD/htdocs/vns-bodypaint/upload/images/temp/4.jpg'
2016-08-01 09:38:12: == Sync Complete. Time: 00:00:01, Speed: 6.2 MB/s, OK: 162, Errors: 0
2016-08-01 09:38:12: 
