2016-08-04 09:58:58: -- Analysis Started by User
2016-08-04 09:58:59: Changes: 22, Conflicts: 0, CopyTime: 0, CopyState: 0/0, Errors: 0, All: 4141
2016-08-04 09:58:59: Left to Right: Copy File: 22 
2016-08-04 09:58:59: -- Analysis Complete. Time 00:00:01, Speed: 4104 files/s
2016-08-04 09:58:59: 
2016-08-04 09:59:00: == Sync Started by User
2016-08-04 09:59:00: Create Folder '/Volumes/Ryan SSD/htdocs/vns-bodypaint/application/views/backend/service'
2016-08-04 09:59:00: Create Folder '/Volumes/Ryan SSD/htdocs/vns-bodypaint/assets/backend/css/.sass-cache/fe15532edf4bc1801d7854717498957e12f2da11'
2016-08-04 09:59:00: Copy Over '/Volumes/RyanWork/htdocs/vns-bodypaint/application/controllers/backend/Category.php' -> '/Volumes/Ryan SSD/htdocs/vns-bodypaint/application/controllers/backend/Category.php'
2016-08-04 09:59:00: Copy Over '/Volumes/RyanWork/htdocs/vns-bodypaint/application/controllers/backend/Root.php' -> '/Volumes/Ryan SSD/htdocs/vns-bodypaint/application/controllers/backend/Root.php'
2016-08-04 09:59:00: Copy New '/Volumes/RyanWork/htdocs/vns-bodypaint/application/controllers/backend/Service.php' -> '/Volumes/Ryan SSD/htdocs/vns-bodypaint/application/controllers/backend/Service.php'
2016-08-04 09:59:00: Copy Over '/Volumes/RyanWork/htdocs/vns-bodypaint/application/models/Category_model.php' -> '/Volumes/Ryan SSD/htdocs/vns-bodypaint/application/models/Category_model.php'
2016-08-04 09:59:00: Copy New '/Volumes/RyanWork/htdocs/vns-bodypaint/application/models/Service_model.php' -> '/Volumes/Ryan SSD/htdocs/vns-bodypaint/application/models/Service_model.php'
2016-08-04 09:59:00: Copy New '/Volumes/RyanWork/htdocs/vns-bodypaint/application/views/backend/service/add.php' -> '/Volumes/Ryan SSD/htdocs/vns-bodypaint/application/views/backend/service/add.php'
2016-08-04 09:59:00: Copy New '/Volumes/RyanWork/htdocs/vns-bodypaint/application/views/backend/service/list.php' -> '/Volumes/Ryan SSD/htdocs/vns-bodypaint/application/views/backend/service/list.php'
2016-08-04 09:59:00: Copy New '/Volumes/RyanWork/htdocs/vns-bodypaint/assets/backend/css/.sass-cache/fe15532edf4bc1801d7854717498957e12f2da11/style.scssc' -> '/Volumes/Ryan SSD/htdocs/vns-bodypaint/assets/backend/css/.sass-cache/fe15532edf4bc1801d7854717498957e12f2da11/style.scssc'
2016-08-04 09:59:00: Copy Over '/Volumes/RyanWork/htdocs/vns-bodypaint/assets/backend/css/style-min.css' -> '/Volumes/Ryan SSD/htdocs/vns-bodypaint/assets/backend/css/style-min.css'
2016-08-04 09:59:00: Copy Over '/Volumes/RyanWork/htdocs/vns-bodypaint/assets/backend/css/style.scss' -> '/Volumes/Ryan SSD/htdocs/vns-bodypaint/assets/backend/css/style.scss'
2016-08-04 09:59:00: Copy Over '/Volumes/RyanWork/htdocs/vns-bodypaint/assets/backend/js/script-min.js' -> '/Volumes/Ryan SSD/htdocs/vns-bodypaint/assets/backend/js/script-min.js'
2016-08-04 09:59:00: Copy Over '/Volumes/RyanWork/htdocs/vns-bodypaint/assets/backend/js/script.js' -> '/Volumes/Ryan SSD/htdocs/vns-bodypaint/assets/backend/js/script.js'
2016-08-04 09:59:00: Copy Over '/Volumes/RyanWork/htdocs/vns-bodypaint/assets/config.codekit' -> '/Volumes/Ryan SSD/htdocs/vns-bodypaint/assets/config.codekit'
2016-08-04 09:59:00: Copy Over '/Volumes/RyanWork/htdocs/vns-bodypaint/assets/frontend/css/.sass-cache/b5b34955c50fa58f22076aadfa317619607136b2/style.scssc' -> '/Volumes/Ryan SSD/htdocs/vns-bodypaint/assets/frontend/css/.sass-cache/b5b34955c50fa58f22076aadfa317619607136b2/style.scssc'
2016-08-04 09:59:00: Copy Over '/Volumes/RyanWork/htdocs/vns-bodypaint/assets/frontend/css/style-min.css' -> '/Volumes/Ryan SSD/htdocs/vns-bodypaint/assets/frontend/css/style-min.css'
2016-08-04 09:59:00: Copy Over '/Volumes/RyanWork/htdocs/vns-bodypaint/assets/frontend/css/style.scss' -> '/Volumes/Ryan SSD/htdocs/vns-bodypaint/assets/frontend/css/style.scss'
2016-08-04 09:59:00: Copy New '/Volumes/RyanWork/htdocs/vns-bodypaint/captcha/1470278290.83.jpg' -> '/Volumes/Ryan SSD/htdocs/vns-bodypaint/captcha/1470278290.83.jpg'
2016-08-04 09:59:00: Copy New '/Volumes/RyanWork/htdocs/vns-bodypaint/captcha/1470278292.8.jpg' -> '/Volumes/Ryan SSD/htdocs/vns-bodypaint/captcha/1470278292.8.jpg'
2016-08-04 09:59:00: Copy New '/Volumes/RyanWork/htdocs/vns-bodypaint/captcha/1470278300.62.jpg' -> '/Volumes/Ryan SSD/htdocs/vns-bodypaint/captcha/1470278300.62.jpg'
2016-08-04 09:59:00: Copy Over '/Volumes/RyanWork/htdocs/vns-bodypaint/index.php' -> '/Volumes/Ryan SSD/htdocs/vns-bodypaint/index.php'
2016-08-04 09:59:01: == Sync Complete. Time: 00:00:01, Speed: 0.0/s, OK: 22, Errors: 0
2016-08-04 09:59:01: 
