2016-08-22 09:55:20: -- Analysis Started by User
2016-08-22 09:55:27: Changes: 330, Conflicts: 0, CopyTime: 0, CopyState: 0/0, Errors: 0, All: 9024
2016-08-22 09:55:27: Left to Right: Copy File: 330 
2016-08-22 09:55:27: -- Analysis Complete. Time 00:00:07, Speed: 1239 files/s
2016-08-22 09:55:27: 
2016-08-22 09:55:28: == Sync Started by User
2016-08-22 09:55:28: Copy Over '/Volumes/RyanWork/htdocs/vns-bodypaint/.git/COMMIT_EDITMSG' -> '/Volumes/Ryan SSD/htdocs/vns-bodypaint/.git/COMMIT_EDITMSG'
2016-08-22 09:55:28: Copy Over '/Volumes/RyanWork/htdocs/vns-bodypaint/.git/config' -> '/Volumes/Ryan SSD/htdocs/vns-bodypaint/.git/config'
2016-08-22 09:55:28: Copy Over '/Volumes/RyanWork/htdocs/vns-bodypaint/.git/FETCH_HEAD' -> '/Volumes/Ryan SSD/htdocs/vns-bodypaint/.git/FETCH_HEAD'
2016-08-22 09:55:28: Copy Over '/Volumes/RyanWork/htdocs/vns-bodypaint/.git/index' -> '/Volumes/Ryan SSD/htdocs/vns-bodypaint/.git/index'
2016-08-22 09:55:28: Copy Over '/Volumes/RyanWork/htdocs/vns-bodypaint/.git/logs/HEAD' -> '/Volumes/Ryan SSD/htdocs/vns-bodypaint/.git/logs/HEAD'
2016-08-22 09:55:28: Copy Over '/Volumes/RyanWork/htdocs/vns-bodypaint/.git/logs/refs/heads/master' -> '/Volumes/Ryan SSD/htdocs/vns-bodypaint/.git/logs/refs/heads/master'
2016-08-22 09:55:28: Copy Over '/Volumes/RyanWork/htdocs/vns-bodypaint/.git/logs/refs/remotes/vns-bodypaint/master' -> '/Volumes/Ryan SSD/htdocs/vns-bodypaint/.git/logs/refs/remotes/vns-bodypaint/master'
2016-08-22 09:55:28: Copy New '/Volumes/RyanWork/htdocs/vns-bodypaint/.git/objects/00/12e899e2a85d8b77dc11370b4847c68a09dae0' -> '/Volumes/Ryan SSD/htdocs/vns-bodypaint/.git/objects/00/12e899e2a85d8b77dc11370b4847c68a09dae0'
2016-08-22 09:55:28: Copy New '/Volumes/RyanWork/htdocs/vns-bodypaint/.git/objects/01/758a0e2b0c9a42b0a14ccc6b514c34173c245d' -> '/Volumes/Ryan SSD/htdocs/vns-bodypaint/.git/objects/01/758a0e2b0c9a42b0a14ccc6b514c34173c245d'
2016-08-22 09:55:28: Copy New '/Volumes/RyanWork/htdocs/vns-bodypaint/.git/objects/03/b6bd058ea9514aa46dfdead008b7be1d1f66c2' -> '/Volumes/Ryan SSD/htdocs/vns-bodypaint/.git/objects/03/b6bd058ea9514aa46dfdead008b7be1d1f66c2'
2016-08-22 09:55:28: Copy New '/Volumes/RyanWork/htdocs/vns-bodypaint/.git/objects/04/1e8a574c94351d1e92167dce929721e3a50981' -> '/Volumes/Ryan SSD/htdocs/vns-bodypaint/.git/objects/04/1e8a574c94351d1e92167dce929721e3a50981'
2016-08-22 09:55:28: Copy New '/Volumes/RyanWork/htdocs/vns-bodypaint/.git/objects/04/f1c2676597b0b6da153d41911a97e7fbd08f19' -> '/Volumes/Ryan SSD/htdocs/vns-bodypaint/.git/objects/04/f1c2676597b0b6da153d41911a97e7fbd08f19'
2016-08-22 09:55:28: Copy New '/Volumes/RyanWork/htdocs/vns-bodypaint/.git/objects/05/6c16d1e76021e3cd0d00667cdad5e20adde6c6' -> '/Volumes/Ryan SSD/htdocs/vns-bodypaint/.git/objects/05/6c16d1e76021e3cd0d00667cdad5e20adde6c6'
2016-08-22 09:55:28: Copy New '/Volumes/RyanWork/htdocs/vns-bodypaint/.git/objects/05/8a55ec0bd11729ebe97626d26069e561a02082' -> '/Volumes/Ryan SSD/htdocs/vns-bodypaint/.git/objects/05/8a55ec0bd11729ebe97626d26069e561a02082'
2016-08-22 09:55:28: Copy Over '/Volumes/RyanWork/htdocs/vns-bodypaint/.git/objects/05/8dca9939fa234b1b44d5c04e7017be2b9c9c07' -> '/Volumes/Ryan SSD/htdocs/vns-bodypaint/.git/objects/05/8dca9939fa234b1b44d5c04e7017be2b9c9c07'
2016-08-22 09:55:28: Copy New '/Volumes/RyanWork/htdocs/vns-bodypaint/.git/objects/09/479239bfa71cf1f4cb841068f2bb4a3d97c359' -> '/Volumes/Ryan SSD/htdocs/vns-bodypaint/.git/objects/09/479239bfa71cf1f4cb841068f2bb4a3d97c359'
2016-08-22 09:55:28: Copy Over '/Volumes/RyanWork/htdocs/vns-bodypaint/.git/objects/0a/af51e72e68e858afa5efad33473e32b13d219c' -> '/Volumes/Ryan SSD/htdocs/vns-bodypaint/.git/objects/0a/af51e72e68e858afa5efad33473e32b13d219c'
2016-08-22 09:55:28: Copy New '/Volumes/RyanWork/htdocs/vns-bodypaint/.git/objects/0a/b55864c134889eceedb96a1230725b8e9c69f3' -> '/Volumes/Ryan SSD/htdocs/vns-bodypaint/.git/objects/0a/b55864c134889eceedb96a1230725b8e9c69f3'
2016-08-22 09:55:28: Copy New '/Volumes/RyanWork/htdocs/vns-bodypaint/.git/objects/0b/105a6238df83a8a0cb763924a067aaf534a92a' -> '/Volumes/Ryan SSD/htdocs/vns-bodypaint/.git/objects/0b/105a6238df83a8a0cb763924a067aaf534a92a'
2016-08-22 09:55:28: Copy New '/Volumes/RyanWork/htdocs/vns-bodypaint/.git/objects/0e/941e73364ccb114df92e056bf72bbd3ddf4b86' -> '/Volumes/Ryan SSD/htdocs/vns-bodypaint/.git/objects/0e/941e73364ccb114df92e056bf72bbd3ddf4b86'
2016-08-22 09:55:28: Copy New '/Volumes/RyanWork/htdocs/vns-bodypaint/.git/objects/0f/13b22f3080a9863f5d7068a6471534547645cf' -> '/Volumes/Ryan SSD/htdocs/vns-bodypaint/.git/objects/0f/13b22f3080a9863f5d7068a6471534547645cf'
2016-08-22 09:55:28: Copy New '/Volumes/RyanWork/htdocs/vns-bodypaint/.git/objects/0f/451e362515a981d14099bd1203c6884fa48288' -> '/Volumes/Ryan SSD/htdocs/vns-bodypaint/.git/objects/0f/451e362515a981d14099bd1203c6884fa48288'
2016-08-22 09:55:28: Copy New '/Volumes/RyanWork/htdocs/vns-bodypaint/.git/objects/0f/65aab523486f2c776c98f42eafb0f85a7e50c5' -> '/Volumes/Ryan SSD/htdocs/vns-bodypaint/.git/objects/0f/65aab523486f2c776c98f42eafb0f85a7e50c5'
2016-08-22 09:55:28: Copy New '/Volumes/RyanWork/htdocs/vns-bodypaint/.git/objects/0f/c38bec39cad24ab16f64afea59cf6632dd3241' -> '/Volumes/Ryan SSD/htdocs/vns-bodypaint/.git/objects/0f/c38bec39cad24ab16f64afea59cf6632dd3241'
2016-08-22 09:55:28: Copy New '/Volumes/RyanWork/htdocs/vns-bodypaint/.git/objects/10/06c116de778092de3c7d82811aa2a53cc1ec72' -> '/Volumes/Ryan SSD/htdocs/vns-bodypaint/.git/objects/10/06c116de778092de3c7d82811aa2a53cc1ec72'
2016-08-22 09:55:28: Copy New '/Volumes/RyanWork/htdocs/vns-bodypaint/.git/objects/11/12fb99a855216d4ade965236bb1813823c1cd1' -> '/Volumes/Ryan SSD/htdocs/vns-bodypaint/.git/objects/11/12fb99a855216d4ade965236bb1813823c1cd1'
2016-08-22 09:55:28: Copy New '/Volumes/RyanWork/htdocs/vns-bodypaint/.git/objects/11/811088c010187099ade97dd51d28b390136596' -> '/Volumes/Ryan SSD/htdocs/vns-bodypaint/.git/objects/11/811088c010187099ade97dd51d28b390136596'
2016-08-22 09:55:28: Copy New '/Volumes/RyanWork/htdocs/vns-bodypaint/.git/objects/11/b934af7bf7746e364de8cf45caa77b45d9029e' -> '/Volumes/Ryan SSD/htdocs/vns-bodypaint/.git/objects/11/b934af7bf7746e364de8cf45caa77b45d9029e'
2016-08-22 09:55:28: Copy New '/Volumes/RyanWork/htdocs/vns-bodypaint/.git/objects/12/53a4fdb491710eeb633875a697e8ebf99c5f14' -> '/Volumes/Ryan SSD/htdocs/vns-bodypaint/.git/objects/12/53a4fdb491710eeb633875a697e8ebf99c5f14'
2016-08-22 09:55:28: Copy New '/Volumes/RyanWork/htdocs/vns-bodypaint/.git/objects/12/8b2d9d878efddbd077e9e282609bfab16ebf7f' -> '/Volumes/Ryan SSD/htdocs/vns-bodypaint/.git/objects/12/8b2d9d878efddbd077e9e282609bfab16ebf7f'
2016-08-22 09:55:28: Copy Over '/Volumes/RyanWork/htdocs/vns-bodypaint/.git/objects/13/6291e671f9044ee5e70641cafa30a7806eccbe' -> '/Volumes/Ryan SSD/htdocs/vns-bodypaint/.git/objects/13/6291e671f9044ee5e70641cafa30a7806eccbe'
2016-08-22 09:55:28: Copy New '/Volumes/RyanWork/htdocs/vns-bodypaint/.git/objects/14/42a01933e1adbd20a7c7304d5a4773f3863090' -> '/Volumes/Ryan SSD/htdocs/vns-bodypaint/.git/objects/14/42a01933e1adbd20a7c7304d5a4773f3863090'
2016-08-22 09:55:28: Copy Over '/Volumes/RyanWork/htdocs/vns-bodypaint/.git/objects/14/5462c8c6a5572008ba7ebdee54bc478c3589fc' -> '/Volumes/Ryan SSD/htdocs/vns-bodypaint/.git/objects/14/5462c8c6a5572008ba7ebdee54bc478c3589fc'
2016-08-22 09:55:28: Copy New '/Volumes/RyanWork/htdocs/vns-bodypaint/.git/objects/15/08dd2727809cb26b9c1198e50843bb2b94bcff' -> '/Volumes/Ryan SSD/htdocs/vns-bodypaint/.git/objects/15/08dd2727809cb26b9c1198e50843bb2b94bcff'
2016-08-22 09:55:28: Copy New '/Volumes/RyanWork/htdocs/vns-bodypaint/.git/objects/16/4dfe8dd82c7200aa3c59b44aed90842ad618c7' -> '/Volumes/Ryan SSD/htdocs/vns-bodypaint/.git/objects/16/4dfe8dd82c7200aa3c59b44aed90842ad618c7'
2016-08-22 09:55:28: Copy New '/Volumes/RyanWork/htdocs/vns-bodypaint/.git/objects/16/a923d8aefcf0a3d2263d7771e3abcab819cbc0' -> '/Volumes/Ryan SSD/htdocs/vns-bodypaint/.git/objects/16/a923d8aefcf0a3d2263d7771e3abcab819cbc0'
2016-08-22 09:55:28: Copy New '/Volumes/RyanWork/htdocs/vns-bodypaint/.git/objects/19/84caa9f0670e37c4c24751121d9b3544f5befd' -> '/Volumes/Ryan SSD/htdocs/vns-bodypaint/.git/objects/19/84caa9f0670e37c4c24751121d9b3544f5befd'
2016-08-22 09:55:28: Copy New '/Volumes/RyanWork/htdocs/vns-bodypaint/.git/objects/19/b74eebc3a0ccf2a3e4ce109b0359f8e0ed2ab4' -> '/Volumes/Ryan SSD/htdocs/vns-bodypaint/.git/objects/19/b74eebc3a0ccf2a3e4ce109b0359f8e0ed2ab4'
2016-08-22 09:55:28: Copy New '/Volumes/RyanWork/htdocs/vns-bodypaint/.git/objects/19/c5eb4e91ad931eefb733d90c1929fe40d74479' -> '/Volumes/Ryan SSD/htdocs/vns-bodypaint/.git/objects/19/c5eb4e91ad931eefb733d90c1929fe40d74479'
2016-08-22 09:55:28: Copy New '/Volumes/RyanWork/htdocs/vns-bodypaint/.git/objects/19/e021b7ef25a171512444a98e5657a2099a5822' -> '/Volumes/Ryan SSD/htdocs/vns-bodypaint/.git/objects/19/e021b7ef25a171512444a98e5657a2099a5822'
2016-08-22 09:55:28: Copy Over '/Volumes/RyanWork/htdocs/vns-bodypaint/.git/objects/1a/64b66538be2c1026d5bec12e6e24fcd5204bad' -> '/Volumes/Ryan SSD/htdocs/vns-bodypaint/.git/objects/1a/64b66538be2c1026d5bec12e6e24fcd5204bad'
2016-08-22 09:55:28: Copy New '/Volumes/RyanWork/htdocs/vns-bodypaint/.git/objects/1a/989e05f6ca824183293e0537b3728593ad73e3' -> '/Volumes/Ryan SSD/htdocs/vns-bodypaint/.git/objects/1a/989e05f6ca824183293e0537b3728593ad73e3'
2016-08-22 09:55:28: Copy New '/Volumes/RyanWork/htdocs/vns-bodypaint/.git/objects/20/20c3dc4aeef57e5ac2206008dedabda848edaa' -> '/Volumes/Ryan SSD/htdocs/vns-bodypaint/.git/objects/20/20c3dc4aeef57e5ac2206008dedabda848edaa'
2016-08-22 09:55:28: Copy New '/Volumes/RyanWork/htdocs/vns-bodypaint/.git/objects/21/aa98e64345da5f6bfcf723e43563d3fe06841c' -> '/Volumes/Ryan SSD/htdocs/vns-bodypaint/.git/objects/21/aa98e64345da5f6bfcf723e43563d3fe06841c'
2016-08-22 09:55:28: Copy New '/Volumes/RyanWork/htdocs/vns-bodypaint/.git/objects/21/c5a66b7adfcba52d88bb94e231d0ebff22d510' -> '/Volumes/Ryan SSD/htdocs/vns-bodypaint/.git/objects/21/c5a66b7adfcba52d88bb94e231d0ebff22d510'
2016-08-22 09:55:28: Copy New '/Volumes/RyanWork/htdocs/vns-bodypaint/.git/objects/23/444dd5de8c8eae2b9bc3a1fc614d3e2abe1fe6' -> '/Volumes/Ryan SSD/htdocs/vns-bodypaint/.git/objects/23/444dd5de8c8eae2b9bc3a1fc614d3e2abe1fe6'
2016-08-22 09:55:28: Copy New '/Volumes/RyanWork/htdocs/vns-bodypaint/.git/objects/23/458561bad413be37599576d9a5d6ce335c17ec' -> '/Volumes/Ryan SSD/htdocs/vns-bodypaint/.git/objects/23/458561bad413be37599576d9a5d6ce335c17ec'
2016-08-22 09:55:28: Copy Over '/Volumes/RyanWork/htdocs/vns-bodypaint/.git/objects/25/15d8008f66cf05fc8419825465483751b75b6e' -> '/Volumes/Ryan SSD/htdocs/vns-bodypaint/.git/objects/25/15d8008f66cf05fc8419825465483751b75b6e'
2016-08-22 09:55:28: Copy New '/Volumes/RyanWork/htdocs/vns-bodypaint/.git/objects/25/5fa6d3622992a97a900b311b88b75c1dfe08dd' -> '/Volumes/Ryan SSD/htdocs/vns-bodypaint/.git/objects/25/5fa6d3622992a97a900b311b88b75c1dfe08dd'
2016-08-22 09:55:28: Copy New '/Volumes/RyanWork/htdocs/vns-bodypaint/.git/objects/26/9e3adea4278b487b7f6f642c9965ace6964dcb' -> '/Volumes/Ryan SSD/htdocs/vns-bodypaint/.git/objects/26/9e3adea4278b487b7f6f642c9965ace6964dcb'
2016-08-22 09:55:28: Copy New '/Volumes/RyanWork/htdocs/vns-bodypaint/.git/objects/28/abe7e4ce3fd465f40b7bf3e4b6e1bf488e018b' -> '/Volumes/Ryan SSD/htdocs/vns-bodypaint/.git/objects/28/abe7e4ce3fd465f40b7bf3e4b6e1bf488e018b'
2016-08-22 09:55:28: Copy New '/Volumes/RyanWork/htdocs/vns-bodypaint/.git/objects/28/bb3d465df94593ea2d7f6e63fcebdc3abab7be' -> '/Volumes/Ryan SSD/htdocs/vns-bodypaint/.git/objects/28/bb3d465df94593ea2d7f6e63fcebdc3abab7be'
2016-08-22 09:55:28: Copy New '/Volumes/RyanWork/htdocs/vns-bodypaint/.git/objects/28/f4e61d06c767342b9b41d975f8d7290aa5479a' -> '/Volumes/Ryan SSD/htdocs/vns-bodypaint/.git/objects/28/f4e61d06c767342b9b41d975f8d7290aa5479a'
2016-08-22 09:55:28: Copy New '/Volumes/RyanWork/htdocs/vns-bodypaint/.git/objects/29/488bec7590ef5e20827b986f60d43c9f4fa525' -> '/Volumes/Ryan SSD/htdocs/vns-bodypaint/.git/objects/29/488bec7590ef5e20827b986f60d43c9f4fa525'
2016-08-22 09:55:28: Copy New '/Volumes/RyanWork/htdocs/vns-bodypaint/.git/objects/29/4b91ce59458dd61d0d54cb61a5ad10c4b1a3b9' -> '/Volumes/Ryan SSD/htdocs/vns-bodypaint/.git/objects/29/4b91ce59458dd61d0d54cb61a5ad10c4b1a3b9'
2016-08-22 09:55:28: Copy Over '/Volumes/RyanWork/htdocs/vns-bodypaint/.git/objects/29/a4137a5376b657365b4ab32eeac2ad3986f404' -> '/Volumes/Ryan SSD/htdocs/vns-bodypaint/.git/objects/29/a4137a5376b657365b4ab32eeac2ad3986f404'
2016-08-22 09:55:28: Copy New '/Volumes/RyanWork/htdocs/vns-bodypaint/.git/objects/2a/d10f159a33bcdefe27f1a87fb65cc5c2096baf' -> '/Volumes/Ryan SSD/htdocs/vns-bodypaint/.git/objects/2a/d10f159a33bcdefe27f1a87fb65cc5c2096baf'
2016-08-22 09:55:28: Copy New '/Volumes/RyanWork/htdocs/vns-bodypaint/.git/objects/2c/0e81044357a048e682a00a33fae0a67f22a741' -> '/Volumes/Ryan SSD/htdocs/vns-bodypaint/.git/objects/2c/0e81044357a048e682a00a33fae0a67f22a741'
2016-08-22 09:55:28: Copy New '/Volumes/RyanWork/htdocs/vns-bodypaint/.git/objects/2c/26d0fa1be26da2e017c0c80a7791b083b4ab5e' -> '/Volumes/Ryan SSD/htdocs/vns-bodypaint/.git/objects/2c/26d0fa1be26da2e017c0c80a7791b083b4ab5e'
2016-08-22 09:55:28: Copy New '/Volumes/RyanWork/htdocs/vns-bodypaint/.git/objects/2c/775092e8f585a44ec030334bc9ec5b3f8821a7' -> '/Volumes/Ryan SSD/htdocs/vns-bodypaint/.git/objects/2c/775092e8f585a44ec030334bc9ec5b3f8821a7'
2016-08-22 09:55:28: Copy New '/Volumes/RyanWork/htdocs/vns-bodypaint/.git/objects/2c/9ececa47dfb8df57f9180fd0539a076327138c' -> '/Volumes/Ryan SSD/htdocs/vns-bodypaint/.git/objects/2c/9ececa47dfb8df57f9180fd0539a076327138c'
2016-08-22 09:55:28: Copy New '/Volumes/RyanWork/htdocs/vns-bodypaint/.git/objects/2c/f7d5c793e1544fa71de1ee35ad1a473de7e369' -> '/Volumes/Ryan SSD/htdocs/vns-bodypaint/.git/objects/2c/f7d5c793e1544fa71de1ee35ad1a473de7e369'
2016-08-22 09:55:29: Copy New '/Volumes/RyanWork/htdocs/vns-bodypaint/.git/objects/2d/29e26e78cd150b4ff074a65988a99dc89fb69d' -> '/Volumes/Ryan SSD/htdocs/vns-bodypaint/.git/objects/2d/29e26e78cd150b4ff074a65988a99dc89fb69d'
2016-08-22 09:55:29: Copy New '/Volumes/RyanWork/htdocs/vns-bodypaint/.git/objects/2d/778728d7762206d01ff924fc6d24ccd4a5d7d4' -> '/Volumes/Ryan SSD/htdocs/vns-bodypaint/.git/objects/2d/778728d7762206d01ff924fc6d24ccd4a5d7d4'
2016-08-22 09:55:29: Copy Over '/Volumes/RyanWork/htdocs/vns-bodypaint/.git/objects/2d/8fa51f461df883569a31e1631f0d39091bda03' -> '/Volumes/Ryan SSD/htdocs/vns-bodypaint/.git/objects/2d/8fa51f461df883569a31e1631f0d39091bda03'
2016-08-22 09:55:29: Copy New '/Volumes/RyanWork/htdocs/vns-bodypaint/.git/objects/2d/ff507a00ec2dfc6775e4a59c7cae6c0d2efda0' -> '/Volumes/Ryan SSD/htdocs/vns-bodypaint/.git/objects/2d/ff507a00ec2dfc6775e4a59c7cae6c0d2efda0'
2016-08-22 09:55:29: Copy New '/Volumes/RyanWork/htdocs/vns-bodypaint/.git/objects/30/04c7628a39badb96396490d1c01c6403a710e6' -> '/Volumes/Ryan SSD/htdocs/vns-bodypaint/.git/objects/30/04c7628a39badb96396490d1c01c6403a710e6'
2016-08-22 09:55:29: Copy New '/Volumes/RyanWork/htdocs/vns-bodypaint/.git/objects/30/232809c7323ba7de496e4d7a87de7ba5113271' -> '/Volumes/Ryan SSD/htdocs/vns-bodypaint/.git/objects/30/232809c7323ba7de496e4d7a87de7ba5113271'
2016-08-22 09:55:29: Copy New '/Volumes/RyanWork/htdocs/vns-bodypaint/.git/objects/32/3fb4b5f89ee8be09c0559b6fad70f6d1702c81' -> '/Volumes/Ryan SSD/htdocs/vns-bodypaint/.git/objects/32/3fb4b5f89ee8be09c0559b6fad70f6d1702c81'
2016-08-22 09:55:29: Copy New '/Volumes/RyanWork/htdocs/vns-bodypaint/.git/objects/32/fe5b427bae8d534673d1801881d8204554570b' -> '/Volumes/Ryan SSD/htdocs/vns-bodypaint/.git/objects/32/fe5b427bae8d534673d1801881d8204554570b'
2016-08-22 09:55:29: Copy New '/Volumes/RyanWork/htdocs/vns-bodypaint/.git/objects/33/1f11c1a2909655b555dc270f61d9ecc7050df7' -> '/Volumes/Ryan SSD/htdocs/vns-bodypaint/.git/objects/33/1f11c1a2909655b555dc270f61d9ecc7050df7'
2016-08-22 09:55:29: Copy New '/Volumes/RyanWork/htdocs/vns-bodypaint/.git/objects/33/9870ae12169ad7b845e08d892cf21606a2585c' -> '/Volumes/Ryan SSD/htdocs/vns-bodypaint/.git/objects/33/9870ae12169ad7b845e08d892cf21606a2585c'
2016-08-22 09:55:29: Copy New '/Volumes/RyanWork/htdocs/vns-bodypaint/.git/objects/33/aca6fb1c6e9ed627ee732dbea4842b5cd8f5c3' -> '/Volumes/Ryan SSD/htdocs/vns-bodypaint/.git/objects/33/aca6fb1c6e9ed627ee732dbea4842b5cd8f5c3'
2016-08-22 09:55:29: Copy New '/Volumes/RyanWork/htdocs/vns-bodypaint/.git/objects/35/87c5361143d939ef2d21db3b0260870163b277' -> '/Volumes/Ryan SSD/htdocs/vns-bodypaint/.git/objects/35/87c5361143d939ef2d21db3b0260870163b277'
2016-08-22 09:55:29: Copy New '/Volumes/RyanWork/htdocs/vns-bodypaint/.git/objects/35/c582c975b4259ba79b74d2cc3739205c213721' -> '/Volumes/Ryan SSD/htdocs/vns-bodypaint/.git/objects/35/c582c975b4259ba79b74d2cc3739205c213721'
2016-08-22 09:55:29: Copy New '/Volumes/RyanWork/htdocs/vns-bodypaint/.git/objects/37/49d83d603cb6c35e09c42428e043de4acb9e9c' -> '/Volumes/Ryan SSD/htdocs/vns-bodypaint/.git/objects/37/49d83d603cb6c35e09c42428e043de4acb9e9c'
2016-08-22 09:55:29: Copy New '/Volumes/RyanWork/htdocs/vns-bodypaint/.git/objects/37/b2e7896439b542381951ae37c95b0025693962' -> '/Volumes/Ryan SSD/htdocs/vns-bodypaint/.git/objects/37/b2e7896439b542381951ae37c95b0025693962'
2016-08-22 09:55:29: Copy New '/Volumes/RyanWork/htdocs/vns-bodypaint/.git/objects/38/22920adda1780df96dd7117f5ed4729aabe2e1' -> '/Volumes/Ryan SSD/htdocs/vns-bodypaint/.git/objects/38/22920adda1780df96dd7117f5ed4729aabe2e1'
2016-08-22 09:55:29: Copy New '/Volumes/RyanWork/htdocs/vns-bodypaint/.git/objects/38/3dd5165f8f6e3c72b63ae16f70a74ed95ff42b' -> '/Volumes/Ryan SSD/htdocs/vns-bodypaint/.git/objects/38/3dd5165f8f6e3c72b63ae16f70a74ed95ff42b'
2016-08-22 09:55:29: Copy New '/Volumes/RyanWork/htdocs/vns-bodypaint/.git/objects/38/8ad45a28c31d506afd9a0045ae54ff2bddeaf3' -> '/Volumes/Ryan SSD/htdocs/vns-bodypaint/.git/objects/38/8ad45a28c31d506afd9a0045ae54ff2bddeaf3'
2016-08-22 09:55:29: Copy New '/Volumes/RyanWork/htdocs/vns-bodypaint/.git/objects/39/8d6ee8db0cc35ec1202b668993985e5702f199' -> '/Volumes/Ryan SSD/htdocs/vns-bodypaint/.git/objects/39/8d6ee8db0cc35ec1202b668993985e5702f199'
2016-08-22 09:55:29: Copy Over '/Volumes/RyanWork/htdocs/vns-bodypaint/.git/objects/39/af5a239662d0d9abb1568767558d70cc8938a7' -> '/Volumes/Ryan SSD/htdocs/vns-bodypaint/.git/objects/39/af5a239662d0d9abb1568767558d70cc8938a7'
2016-08-22 09:55:29: Copy New '/Volumes/RyanWork/htdocs/vns-bodypaint/.git/objects/39/b7c5a8727f726a91be4758928b067548e64003' -> '/Volumes/Ryan SSD/htdocs/vns-bodypaint/.git/objects/39/b7c5a8727f726a91be4758928b067548e64003'
2016-08-22 09:55:29: Copy New '/Volumes/RyanWork/htdocs/vns-bodypaint/.git/objects/39/bf9a19e22db30904ec98e8df0909e768799b9a' -> '/Volumes/Ryan SSD/htdocs/vns-bodypaint/.git/objects/39/bf9a19e22db30904ec98e8df0909e768799b9a'
2016-08-22 09:55:29: Copy New '/Volumes/RyanWork/htdocs/vns-bodypaint/.git/objects/3a/985bcb70111dab673b87637a8a39fe9ba42b89' -> '/Volumes/Ryan SSD/htdocs/vns-bodypaint/.git/objects/3a/985bcb70111dab673b87637a8a39fe9ba42b89'
2016-08-22 09:55:29: Copy New '/Volumes/RyanWork/htdocs/vns-bodypaint/.git/objects/3b/26ae7e7539eef38d4971c44024f4b12547c0cc' -> '/Volumes/Ryan SSD/htdocs/vns-bodypaint/.git/objects/3b/26ae7e7539eef38d4971c44024f4b12547c0cc'
2016-08-22 09:55:29: Copy New '/Volumes/RyanWork/htdocs/vns-bodypaint/.git/objects/3c/02103ce69556fe0796df78af9abf235e9b46d0' -> '/Volumes/Ryan SSD/htdocs/vns-bodypaint/.git/objects/3c/02103ce69556fe0796df78af9abf235e9b46d0'
2016-08-22 09:55:29: Copy New '/Volumes/RyanWork/htdocs/vns-bodypaint/.git/objects/3c/2ba7ff6c1e821912ce29a68784d42de68ab64e' -> '/Volumes/Ryan SSD/htdocs/vns-bodypaint/.git/objects/3c/2ba7ff6c1e821912ce29a68784d42de68ab64e'
2016-08-22 09:55:29: Copy New '/Volumes/RyanWork/htdocs/vns-bodypaint/.git/objects/3d/50c8e549f5f2f631b58baa11d964b6b1606ddc' -> '/Volumes/Ryan SSD/htdocs/vns-bodypaint/.git/objects/3d/50c8e549f5f2f631b58baa11d964b6b1606ddc'
2016-08-22 09:55:29: Copy New '/Volumes/RyanWork/htdocs/vns-bodypaint/.git/objects/3d/a0dee91f1d0a1f1d0e2972f8d710be67e72208' -> '/Volumes/Ryan SSD/htdocs/vns-bodypaint/.git/objects/3d/a0dee91f1d0a1f1d0e2972f8d710be67e72208'
2016-08-22 09:55:29: Copy New '/Volumes/RyanWork/htdocs/vns-bodypaint/.git/objects/3d/d2fc209d11cd4c819435696104f5f22768e270' -> '/Volumes/Ryan SSD/htdocs/vns-bodypaint/.git/objects/3d/d2fc209d11cd4c819435696104f5f22768e270'
2016-08-22 09:55:29: Copy New '/Volumes/RyanWork/htdocs/vns-bodypaint/.git/objects/3e/9e358ceb554cc3151006ef15dcf940b335db89' -> '/Volumes/Ryan SSD/htdocs/vns-bodypaint/.git/objects/3e/9e358ceb554cc3151006ef15dcf940b335db89'
2016-08-22 09:55:29: Copy New '/Volumes/RyanWork/htdocs/vns-bodypaint/.git/objects/3f/15ebaad581bffa7cb2f38d7e37ff4a7d0387b7' -> '/Volumes/Ryan SSD/htdocs/vns-bodypaint/.git/objects/3f/15ebaad581bffa7cb2f38d7e37ff4a7d0387b7'
2016-08-22 09:55:29: Copy New '/Volumes/RyanWork/htdocs/vns-bodypaint/.git/objects/40/66f6b451c86a82813106a0fb806ff0d1be3119' -> '/Volumes/Ryan SSD/htdocs/vns-bodypaint/.git/objects/40/66f6b451c86a82813106a0fb806ff0d1be3119'
2016-08-22 09:55:29: Copy New '/Volumes/RyanWork/htdocs/vns-bodypaint/.git/objects/41/17596c6f1ea30712659094731175417bacb31f' -> '/Volumes/Ryan SSD/htdocs/vns-bodypaint/.git/objects/41/17596c6f1ea30712659094731175417bacb31f'
2016-08-22 09:55:29: Copy New '/Volumes/RyanWork/htdocs/vns-bodypaint/.git/objects/42/d8710f571a810699b35096623a3bf673c1ca31' -> '/Volumes/Ryan SSD/htdocs/vns-bodypaint/.git/objects/42/d8710f571a810699b35096623a3bf673c1ca31'
2016-08-22 09:55:29: Copy New '/Volumes/RyanWork/htdocs/vns-bodypaint/.git/objects/44/106a5a9369eda433efef04621bfb81cbfb1f4c' -> '/Volumes/Ryan SSD/htdocs/vns-bodypaint/.git/objects/44/106a5a9369eda433efef04621bfb81cbfb1f4c'
2016-08-22 09:55:29: Copy New '/Volumes/RyanWork/htdocs/vns-bodypaint/.git/objects/44/66a1de92b293e5c8dbccc290bfe8fc7f2723d3' -> '/Volumes/Ryan SSD/htdocs/vns-bodypaint/.git/objects/44/66a1de92b293e5c8dbccc290bfe8fc7f2723d3'
2016-08-22 09:55:29: Copy New '/Volumes/RyanWork/htdocs/vns-bodypaint/.git/objects/44/69c083f706f0733cd77624cfc0cd44b5e3783d' -> '/Volumes/Ryan SSD/htdocs/vns-bodypaint/.git/objects/44/69c083f706f0733cd77624cfc0cd44b5e3783d'
2016-08-22 09:55:29: Copy New '/Volumes/RyanWork/htdocs/vns-bodypaint/.git/objects/45/0d27f02bb8d4f398a8add4b582244b34185549' -> '/Volumes/Ryan SSD/htdocs/vns-bodypaint/.git/objects/45/0d27f02bb8d4f398a8add4b582244b34185549'
2016-08-22 09:55:29: Copy New '/Volumes/RyanWork/htdocs/vns-bodypaint/.git/objects/45/d4557f19f86aaed25df80616e876184077194c' -> '/Volumes/Ryan SSD/htdocs/vns-bodypaint/.git/objects/45/d4557f19f86aaed25df80616e876184077194c'
2016-08-22 09:55:29: Copy New '/Volumes/RyanWork/htdocs/vns-bodypaint/.git/objects/46/1ea508e9de17d30210e8711a149401a731c08d' -> '/Volumes/Ryan SSD/htdocs/vns-bodypaint/.git/objects/46/1ea508e9de17d30210e8711a149401a731c08d'
2016-08-22 09:55:29: Copy New '/Volumes/RyanWork/htdocs/vns-bodypaint/.git/objects/49/c9cb9910375c64ab99715534b125a44846d4d8' -> '/Volumes/Ryan SSD/htdocs/vns-bodypaint/.git/objects/49/c9cb9910375c64ab99715534b125a44846d4d8'
2016-08-22 09:55:29: Copy New '/Volumes/RyanWork/htdocs/vns-bodypaint/.git/objects/4a/085614eb481b0646f17df42cd95b7e610a2746' -> '/Volumes/Ryan SSD/htdocs/vns-bodypaint/.git/objects/4a/085614eb481b0646f17df42cd95b7e610a2746'
2016-08-22 09:55:29: Copy New '/Volumes/RyanWork/htdocs/vns-bodypaint/.git/objects/4a/3f88420e723ffd5d2a6e44ec440f267e0cc80d' -> '/Volumes/Ryan SSD/htdocs/vns-bodypaint/.git/objects/4a/3f88420e723ffd5d2a6e44ec440f267e0cc80d'
2016-08-22 09:55:29: Copy New '/Volumes/RyanWork/htdocs/vns-bodypaint/.git/objects/4a/d2f0ee7527bde40023f6d43ee15ba1aa703a59' -> '/Volumes/Ryan SSD/htdocs/vns-bodypaint/.git/objects/4a/d2f0ee7527bde40023f6d43ee15ba1aa703a59'
2016-08-22 09:55:29: Copy New '/Volumes/RyanWork/htdocs/vns-bodypaint/.git/objects/4b/b6a58f5c7912ecce57ea9065f452530b5be4d1' -> '/Volumes/Ryan SSD/htdocs/vns-bodypaint/.git/objects/4b/b6a58f5c7912ecce57ea9065f452530b5be4d1'
2016-08-22 09:55:29: Copy New '/Volumes/RyanWork/htdocs/vns-bodypaint/.git/objects/4c/10d9c53781b4c01a4002d71fda7711b7e9336a' -> '/Volumes/Ryan SSD/htdocs/vns-bodypaint/.git/objects/4c/10d9c53781b4c01a4002d71fda7711b7e9336a'
2016-08-22 09:55:29: Copy New '/Volumes/RyanWork/htdocs/vns-bodypaint/.git/objects/4c/d8771fb31a9c4bf034b45516cf0a33b63160d9' -> '/Volumes/Ryan SSD/htdocs/vns-bodypaint/.git/objects/4c/d8771fb31a9c4bf034b45516cf0a33b63160d9'
2016-08-22 09:55:29: Copy Over '/Volumes/RyanWork/htdocs/vns-bodypaint/.git/objects/4d/36bdee862f3a69b58790f2d850d5745aa7d642' -> '/Volumes/Ryan SSD/htdocs/vns-bodypaint/.git/objects/4d/36bdee862f3a69b58790f2d850d5745aa7d642'
2016-08-22 09:55:29: Copy Over '/Volumes/RyanWork/htdocs/vns-bodypaint/.git/objects/4d/575635444e609ae31492f0e6823818cee23511' -> '/Volumes/Ryan SSD/htdocs/vns-bodypaint/.git/objects/4d/575635444e609ae31492f0e6823818cee23511'
2016-08-22 09:55:29: Copy New '/Volumes/RyanWork/htdocs/vns-bodypaint/.git/objects/4d/8d06a520a8d9e0c69b3479a8f14e677d9a144e' -> '/Volumes/Ryan SSD/htdocs/vns-bodypaint/.git/objects/4d/8d06a520a8d9e0c69b3479a8f14e677d9a144e'
2016-08-22 09:55:29: Copy New '/Volumes/RyanWork/htdocs/vns-bodypaint/.git/objects/4e/2c34083a99bfd768fc1008fb5cf9981ed27d97' -> '/Volumes/Ryan SSD/htdocs/vns-bodypaint/.git/objects/4e/2c34083a99bfd768fc1008fb5cf9981ed27d97'
2016-08-22 09:55:29: Copy New '/Volumes/RyanWork/htdocs/vns-bodypaint/.git/objects/4e/a7071928c46e29534ddec1755df850b0262978' -> '/Volumes/Ryan SSD/htdocs/vns-bodypaint/.git/objects/4e/a7071928c46e29534ddec1755df850b0262978'
2016-08-22 09:55:29: Copy New '/Volumes/RyanWork/htdocs/vns-bodypaint/.git/objects/4f/bd3254fcb84888d12bb3886c3875ad8a1f23cf' -> '/Volumes/Ryan SSD/htdocs/vns-bodypaint/.git/objects/4f/bd3254fcb84888d12bb3886c3875ad8a1f23cf'
2016-08-22 09:55:29: Copy New '/Volumes/RyanWork/htdocs/vns-bodypaint/.git/objects/4f/da6b85d7f3425fe136abecc77c644e6b668410' -> '/Volumes/Ryan SSD/htdocs/vns-bodypaint/.git/objects/4f/da6b85d7f3425fe136abecc77c644e6b668410'
2016-08-22 09:55:29: Copy New '/Volumes/RyanWork/htdocs/vns-bodypaint/.git/objects/50/450749b93f347febde906a1831f97b09ddea86' -> '/Volumes/Ryan SSD/htdocs/vns-bodypaint/.git/objects/50/450749b93f347febde906a1831f97b09ddea86'
2016-08-22 09:55:29: Copy New '/Volumes/RyanWork/htdocs/vns-bodypaint/.git/objects/54/73e71f78b1f38880d7ae48d3f2854d82eef91c' -> '/Volumes/Ryan SSD/htdocs/vns-bodypaint/.git/objects/54/73e71f78b1f38880d7ae48d3f2854d82eef91c'
2016-08-22 09:55:29: Copy New '/Volumes/RyanWork/htdocs/vns-bodypaint/.git/objects/54/c9572506a14067bccdadc323d3c70fe61b2783' -> '/Volumes/Ryan SSD/htdocs/vns-bodypaint/.git/objects/54/c9572506a14067bccdadc323d3c70fe61b2783'
2016-08-22 09:55:29: Copy New '/Volumes/RyanWork/htdocs/vns-bodypaint/.git/objects/55/9733ba7910d81eefef98da67826d964519083a' -> '/Volumes/Ryan SSD/htdocs/vns-bodypaint/.git/objects/55/9733ba7910d81eefef98da67826d964519083a'
2016-08-22 09:55:29: Copy New '/Volumes/RyanWork/htdocs/vns-bodypaint/.git/objects/56/1adb605e1a0f56ff40667d8aa78399175f4a79' -> '/Volumes/Ryan SSD/htdocs/vns-bodypaint/.git/objects/56/1adb605e1a0f56ff40667d8aa78399175f4a79'
2016-08-22 09:55:29: Copy New '/Volumes/RyanWork/htdocs/vns-bodypaint/.git/objects/56/ad1bfcf9e6c52ae4f09ff808e760af2402cad4' -> '/Volumes/Ryan SSD/htdocs/vns-bodypaint/.git/objects/56/ad1bfcf9e6c52ae4f09ff808e760af2402cad4'
2016-08-22 09:55:29: Copy New '/Volumes/RyanWork/htdocs/vns-bodypaint/.git/objects/56/f1219b499cfc62652a119172b667b63380f6a1' -> '/Volumes/Ryan SSD/htdocs/vns-bodypaint/.git/objects/56/f1219b499cfc62652a119172b667b63380f6a1'
2016-08-22 09:55:29: Copy New '/Volumes/RyanWork/htdocs/vns-bodypaint/.git/objects/57/3711bd30e50be07b71c9984627d876f6c2f65e' -> '/Volumes/Ryan SSD/htdocs/vns-bodypaint/.git/objects/57/3711bd30e50be07b71c9984627d876f6c2f65e'
2016-08-22 09:55:29: Copy New '/Volumes/RyanWork/htdocs/vns-bodypaint/.git/objects/59/7d6cf8419fe3c2ccfe6df9c9fb30a688913874' -> '/Volumes/Ryan SSD/htdocs/vns-bodypaint/.git/objects/59/7d6cf8419fe3c2ccfe6df9c9fb30a688913874'
2016-08-22 09:55:29: Copy New '/Volumes/RyanWork/htdocs/vns-bodypaint/.git/objects/59/b8b4ce37f1c4b648d5e9b1848ea5856282984a' -> '/Volumes/Ryan SSD/htdocs/vns-bodypaint/.git/objects/59/b8b4ce37f1c4b648d5e9b1848ea5856282984a'
2016-08-22 09:55:29: Copy Over '/Volumes/RyanWork/htdocs/vns-bodypaint/.git/objects/59/b9b8d3de585e67a56c4cc31a8b81660de34fc1' -> '/Volumes/Ryan SSD/htdocs/vns-bodypaint/.git/objects/59/b9b8d3de585e67a56c4cc31a8b81660de34fc1'
2016-08-22 09:55:29: Copy New '/Volumes/RyanWork/htdocs/vns-bodypaint/.git/objects/5a/c7d13c5aff634d6cb7cfda2890263bde2b5959' -> '/Volumes/Ryan SSD/htdocs/vns-bodypaint/.git/objects/5a/c7d13c5aff634d6cb7cfda2890263bde2b5959'
2016-08-22 09:55:29: Copy New '/Volumes/RyanWork/htdocs/vns-bodypaint/.git/objects/5c/b724f9003635c89445d63130a1b6d42f27c404' -> '/Volumes/Ryan SSD/htdocs/vns-bodypaint/.git/objects/5c/b724f9003635c89445d63130a1b6d42f27c404'
2016-08-22 09:55:29: Copy Over '/Volumes/RyanWork/htdocs/vns-bodypaint/.git/objects/61/55de306e52c75bb7cb7bc035b2f26774d35c7e' -> '/Volumes/Ryan SSD/htdocs/vns-bodypaint/.git/objects/61/55de306e52c75bb7cb7bc035b2f26774d35c7e'
2016-08-22 09:55:29: Copy New '/Volumes/RyanWork/htdocs/vns-bodypaint/.git/objects/64/818a1495952eacb4e96d93fb7dd50bf57e3dd0' -> '/Volumes/Ryan SSD/htdocs/vns-bodypaint/.git/objects/64/818a1495952eacb4e96d93fb7dd50bf57e3dd0'
2016-08-22 09:55:29: Copy New '/Volumes/RyanWork/htdocs/vns-bodypaint/.git/objects/65/2b99fb5dedb0e13a72e09f8d0f6abe0762aaf8' -> '/Volumes/Ryan SSD/htdocs/vns-bodypaint/.git/objects/65/2b99fb5dedb0e13a72e09f8d0f6abe0762aaf8'
2016-08-22 09:55:29: Copy New '/Volumes/RyanWork/htdocs/vns-bodypaint/.git/objects/67/b7b0e16e721b58a255b75f6dd417c71cd99fc6' -> '/Volumes/Ryan SSD/htdocs/vns-bodypaint/.git/objects/67/b7b0e16e721b58a255b75f6dd417c71cd99fc6'
2016-08-22 09:55:29: Copy New '/Volumes/RyanWork/htdocs/vns-bodypaint/.git/objects/68/cdef1d090c5e681fbebad7974bee4607821904' -> '/Volumes/Ryan SSD/htdocs/vns-bodypaint/.git/objects/68/cdef1d090c5e681fbebad7974bee4607821904'
2016-08-22 09:55:29: Copy New '/Volumes/RyanWork/htdocs/vns-bodypaint/.git/objects/69/72c5e5946080ca1dec4de09d9430d3edf6c555' -> '/Volumes/Ryan SSD/htdocs/vns-bodypaint/.git/objects/69/72c5e5946080ca1dec4de09d9430d3edf6c555'
2016-08-22 09:55:29: Copy New '/Volumes/RyanWork/htdocs/vns-bodypaint/.git/objects/69/916e1d85d1418be8ec6b6396b8c7fff60d8cb9' -> '/Volumes/Ryan SSD/htdocs/vns-bodypaint/.git/objects/69/916e1d85d1418be8ec6b6396b8c7fff60d8cb9'
2016-08-22 09:55:29: Copy New '/Volumes/RyanWork/htdocs/vns-bodypaint/.git/objects/6a/e5c7a8b55f92b147ffcdf7f06b37406d746d7e' -> '/Volumes/Ryan SSD/htdocs/vns-bodypaint/.git/objects/6a/e5c7a8b55f92b147ffcdf7f06b37406d746d7e'
2016-08-22 09:55:29: Copy New '/Volumes/RyanWork/htdocs/vns-bodypaint/.git/objects/6c/6bad5b21d1c198af0113aceea804461d3e3578' -> '/Volumes/Ryan SSD/htdocs/vns-bodypaint/.git/objects/6c/6bad5b21d1c198af0113aceea804461d3e3578'
2016-08-22 09:55:29: Copy New '/Volumes/RyanWork/htdocs/vns-bodypaint/.git/objects/6d/0b1c97712e03c37803bb23b12427a4eebcc43a' -> '/Volumes/Ryan SSD/htdocs/vns-bodypaint/.git/objects/6d/0b1c97712e03c37803bb23b12427a4eebcc43a'
2016-08-22 09:55:29: Copy New '/Volumes/RyanWork/htdocs/vns-bodypaint/.git/objects/6d/23fa76d901ed818532d64623c50df7eac839ed' -> '/Volumes/Ryan SSD/htdocs/vns-bodypaint/.git/objects/6d/23fa76d901ed818532d64623c50df7eac839ed'
2016-08-22 09:55:29: Copy New '/Volumes/RyanWork/htdocs/vns-bodypaint/.git/objects/6f/712fd65876ba97abd1196ada65df664136fe91' -> '/Volumes/Ryan SSD/htdocs/vns-bodypaint/.git/objects/6f/712fd65876ba97abd1196ada65df664136fe91'
2016-08-22 09:55:29: Copy New '/Volumes/RyanWork/htdocs/vns-bodypaint/.git/objects/6f/f31064168aa708d89d8cc1097b0a2099120588' -> '/Volumes/Ryan SSD/htdocs/vns-bodypaint/.git/objects/6f/f31064168aa708d89d8cc1097b0a2099120588'
2016-08-22 09:55:29: Copy New '/Volumes/RyanWork/htdocs/vns-bodypaint/.git/objects/70/33a142e5e790702494caccef71105d27672740' -> '/Volumes/Ryan SSD/htdocs/vns-bodypaint/.git/objects/70/33a142e5e790702494caccef71105d27672740'
2016-08-22 09:55:29: Copy New '/Volumes/RyanWork/htdocs/vns-bodypaint/.git/objects/70/eb717578f1e4e1c0cbcee855e14b8a91f8f7ce' -> '/Volumes/Ryan SSD/htdocs/vns-bodypaint/.git/objects/70/eb717578f1e4e1c0cbcee855e14b8a91f8f7ce'
2016-08-22 09:55:29: Copy New '/Volumes/RyanWork/htdocs/vns-bodypaint/.git/objects/71/0207ce627fd10afb4b7d25416f95cc461b876f' -> '/Volumes/Ryan SSD/htdocs/vns-bodypaint/.git/objects/71/0207ce627fd10afb4b7d25416f95cc461b876f'
2016-08-22 09:55:29: Copy New '/Volumes/RyanWork/htdocs/vns-bodypaint/.git/objects/71/09641e49741d0151915cbb4d22301b33616229' -> '/Volumes/Ryan SSD/htdocs/vns-bodypaint/.git/objects/71/09641e49741d0151915cbb4d22301b33616229'
2016-08-22 09:55:29: Copy New '/Volumes/RyanWork/htdocs/vns-bodypaint/.git/objects/71/4752690ecd33d751ebc4e5f639fb31e4a67456' -> '/Volumes/Ryan SSD/htdocs/vns-bodypaint/.git/objects/71/4752690ecd33d751ebc4e5f639fb31e4a67456'
2016-08-22 09:55:29: Copy New '/Volumes/RyanWork/htdocs/vns-bodypaint/.git/objects/71/64aae569fefb245259f9d9c3a0ec58a70f36cc' -> '/Volumes/Ryan SSD/htdocs/vns-bodypaint/.git/objects/71/64aae569fefb245259f9d9c3a0ec58a70f36cc'
2016-08-22 09:55:29: Copy New '/Volumes/RyanWork/htdocs/vns-bodypaint/.git/objects/71/c9bd32ff6af42b3ae22483989c987d7be24d01' -> '/Volumes/Ryan SSD/htdocs/vns-bodypaint/.git/objects/71/c9bd32ff6af42b3ae22483989c987d7be24d01'
2016-08-22 09:55:29: Copy New '/Volumes/RyanWork/htdocs/vns-bodypaint/.git/objects/72/91210034ac928cdcc9fc3e063d623b8c139499' -> '/Volumes/Ryan SSD/htdocs/vns-bodypaint/.git/objects/72/91210034ac928cdcc9fc3e063d623b8c139499'
2016-08-22 09:55:29: Copy New '/Volumes/RyanWork/htdocs/vns-bodypaint/.git/objects/73/72be096da522e6d5d26b80946830695e027c1a' -> '/Volumes/Ryan SSD/htdocs/vns-bodypaint/.git/objects/73/72be096da522e6d5d26b80946830695e027c1a'
2016-08-22 09:55:29: Copy New '/Volumes/RyanWork/htdocs/vns-bodypaint/.git/objects/73/b2c7d057940a811718df5336aa5cfc1c9e6319' -> '/Volumes/Ryan SSD/htdocs/vns-bodypaint/.git/objects/73/b2c7d057940a811718df5336aa5cfc1c9e6319'
2016-08-22 09:55:29: Copy New '/Volumes/RyanWork/htdocs/vns-bodypaint/.git/objects/74/7f610ae08c8a4cc9e0065a9f20b2315886f2dc' -> '/Volumes/Ryan SSD/htdocs/vns-bodypaint/.git/objects/74/7f610ae08c8a4cc9e0065a9f20b2315886f2dc'
2016-08-22 09:55:29: Copy New '/Volumes/RyanWork/htdocs/vns-bodypaint/.git/objects/76/d31762eba0e3945e3f1098b6e698dd2c6dd91f' -> '/Volumes/Ryan SSD/htdocs/vns-bodypaint/.git/objects/76/d31762eba0e3945e3f1098b6e698dd2c6dd91f'
2016-08-22 09:55:29: Copy New '/Volumes/RyanWork/htdocs/vns-bodypaint/.git/objects/78/81bad442e7104ff183c67ea79218e9806913c4' -> '/Volumes/Ryan SSD/htdocs/vns-bodypaint/.git/objects/78/81bad442e7104ff183c67ea79218e9806913c4'
2016-08-22 09:55:29: Copy New '/Volumes/RyanWork/htdocs/vns-bodypaint/.git/objects/78/ab66b70a32acda9b8fabdfb8340fee3a24de52' -> '/Volumes/Ryan SSD/htdocs/vns-bodypaint/.git/objects/78/ab66b70a32acda9b8fabdfb8340fee3a24de52'
2016-08-22 09:55:29: Copy New '/Volumes/RyanWork/htdocs/vns-bodypaint/.git/objects/78/be34b37322956f9924a5ec00021e6690ee8570' -> '/Volumes/Ryan SSD/htdocs/vns-bodypaint/.git/objects/78/be34b37322956f9924a5ec00021e6690ee8570'
2016-08-22 09:55:29: Copy New '/Volumes/RyanWork/htdocs/vns-bodypaint/.git/objects/79/0e2a5ec81b86aaae05b2b543d717702b6e7fbe' -> '/Volumes/Ryan SSD/htdocs/vns-bodypaint/.git/objects/79/0e2a5ec81b86aaae05b2b543d717702b6e7fbe'
2016-08-22 09:55:29: Copy New '/Volumes/RyanWork/htdocs/vns-bodypaint/.git/objects/79/379c698b9b260848ee71aa90d9ee67611093e1' -> '/Volumes/Ryan SSD/htdocs/vns-bodypaint/.git/objects/79/379c698b9b260848ee71aa90d9ee67611093e1'
2016-08-22 09:55:29: Copy New '/Volumes/RyanWork/htdocs/vns-bodypaint/.git/objects/7c/04558d1c3f2f66bcd3678b4cd763e94da6561e' -> '/Volumes/Ryan SSD/htdocs/vns-bodypaint/.git/objects/7c/04558d1c3f2f66bcd3678b4cd763e94da6561e'
2016-08-22 09:55:29: Copy New '/Volumes/RyanWork/htdocs/vns-bodypaint/.git/objects/7c/6b0239609c3413452a84e3fa30930185845d0a' -> '/Volumes/Ryan SSD/htdocs/vns-bodypaint/.git/objects/7c/6b0239609c3413452a84e3fa30930185845d0a'
2016-08-22 09:55:29: Copy New '/Volumes/RyanWork/htdocs/vns-bodypaint/.git/objects/7c/ed0f0fdc7a261e55fe1795349e877339b65a36' -> '/Volumes/Ryan SSD/htdocs/vns-bodypaint/.git/objects/7c/ed0f0fdc7a261e55fe1795349e877339b65a36'
2016-08-22 09:55:29: Copy New '/Volumes/RyanWork/htdocs/vns-bodypaint/.git/objects/7e/06da13e615def00230e0f6db96ee1c284c1d70' -> '/Volumes/Ryan SSD/htdocs/vns-bodypaint/.git/objects/7e/06da13e615def00230e0f6db96ee1c284c1d70'
2016-08-22 09:55:29: Copy Over '/Volumes/RyanWork/htdocs/vns-bodypaint/.git/objects/7f/23233b4f70cc966ff7038cbea958a9b6c90cd2' -> '/Volumes/Ryan SSD/htdocs/vns-bodypaint/.git/objects/7f/23233b4f70cc966ff7038cbea958a9b6c90cd2'
2016-08-22 09:55:29: Copy New '/Volumes/RyanWork/htdocs/vns-bodypaint/.git/objects/80/08250a50aee5c7e7741e57aeb0d9473d11a7cb' -> '/Volumes/Ryan SSD/htdocs/vns-bodypaint/.git/objects/80/08250a50aee5c7e7741e57aeb0d9473d11a7cb'
2016-08-22 09:55:29: Copy New '/Volumes/RyanWork/htdocs/vns-bodypaint/.git/objects/80/34517ee87d05ff26c859570c61b0604821eba8' -> '/Volumes/Ryan SSD/htdocs/vns-bodypaint/.git/objects/80/34517ee87d05ff26c859570c61b0604821eba8'
2016-08-22 09:55:29: Copy New '/Volumes/RyanWork/htdocs/vns-bodypaint/.git/objects/81/8e0c491fb50bb3c4d432a3e626b319d48370f3' -> '/Volumes/Ryan SSD/htdocs/vns-bodypaint/.git/objects/81/8e0c491fb50bb3c4d432a3e626b319d48370f3'
2016-08-22 09:55:29: Copy New '/Volumes/RyanWork/htdocs/vns-bodypaint/.git/objects/81/a202405b61ff0b9efd4029d763c345548e78ad' -> '/Volumes/Ryan SSD/htdocs/vns-bodypaint/.git/objects/81/a202405b61ff0b9efd4029d763c345548e78ad'
2016-08-22 09:55:29: Copy New '/Volumes/RyanWork/htdocs/vns-bodypaint/.git/objects/81/e6949136875d9256b39218b542d9bf26c48bd5' -> '/Volumes/Ryan SSD/htdocs/vns-bodypaint/.git/objects/81/e6949136875d9256b39218b542d9bf26c48bd5'
2016-08-22 09:55:29: Copy New '/Volumes/RyanWork/htdocs/vns-bodypaint/.git/objects/82/3814a4a420bd821afc2ffc65e1264fcf81a746' -> '/Volumes/Ryan SSD/htdocs/vns-bodypaint/.git/objects/82/3814a4a420bd821afc2ffc65e1264fcf81a746'
2016-08-22 09:55:29: Copy Over '/Volumes/RyanWork/htdocs/vns-bodypaint/.git/objects/84/fb0910949b138ec37bc3b1c7b357a4a69e2d1b' -> '/Volumes/Ryan SSD/htdocs/vns-bodypaint/.git/objects/84/fb0910949b138ec37bc3b1c7b357a4a69e2d1b'
2016-08-22 09:55:29: Copy New '/Volumes/RyanWork/htdocs/vns-bodypaint/.git/objects/85/dddbe3f8ebe3f8fb12f0bdc46adb430bd2165c' -> '/Volumes/Ryan SSD/htdocs/vns-bodypaint/.git/objects/85/dddbe3f8ebe3f8fb12f0bdc46adb430bd2165c'
2016-08-22 09:55:29: Copy New '/Volumes/RyanWork/htdocs/vns-bodypaint/.git/objects/86/40b299f9220b208f960388a0aaaae58faf716a' -> '/Volumes/Ryan SSD/htdocs/vns-bodypaint/.git/objects/86/40b299f9220b208f960388a0aaaae58faf716a'
2016-08-22 09:55:29: Copy New '/Volumes/RyanWork/htdocs/vns-bodypaint/.git/objects/86/44bb5968531325a959cf15865fadcfcfceaed8' -> '/Volumes/Ryan SSD/htdocs/vns-bodypaint/.git/objects/86/44bb5968531325a959cf15865fadcfcfceaed8'
2016-08-22 09:55:29: Copy New '/Volumes/RyanWork/htdocs/vns-bodypaint/.git/objects/87/a3cc2b360a7408eeef9af032297f9696515571' -> '/Volumes/Ryan SSD/htdocs/vns-bodypaint/.git/objects/87/a3cc2b360a7408eeef9af032297f9696515571'
2016-08-22 09:55:29: Copy New '/Volumes/RyanWork/htdocs/vns-bodypaint/.git/objects/88/0e6df9d10d84c1b87874f727d4dbaf0bda7330' -> '/Volumes/Ryan SSD/htdocs/vns-bodypaint/.git/objects/88/0e6df9d10d84c1b87874f727d4dbaf0bda7330'
2016-08-22 09:55:29: Copy Over '/Volumes/RyanWork/htdocs/vns-bodypaint/.git/objects/88/25cc502ef08ef6e8383ad5d556214d29e4aaee' -> '/Volumes/Ryan SSD/htdocs/vns-bodypaint/.git/objects/88/25cc502ef08ef6e8383ad5d556214d29e4aaee'
2016-08-22 09:55:29: Copy New '/Volumes/RyanWork/htdocs/vns-bodypaint/.git/objects/8a/3b6c0159a866bed0faec9422886eef308c560f' -> '/Volumes/Ryan SSD/htdocs/vns-bodypaint/.git/objects/8a/3b6c0159a866bed0faec9422886eef308c560f'
2016-08-22 09:55:29: Copy Over '/Volumes/RyanWork/htdocs/vns-bodypaint/.git/objects/8a/f5e80561beb9ac2bc2dbe03cddbf0634548582' -> '/Volumes/Ryan SSD/htdocs/vns-bodypaint/.git/objects/8a/f5e80561beb9ac2bc2dbe03cddbf0634548582'
2016-08-22 09:55:29: Copy New '/Volumes/RyanWork/htdocs/vns-bodypaint/.git/objects/8b/68473271465a40a1d0e7f56952cbf86a81589b' -> '/Volumes/Ryan SSD/htdocs/vns-bodypaint/.git/objects/8b/68473271465a40a1d0e7f56952cbf86a81589b'
2016-08-22 09:55:29: Copy New '/Volumes/RyanWork/htdocs/vns-bodypaint/.git/objects/8c/4561c76db3913c8cf89c907f47335e0b486ab0' -> '/Volumes/Ryan SSD/htdocs/vns-bodypaint/.git/objects/8c/4561c76db3913c8cf89c907f47335e0b486ab0'
2016-08-22 09:55:29: Copy New '/Volumes/RyanWork/htdocs/vns-bodypaint/.git/objects/8c/b1a3d80afa3564bb9efb867201df28618a2a6d' -> '/Volumes/Ryan SSD/htdocs/vns-bodypaint/.git/objects/8c/b1a3d80afa3564bb9efb867201df28618a2a6d'
2016-08-22 09:55:29: Copy New '/Volumes/RyanWork/htdocs/vns-bodypaint/.git/objects/8e/0763d1c21e7ca10be5e21d02a2008967083e1e' -> '/Volumes/Ryan SSD/htdocs/vns-bodypaint/.git/objects/8e/0763d1c21e7ca10be5e21d02a2008967083e1e'
2016-08-22 09:55:29: Copy New '/Volumes/RyanWork/htdocs/vns-bodypaint/.git/objects/8e/129f47ddb3c0ac91115e21926c9df6a59fe322' -> '/Volumes/Ryan SSD/htdocs/vns-bodypaint/.git/objects/8e/129f47ddb3c0ac91115e21926c9df6a59fe322'
2016-08-22 09:55:29: Copy New '/Volumes/RyanWork/htdocs/vns-bodypaint/.git/objects/8e/d369f58862af5e8ed9b2b749326f65be0b89b4' -> '/Volumes/Ryan SSD/htdocs/vns-bodypaint/.git/objects/8e/d369f58862af5e8ed9b2b749326f65be0b89b4'
2016-08-22 09:55:29: Copy New '/Volumes/RyanWork/htdocs/vns-bodypaint/.git/objects/8e/dfd44e2354a7297e8632211564e9201a60352e' -> '/Volumes/Ryan SSD/htdocs/vns-bodypaint/.git/objects/8e/dfd44e2354a7297e8632211564e9201a60352e'
2016-08-22 09:55:29: Copy New '/Volumes/RyanWork/htdocs/vns-bodypaint/.git/objects/8f/d78321c51b2143abef54b52679f7a5648fdae8' -> '/Volumes/Ryan SSD/htdocs/vns-bodypaint/.git/objects/8f/d78321c51b2143abef54b52679f7a5648fdae8'
2016-08-22 09:55:29: Copy New '/Volumes/RyanWork/htdocs/vns-bodypaint/.git/objects/90/1cb68c741a9b7a6994d453d4ad58beb5104714' -> '/Volumes/Ryan SSD/htdocs/vns-bodypaint/.git/objects/90/1cb68c741a9b7a6994d453d4ad58beb5104714'
2016-08-22 09:55:29: Copy New '/Volumes/RyanWork/htdocs/vns-bodypaint/.git/objects/90/83bc6f22de1d4e10899a8410389c93a328c5c9' -> '/Volumes/Ryan SSD/htdocs/vns-bodypaint/.git/objects/90/83bc6f22de1d4e10899a8410389c93a328c5c9'
2016-08-22 09:55:29: Copy New '/Volumes/RyanWork/htdocs/vns-bodypaint/.git/objects/90/8ebc3ef33ca50a8346ce6de43752f2a1b4ebab' -> '/Volumes/Ryan SSD/htdocs/vns-bodypaint/.git/objects/90/8ebc3ef33ca50a8346ce6de43752f2a1b4ebab'
2016-08-22 09:55:29: Copy New '/Volumes/RyanWork/htdocs/vns-bodypaint/.git/objects/92/c1edb0ebb152b85e7a8d73cb6ba323049399d3' -> '/Volumes/Ryan SSD/htdocs/vns-bodypaint/.git/objects/92/c1edb0ebb152b85e7a8d73cb6ba323049399d3'
2016-08-22 09:55:29: Copy Over '/Volumes/RyanWork/htdocs/vns-bodypaint/.git/objects/92/d6d5ebbc0fea69d38db04b5b42fcabff1bdfe3' -> '/Volumes/Ryan SSD/htdocs/vns-bodypaint/.git/objects/92/d6d5ebbc0fea69d38db04b5b42fcabff1bdfe3'
2016-08-22 09:55:29: Copy New '/Volumes/RyanWork/htdocs/vns-bodypaint/.git/objects/95/99fa6819200c3f0beb73d687259f339597620d' -> '/Volumes/Ryan SSD/htdocs/vns-bodypaint/.git/objects/95/99fa6819200c3f0beb73d687259f339597620d'
2016-08-22 09:55:29: Copy New '/Volumes/RyanWork/htdocs/vns-bodypaint/.git/objects/95/cb3f1fb3655ad896f188314b4b9f5337beb7ee' -> '/Volumes/Ryan SSD/htdocs/vns-bodypaint/.git/objects/95/cb3f1fb3655ad896f188314b4b9f5337beb7ee'
2016-08-22 09:55:29: Copy New '/Volumes/RyanWork/htdocs/vns-bodypaint/.git/objects/96/6a281b114c44a8f0d6b20cbd6bc08bfc60168e' -> '/Volumes/Ryan SSD/htdocs/vns-bodypaint/.git/objects/96/6a281b114c44a8f0d6b20cbd6bc08bfc60168e'
2016-08-22 09:55:29: Copy New '/Volumes/RyanWork/htdocs/vns-bodypaint/.git/objects/97/92371bcb197aec5e12c87c822db75d8765c21d' -> '/Volumes/Ryan SSD/htdocs/vns-bodypaint/.git/objects/97/92371bcb197aec5e12c87c822db75d8765c21d'
2016-08-22 09:55:29: Copy New '/Volumes/RyanWork/htdocs/vns-bodypaint/.git/objects/9a/7b34674e4b688a950652f5c0d696821e940438' -> '/Volumes/Ryan SSD/htdocs/vns-bodypaint/.git/objects/9a/7b34674e4b688a950652f5c0d696821e940438'
2016-08-22 09:55:29: Copy Over '/Volumes/RyanWork/htdocs/vns-bodypaint/.git/objects/9a/db2858972efd9d45e5256c6dc710046cc45b8a' -> '/Volumes/Ryan SSD/htdocs/vns-bodypaint/.git/objects/9a/db2858972efd9d45e5256c6dc710046cc45b8a'
2016-08-22 09:55:29: Copy New '/Volumes/RyanWork/htdocs/vns-bodypaint/.git/objects/9b/22e30f48666539a883c7e20f5534ab86a0b764' -> '/Volumes/Ryan SSD/htdocs/vns-bodypaint/.git/objects/9b/22e30f48666539a883c7e20f5534ab86a0b764'
2016-08-22 09:55:29: Copy New '/Volumes/RyanWork/htdocs/vns-bodypaint/.git/objects/9b/4ce4d8de252e3d95adcf17e9c0c37420edec3d' -> '/Volumes/Ryan SSD/htdocs/vns-bodypaint/.git/objects/9b/4ce4d8de252e3d95adcf17e9c0c37420edec3d'
2016-08-22 09:55:29: Copy New '/Volumes/RyanWork/htdocs/vns-bodypaint/.git/objects/9b/dd83c8ded93d00b1e05abcfe1d6cb5b2ae96ef' -> '/Volumes/Ryan SSD/htdocs/vns-bodypaint/.git/objects/9b/dd83c8ded93d00b1e05abcfe1d6cb5b2ae96ef'
2016-08-22 09:55:29: Copy New '/Volumes/RyanWork/htdocs/vns-bodypaint/.git/objects/9c/1cf89037ecb1837e870fbca8dda2f529fcffd9' -> '/Volumes/Ryan SSD/htdocs/vns-bodypaint/.git/objects/9c/1cf89037ecb1837e870fbca8dda2f529fcffd9'
2016-08-22 09:55:29: Copy New '/Volumes/RyanWork/htdocs/vns-bodypaint/.git/objects/9c/63086ee251a4420abb8631796818051c43e474' -> '/Volumes/Ryan SSD/htdocs/vns-bodypaint/.git/objects/9c/63086ee251a4420abb8631796818051c43e474'
2016-08-22 09:55:29: Copy New '/Volumes/RyanWork/htdocs/vns-bodypaint/.git/objects/9d/70d0134b0c7442e39cfb346bc6683f723ca929' -> '/Volumes/Ryan SSD/htdocs/vns-bodypaint/.git/objects/9d/70d0134b0c7442e39cfb346bc6683f723ca929'
2016-08-22 09:55:29: Copy New '/Volumes/RyanWork/htdocs/vns-bodypaint/.git/objects/9d/a1ddfe78992a2fb7b7a8fb5fbb8149e3030964' -> '/Volumes/Ryan SSD/htdocs/vns-bodypaint/.git/objects/9d/a1ddfe78992a2fb7b7a8fb5fbb8149e3030964'
2016-08-22 09:55:29: Copy Over '/Volumes/RyanWork/htdocs/vns-bodypaint/.git/objects/9e/4fce85145670bf4e093fa83e75740deef7489c' -> '/Volumes/Ryan SSD/htdocs/vns-bodypaint/.git/objects/9e/4fce85145670bf4e093fa83e75740deef7489c'
2016-08-22 09:55:29: Copy Over '/Volumes/RyanWork/htdocs/vns-bodypaint/.git/objects/9e/72bce4210ee4fe7508d78ad1289fd8e047b1dd' -> '/Volumes/Ryan SSD/htdocs/vns-bodypaint/.git/objects/9e/72bce4210ee4fe7508d78ad1289fd8e047b1dd'
2016-08-22 09:55:29: Copy New '/Volumes/RyanWork/htdocs/vns-bodypaint/.git/objects/9e/cc03ae56b25ab84f9800ad68113dadfef05775' -> '/Volumes/Ryan SSD/htdocs/vns-bodypaint/.git/objects/9e/cc03ae56b25ab84f9800ad68113dadfef05775'
2016-08-22 09:55:29: Copy New '/Volumes/RyanWork/htdocs/vns-bodypaint/.git/objects/9e/dbf55c92421b0ff6afa2bd40e209c02a0b71f2' -> '/Volumes/Ryan SSD/htdocs/vns-bodypaint/.git/objects/9e/dbf55c92421b0ff6afa2bd40e209c02a0b71f2'
2016-08-22 09:55:29: Copy New '/Volumes/RyanWork/htdocs/vns-bodypaint/.git/objects/9f/3ca39c5cf56b67f3ada85803f02192a23027d2' -> '/Volumes/Ryan SSD/htdocs/vns-bodypaint/.git/objects/9f/3ca39c5cf56b67f3ada85803f02192a23027d2'
2016-08-22 09:55:29: Copy New '/Volumes/RyanWork/htdocs/vns-bodypaint/.git/objects/9f/5942ee27d5860012799fcae719165d861b73fb' -> '/Volumes/Ryan SSD/htdocs/vns-bodypaint/.git/objects/9f/5942ee27d5860012799fcae719165d861b73fb'
2016-08-22 09:55:29: Copy Over '/Volumes/RyanWork/htdocs/vns-bodypaint/.git/objects/9f/71a38bccd55e9b63cf84e1ea19f1958d002987' -> '/Volumes/Ryan SSD/htdocs/vns-bodypaint/.git/objects/9f/71a38bccd55e9b63cf84e1ea19f1958d002987'
2016-08-22 09:55:29: Copy New '/Volumes/RyanWork/htdocs/vns-bodypaint/.git/objects/a0/968972ff037f3df7a9d17bd2322c4355655cda' -> '/Volumes/Ryan SSD/htdocs/vns-bodypaint/.git/objects/a0/968972ff037f3df7a9d17bd2322c4355655cda'
2016-08-22 09:55:29: Copy New '/Volumes/RyanWork/htdocs/vns-bodypaint/.git/objects/a3/8f4e52cf2672582df1994d4e772691920436ff' -> '/Volumes/Ryan SSD/htdocs/vns-bodypaint/.git/objects/a3/8f4e52cf2672582df1994d4e772691920436ff'
2016-08-22 09:55:29: Copy New '/Volumes/RyanWork/htdocs/vns-bodypaint/.git/objects/a3/dcfc92b0324c82d62f9a40d74d2e1666836408' -> '/Volumes/Ryan SSD/htdocs/vns-bodypaint/.git/objects/a3/dcfc92b0324c82d62f9a40d74d2e1666836408'
2016-08-22 09:55:29: Copy New '/Volumes/RyanWork/htdocs/vns-bodypaint/.git/objects/a3/e10316aecaea34008f0c8b2bbef9e557c5322f' -> '/Volumes/Ryan SSD/htdocs/vns-bodypaint/.git/objects/a3/e10316aecaea34008f0c8b2bbef9e557c5322f'
2016-08-22 09:55:29: Copy Over '/Volumes/RyanWork/htdocs/vns-bodypaint/.git/objects/a3/f0b8991c78caa5ef2e8921ebbf8732a7723d03' -> '/Volumes/Ryan SSD/htdocs/vns-bodypaint/.git/objects/a3/f0b8991c78caa5ef2e8921ebbf8732a7723d03'
2016-08-22 09:55:29: Copy New '/Volumes/RyanWork/htdocs/vns-bodypaint/.git/objects/a4/fffb334bc0add43fd6e85419ffa40aa5bfc4ec' -> '/Volumes/Ryan SSD/htdocs/vns-bodypaint/.git/objects/a4/fffb334bc0add43fd6e85419ffa40aa5bfc4ec'
2016-08-22 09:55:29: Copy New '/Volumes/RyanWork/htdocs/vns-bodypaint/.git/objects/a5/8562397b77f8aa79659643e57d96533988e688' -> '/Volumes/Ryan SSD/htdocs/vns-bodypaint/.git/objects/a5/8562397b77f8aa79659643e57d96533988e688'
2016-08-22 09:55:29: Copy New '/Volumes/RyanWork/htdocs/vns-bodypaint/.git/objects/a6/61f98d310b74b4e18a927b7c08d8a71722a0d5' -> '/Volumes/Ryan SSD/htdocs/vns-bodypaint/.git/objects/a6/61f98d310b74b4e18a927b7c08d8a71722a0d5'
2016-08-22 09:55:29: Copy New '/Volumes/RyanWork/htdocs/vns-bodypaint/.git/objects/a8/30e4952826fe6d4c2c9b6d66e96c40a32b36df' -> '/Volumes/Ryan SSD/htdocs/vns-bodypaint/.git/objects/a8/30e4952826fe6d4c2c9b6d66e96c40a32b36df'
2016-08-22 09:55:29: Copy New '/Volumes/RyanWork/htdocs/vns-bodypaint/.git/objects/aa/25227edd15d6b8069357a0746bef100b5c45b0' -> '/Volumes/Ryan SSD/htdocs/vns-bodypaint/.git/objects/aa/25227edd15d6b8069357a0746bef100b5c45b0'
2016-08-22 09:55:29: Copy New '/Volumes/RyanWork/htdocs/vns-bodypaint/.git/objects/aa/65bedb3b0b83709047eca99487e2d247340f04' -> '/Volumes/Ryan SSD/htdocs/vns-bodypaint/.git/objects/aa/65bedb3b0b83709047eca99487e2d247340f04'
2016-08-22 09:55:29: Copy New '/Volumes/RyanWork/htdocs/vns-bodypaint/.git/objects/ab/0f7019a04b5fc71f01b880e94cc7e5f5512a78' -> '/Volumes/Ryan SSD/htdocs/vns-bodypaint/.git/objects/ab/0f7019a04b5fc71f01b880e94cc7e5f5512a78'
2016-08-22 09:55:29: Copy New '/Volumes/RyanWork/htdocs/vns-bodypaint/.git/objects/ab/32a5810f8db5bc37f7bfc975ccbebc929efb46' -> '/Volumes/Ryan SSD/htdocs/vns-bodypaint/.git/objects/ab/32a5810f8db5bc37f7bfc975ccbebc929efb46'
2016-08-22 09:55:29: Copy New '/Volumes/RyanWork/htdocs/vns-bodypaint/.git/objects/ac/ebf67f9e7c6f9ac3c46305e1fb8402d8daceb0' -> '/Volumes/Ryan SSD/htdocs/vns-bodypaint/.git/objects/ac/ebf67f9e7c6f9ac3c46305e1fb8402d8daceb0'
2016-08-22 09:55:29: Copy New '/Volumes/RyanWork/htdocs/vns-bodypaint/.git/objects/ad/0745c581c411b453a9ab29a266f3c647dab636' -> '/Volumes/Ryan SSD/htdocs/vns-bodypaint/.git/objects/ad/0745c581c411b453a9ab29a266f3c647dab636'
2016-08-22 09:55:29: Copy New '/Volumes/RyanWork/htdocs/vns-bodypaint/.git/objects/ae/92eeb2d1d2d7799d0b4d5633d7a1a31380678c' -> '/Volumes/Ryan SSD/htdocs/vns-bodypaint/.git/objects/ae/92eeb2d1d2d7799d0b4d5633d7a1a31380678c'
2016-08-22 09:55:29: Copy New '/Volumes/RyanWork/htdocs/vns-bodypaint/.git/objects/b0/110c19dff7f741e1e085b9b2403de28973b404' -> '/Volumes/Ryan SSD/htdocs/vns-bodypaint/.git/objects/b0/110c19dff7f741e1e085b9b2403de28973b404'
2016-08-22 09:55:29: Copy New '/Volumes/RyanWork/htdocs/vns-bodypaint/.git/objects/b0/89c5d7c0c734183f4ab813123892310bb13d13' -> '/Volumes/Ryan SSD/htdocs/vns-bodypaint/.git/objects/b0/89c5d7c0c734183f4ab813123892310bb13d13'
2016-08-22 09:55:29: Copy New '/Volumes/RyanWork/htdocs/vns-bodypaint/.git/objects/b2/2941f6b57f7ca0995f44dde1f3e79ef23d8792' -> '/Volumes/Ryan SSD/htdocs/vns-bodypaint/.git/objects/b2/2941f6b57f7ca0995f44dde1f3e79ef23d8792'
2016-08-22 09:55:29: Copy New '/Volumes/RyanWork/htdocs/vns-bodypaint/.git/objects/b2/798576bf04e9b92febf33f7a73d0a2231f12b6' -> '/Volumes/Ryan SSD/htdocs/vns-bodypaint/.git/objects/b2/798576bf04e9b92febf33f7a73d0a2231f12b6'
2016-08-22 09:55:29: Copy New '/Volumes/RyanWork/htdocs/vns-bodypaint/.git/objects/b3/075b76cb184ae31ff15d7baf35aacc2b4d0dd1' -> '/Volumes/Ryan SSD/htdocs/vns-bodypaint/.git/objects/b3/075b76cb184ae31ff15d7baf35aacc2b4d0dd1'
2016-08-22 09:55:30: Copy New '/Volumes/RyanWork/htdocs/vns-bodypaint/.git/objects/b3/cc02d53e8d6a46b4e7fdbb352575c6801729bb' -> '/Volumes/Ryan SSD/htdocs/vns-bodypaint/.git/objects/b3/cc02d53e8d6a46b4e7fdbb352575c6801729bb'
2016-08-22 09:55:30: Copy New '/Volumes/RyanWork/htdocs/vns-bodypaint/.git/objects/b5/3d8b6c719f3fb703d5c40896680b77211ac594' -> '/Volumes/Ryan SSD/htdocs/vns-bodypaint/.git/objects/b5/3d8b6c719f3fb703d5c40896680b77211ac594'
2016-08-22 09:55:30: Copy New '/Volumes/RyanWork/htdocs/vns-bodypaint/.git/objects/b5/9029842d11de88fa5593f0725d61b2663338ec' -> '/Volumes/Ryan SSD/htdocs/vns-bodypaint/.git/objects/b5/9029842d11de88fa5593f0725d61b2663338ec'
2016-08-22 09:55:30: Copy Over '/Volumes/RyanWork/htdocs/vns-bodypaint/.git/objects/b7/02fbc3967b4f49eddb394723822973f2f80fb4' -> '/Volumes/Ryan SSD/htdocs/vns-bodypaint/.git/objects/b7/02fbc3967b4f49eddb394723822973f2f80fb4'
2016-08-22 09:55:30: Copy New '/Volumes/RyanWork/htdocs/vns-bodypaint/.git/objects/b9/4e45f3dd675a03e7bf134a88c8bc4de1ac1798' -> '/Volumes/Ryan SSD/htdocs/vns-bodypaint/.git/objects/b9/4e45f3dd675a03e7bf134a88c8bc4de1ac1798'
2016-08-22 09:55:30: Copy New '/Volumes/RyanWork/htdocs/vns-bodypaint/.git/objects/b9/9301edc68544dbe175763b7c28e4f1b7d34bf8' -> '/Volumes/Ryan SSD/htdocs/vns-bodypaint/.git/objects/b9/9301edc68544dbe175763b7c28e4f1b7d34bf8'
2016-08-22 09:55:30: Copy New '/Volumes/RyanWork/htdocs/vns-bodypaint/.git/objects/b9/970da430e5cba095a653c334d1647b6772472f' -> '/Volumes/Ryan SSD/htdocs/vns-bodypaint/.git/objects/b9/970da430e5cba095a653c334d1647b6772472f'
2016-08-22 09:55:30: Copy New '/Volumes/RyanWork/htdocs/vns-bodypaint/.git/objects/bb/b830d19bbe66fa659230cafeb3a0475719b5cb' -> '/Volumes/Ryan SSD/htdocs/vns-bodypaint/.git/objects/bb/b830d19bbe66fa659230cafeb3a0475719b5cb'
2016-08-22 09:55:30: Copy Over '/Volumes/RyanWork/htdocs/vns-bodypaint/.git/objects/bc/e9210d3bc243c7e4b13eacb32d7c37036fb159' -> '/Volumes/Ryan SSD/htdocs/vns-bodypaint/.git/objects/bc/e9210d3bc243c7e4b13eacb32d7c37036fb159'
2016-08-22 09:55:30: Copy Over '/Volumes/RyanWork/htdocs/vns-bodypaint/.git/objects/bf/6a6de5602ce6c86ca746a35dfb07b22e77ab9d' -> '/Volumes/Ryan SSD/htdocs/vns-bodypaint/.git/objects/bf/6a6de5602ce6c86ca746a35dfb07b22e77ab9d'
2016-08-22 09:55:30: Copy New '/Volumes/RyanWork/htdocs/vns-bodypaint/.git/objects/c1/11d5e53712ef34ba82747a213204483d52992c' -> '/Volumes/Ryan SSD/htdocs/vns-bodypaint/.git/objects/c1/11d5e53712ef34ba82747a213204483d52992c'
2016-08-22 09:55:30: Copy New '/Volumes/RyanWork/htdocs/vns-bodypaint/.git/objects/c1/fde48d96f785ef2c9fe1c9fae34ec95f6dac1f' -> '/Volumes/Ryan SSD/htdocs/vns-bodypaint/.git/objects/c1/fde48d96f785ef2c9fe1c9fae34ec95f6dac1f'
2016-08-22 09:55:30: Copy New '/Volumes/RyanWork/htdocs/vns-bodypaint/.git/objects/c3/25524147bb6e958beec33287df4ced8cffeeb2' -> '/Volumes/Ryan SSD/htdocs/vns-bodypaint/.git/objects/c3/25524147bb6e958beec33287df4ced8cffeeb2'
2016-08-22 09:55:30: Copy New '/Volumes/RyanWork/htdocs/vns-bodypaint/.git/objects/c4/8e0b072d665e0a6a1b74595e3b1b0bb6d02077' -> '/Volumes/Ryan SSD/htdocs/vns-bodypaint/.git/objects/c4/8e0b072d665e0a6a1b74595e3b1b0bb6d02077'
2016-08-22 09:55:30: Copy New '/Volumes/RyanWork/htdocs/vns-bodypaint/.git/objects/c6/0dadebdb34d0a0e860c8f63704ea9fc12633f2' -> '/Volumes/Ryan SSD/htdocs/vns-bodypaint/.git/objects/c6/0dadebdb34d0a0e860c8f63704ea9fc12633f2'
2016-08-22 09:55:30: Copy New '/Volumes/RyanWork/htdocs/vns-bodypaint/.git/objects/c6/1169fc85631d35885e43be8468c96b37b2915d' -> '/Volumes/Ryan SSD/htdocs/vns-bodypaint/.git/objects/c6/1169fc85631d35885e43be8468c96b37b2915d'
2016-08-22 09:55:30: Copy New '/Volumes/RyanWork/htdocs/vns-bodypaint/.git/objects/c6/64d971eb62a9e7f8153a5c8307ff2ec4925441' -> '/Volumes/Ryan SSD/htdocs/vns-bodypaint/.git/objects/c6/64d971eb62a9e7f8153a5c8307ff2ec4925441'
2016-08-22 09:55:30: Copy New '/Volumes/RyanWork/htdocs/vns-bodypaint/.git/objects/c8/04b20d18f7e7404a6caf9f9c39e5d1418bc12a' -> '/Volumes/Ryan SSD/htdocs/vns-bodypaint/.git/objects/c8/04b20d18f7e7404a6caf9f9c39e5d1418bc12a'
2016-08-22 09:55:30: Copy New '/Volumes/RyanWork/htdocs/vns-bodypaint/.git/objects/c8/323aa5af51e4a7f49011d00391bdc275acd51e' -> '/Volumes/Ryan SSD/htdocs/vns-bodypaint/.git/objects/c8/323aa5af51e4a7f49011d00391bdc275acd51e'
2016-08-22 09:55:30: Copy Over '/Volumes/RyanWork/htdocs/vns-bodypaint/.git/objects/c8/ee33fbeae35c07df631ede31a4dc3214d9974c' -> '/Volumes/Ryan SSD/htdocs/vns-bodypaint/.git/objects/c8/ee33fbeae35c07df631ede31a4dc3214d9974c'
2016-08-22 09:55:30: Copy New '/Volumes/RyanWork/htdocs/vns-bodypaint/.git/objects/c9/f17a568b6a00a717fe96f5ff49b991b8ffd284' -> '/Volumes/Ryan SSD/htdocs/vns-bodypaint/.git/objects/c9/f17a568b6a00a717fe96f5ff49b991b8ffd284'
2016-08-22 09:55:30: Copy New '/Volumes/RyanWork/htdocs/vns-bodypaint/.git/objects/cc/41495a5ca6510e5bd336192698e1aa4e3f1232' -> '/Volumes/Ryan SSD/htdocs/vns-bodypaint/.git/objects/cc/41495a5ca6510e5bd336192698e1aa4e3f1232'
2016-08-22 09:55:30: Copy New '/Volumes/RyanWork/htdocs/vns-bodypaint/.git/objects/cd/3370f879155538f09e40ff175437815c94bb4c' -> '/Volumes/Ryan SSD/htdocs/vns-bodypaint/.git/objects/cd/3370f879155538f09e40ff175437815c94bb4c'
2016-08-22 09:55:30: Copy New '/Volumes/RyanWork/htdocs/vns-bodypaint/.git/objects/cf/37cc1e38cc907869f40a843270539905bc7bd4' -> '/Volumes/Ryan SSD/htdocs/vns-bodypaint/.git/objects/cf/37cc1e38cc907869f40a843270539905bc7bd4'
2016-08-22 09:55:30: Copy New '/Volumes/RyanWork/htdocs/vns-bodypaint/.git/objects/cf/d21d20d83000ffcc9df89a2e51874f108a3d3c' -> '/Volumes/Ryan SSD/htdocs/vns-bodypaint/.git/objects/cf/d21d20d83000ffcc9df89a2e51874f108a3d3c'
2016-08-22 09:55:30: Copy New '/Volumes/RyanWork/htdocs/vns-bodypaint/.git/objects/d0/b1c93e0d385e8f40d159e218cbba40c3da8b49' -> '/Volumes/Ryan SSD/htdocs/vns-bodypaint/.git/objects/d0/b1c93e0d385e8f40d159e218cbba40c3da8b49'
2016-08-22 09:55:30: Copy New '/Volumes/RyanWork/htdocs/vns-bodypaint/.git/objects/d0/bde73c026b88cc300047afa017cfe2ba6acb86' -> '/Volumes/Ryan SSD/htdocs/vns-bodypaint/.git/objects/d0/bde73c026b88cc300047afa017cfe2ba6acb86'
2016-08-22 09:55:30: Copy New '/Volumes/RyanWork/htdocs/vns-bodypaint/.git/objects/d2/eac8d354e71d403442a55488aa4d25cb2ba7db' -> '/Volumes/Ryan SSD/htdocs/vns-bodypaint/.git/objects/d2/eac8d354e71d403442a55488aa4d25cb2ba7db'
2016-08-22 09:55:30: Copy New '/Volumes/RyanWork/htdocs/vns-bodypaint/.git/objects/d2/f4643e7150a142751debebfd3657ebbf242b97' -> '/Volumes/Ryan SSD/htdocs/vns-bodypaint/.git/objects/d2/f4643e7150a142751debebfd3657ebbf242b97'
2016-08-22 09:55:30: Copy New '/Volumes/RyanWork/htdocs/vns-bodypaint/.git/objects/d5/1883ec78b40d0627379dabf620ac97a9093970' -> '/Volumes/Ryan SSD/htdocs/vns-bodypaint/.git/objects/d5/1883ec78b40d0627379dabf620ac97a9093970'
2016-08-22 09:55:30: Copy New '/Volumes/RyanWork/htdocs/vns-bodypaint/.git/objects/d6/4483a4d73e43826320e2064d233bf261522e42' -> '/Volumes/Ryan SSD/htdocs/vns-bodypaint/.git/objects/d6/4483a4d73e43826320e2064d233bf261522e42'
2016-08-22 09:55:30: Copy New '/Volumes/RyanWork/htdocs/vns-bodypaint/.git/objects/d7/ca88870204f9e2a8a063e604bb55bffd3d81aa' -> '/Volumes/Ryan SSD/htdocs/vns-bodypaint/.git/objects/d7/ca88870204f9e2a8a063e604bb55bffd3d81aa'
2016-08-22 09:55:30: Copy New '/Volumes/RyanWork/htdocs/vns-bodypaint/.git/objects/d8/5a0b1a7d599c59efe1e2f926e78ff1f2f6ce6d' -> '/Volumes/Ryan SSD/htdocs/vns-bodypaint/.git/objects/d8/5a0b1a7d599c59efe1e2f926e78ff1f2f6ce6d'
2016-08-22 09:55:30: Copy New '/Volumes/RyanWork/htdocs/vns-bodypaint/.git/objects/d8/bfcfae65957cfd3015494bd5c3a3ca22219f6a' -> '/Volumes/Ryan SSD/htdocs/vns-bodypaint/.git/objects/d8/bfcfae65957cfd3015494bd5c3a3ca22219f6a'
2016-08-22 09:55:30: Copy New '/Volumes/RyanWork/htdocs/vns-bodypaint/.git/objects/d9/4ffe6a83671077e24f44d166364ca6afebad0f' -> '/Volumes/Ryan SSD/htdocs/vns-bodypaint/.git/objects/d9/4ffe6a83671077e24f44d166364ca6afebad0f'
2016-08-22 09:55:30: Copy New '/Volumes/RyanWork/htdocs/vns-bodypaint/.git/objects/da/c79e05fad5fdef31371fbbe9e7a7af0f2cf950' -> '/Volumes/Ryan SSD/htdocs/vns-bodypaint/.git/objects/da/c79e05fad5fdef31371fbbe9e7a7af0f2cf950'
2016-08-22 09:55:30: Copy New '/Volumes/RyanWork/htdocs/vns-bodypaint/.git/objects/dc/3fc6676c5f84bbbce7d25110044ac9c47abc38' -> '/Volumes/Ryan SSD/htdocs/vns-bodypaint/.git/objects/dc/3fc6676c5f84bbbce7d25110044ac9c47abc38'
2016-08-22 09:55:30: Copy New '/Volumes/RyanWork/htdocs/vns-bodypaint/.git/objects/dd/1af8abec5db96bc8e41a717dda506b14af61f7' -> '/Volumes/Ryan SSD/htdocs/vns-bodypaint/.git/objects/dd/1af8abec5db96bc8e41a717dda506b14af61f7'
2016-08-22 09:55:30: Copy New '/Volumes/RyanWork/htdocs/vns-bodypaint/.git/objects/dd/b761468eb97be52678188d99671ca459ee70ac' -> '/Volumes/Ryan SSD/htdocs/vns-bodypaint/.git/objects/dd/b761468eb97be52678188d99671ca459ee70ac'
2016-08-22 09:55:30: Copy New '/Volumes/RyanWork/htdocs/vns-bodypaint/.git/objects/de/013baf0dec0278b96d800b060abf5c16d7b5ff' -> '/Volumes/Ryan SSD/htdocs/vns-bodypaint/.git/objects/de/013baf0dec0278b96d800b060abf5c16d7b5ff'
2016-08-22 09:55:30: Copy New '/Volumes/RyanWork/htdocs/vns-bodypaint/.git/objects/de/396e9cdf360e00d8c9c178c19a86a9c851f6e5' -> '/Volumes/Ryan SSD/htdocs/vns-bodypaint/.git/objects/de/396e9cdf360e00d8c9c178c19a86a9c851f6e5'
2016-08-22 09:55:30: Copy New '/Volumes/RyanWork/htdocs/vns-bodypaint/.git/objects/df/4219609cd118d333f2e15a3d4873770a8ccfa0' -> '/Volumes/Ryan SSD/htdocs/vns-bodypaint/.git/objects/df/4219609cd118d333f2e15a3d4873770a8ccfa0'
2016-08-22 09:55:30: Copy New '/Volumes/RyanWork/htdocs/vns-bodypaint/.git/objects/e1/a0cb3677d06dc14e3c4681c18936ba0f667e62' -> '/Volumes/Ryan SSD/htdocs/vns-bodypaint/.git/objects/e1/a0cb3677d06dc14e3c4681c18936ba0f667e62'
2016-08-22 09:55:30: Copy New '/Volumes/RyanWork/htdocs/vns-bodypaint/.git/objects/e2/abaed7f0274cd89c5b3f17ebdfe66d127005b4' -> '/Volumes/Ryan SSD/htdocs/vns-bodypaint/.git/objects/e2/abaed7f0274cd89c5b3f17ebdfe66d127005b4'
2016-08-22 09:55:30: Copy New '/Volumes/RyanWork/htdocs/vns-bodypaint/.git/objects/e2/f98f0f6d9d924986266b5ff2d543429f79fb31' -> '/Volumes/Ryan SSD/htdocs/vns-bodypaint/.git/objects/e2/f98f0f6d9d924986266b5ff2d543429f79fb31'
2016-08-22 09:55:30: Copy New '/Volumes/RyanWork/htdocs/vns-bodypaint/.git/objects/e3/1c2f355e72e9f3422a8e2e6de2b514b791588a' -> '/Volumes/Ryan SSD/htdocs/vns-bodypaint/.git/objects/e3/1c2f355e72e9f3422a8e2e6de2b514b791588a'
2016-08-22 09:55:30: Copy New '/Volumes/RyanWork/htdocs/vns-bodypaint/.git/objects/e3/d2bae02aaf60d6f086b87bc355f5786271d257' -> '/Volumes/Ryan SSD/htdocs/vns-bodypaint/.git/objects/e3/d2bae02aaf60d6f086b87bc355f5786271d257'
2016-08-22 09:55:30: Copy New '/Volumes/RyanWork/htdocs/vns-bodypaint/.git/objects/e4/445927500b99b3bd9a2e8c214d275a4088ad52' -> '/Volumes/Ryan SSD/htdocs/vns-bodypaint/.git/objects/e4/445927500b99b3bd9a2e8c214d275a4088ad52'
2016-08-22 09:55:30: Copy New '/Volumes/RyanWork/htdocs/vns-bodypaint/.git/objects/e4/87c8c4526ec039a758cd85939763305a31c299' -> '/Volumes/Ryan SSD/htdocs/vns-bodypaint/.git/objects/e4/87c8c4526ec039a758cd85939763305a31c299'
2016-08-22 09:55:30: Copy New '/Volumes/RyanWork/htdocs/vns-bodypaint/.git/objects/e5/040d4c4f9cf54ef83120ba2ee1fbb384f6fc5a' -> '/Volumes/Ryan SSD/htdocs/vns-bodypaint/.git/objects/e5/040d4c4f9cf54ef83120ba2ee1fbb384f6fc5a'
2016-08-22 09:55:30: Copy New '/Volumes/RyanWork/htdocs/vns-bodypaint/.git/objects/e5/7b5240b6248647ff034e794b74286e624d5472' -> '/Volumes/Ryan SSD/htdocs/vns-bodypaint/.git/objects/e5/7b5240b6248647ff034e794b74286e624d5472'
2016-08-22 09:55:30: Copy New '/Volumes/RyanWork/htdocs/vns-bodypaint/.git/objects/e6/11c7ac1458ded352c4c7c0b62fbabfaa22509a' -> '/Volumes/Ryan SSD/htdocs/vns-bodypaint/.git/objects/e6/11c7ac1458ded352c4c7c0b62fbabfaa22509a'
2016-08-22 09:55:30: Copy New '/Volumes/RyanWork/htdocs/vns-bodypaint/.git/objects/e6/915f4317692a2591ef8c96ef74c50ea42a6fba' -> '/Volumes/Ryan SSD/htdocs/vns-bodypaint/.git/objects/e6/915f4317692a2591ef8c96ef74c50ea42a6fba'
2016-08-22 09:55:30: Copy New '/Volumes/RyanWork/htdocs/vns-bodypaint/.git/objects/e7/25f4b477c86455458a2f75d68e3fc776045503' -> '/Volumes/Ryan SSD/htdocs/vns-bodypaint/.git/objects/e7/25f4b477c86455458a2f75d68e3fc776045503'
2016-08-22 09:55:30: Copy New '/Volumes/RyanWork/htdocs/vns-bodypaint/.git/objects/e8/6d45c518fb8313f274c6bb407bdf345f0763b6' -> '/Volumes/Ryan SSD/htdocs/vns-bodypaint/.git/objects/e8/6d45c518fb8313f274c6bb407bdf345f0763b6'
2016-08-22 09:55:30: Copy New '/Volumes/RyanWork/htdocs/vns-bodypaint/.git/objects/e8/952c39e16f1d467bc1754186413d34e99fd637' -> '/Volumes/Ryan SSD/htdocs/vns-bodypaint/.git/objects/e8/952c39e16f1d467bc1754186413d34e99fd637'
2016-08-22 09:55:30: Copy New '/Volumes/RyanWork/htdocs/vns-bodypaint/.git/objects/e8/b0a9a21cb953c1d4e756c71d814a7ee9d19d71' -> '/Volumes/Ryan SSD/htdocs/vns-bodypaint/.git/objects/e8/b0a9a21cb953c1d4e756c71d814a7ee9d19d71'
2016-08-22 09:55:30: Copy New '/Volumes/RyanWork/htdocs/vns-bodypaint/.git/objects/e9/c177e6e6d6b27f1f7d86cd00c1574be486fc70' -> '/Volumes/Ryan SSD/htdocs/vns-bodypaint/.git/objects/e9/c177e6e6d6b27f1f7d86cd00c1574be486fc70'
2016-08-22 09:55:30: Copy New '/Volumes/RyanWork/htdocs/vns-bodypaint/.git/objects/ea/a2e30349bb1d221ae88846e05361e83e610731' -> '/Volumes/Ryan SSD/htdocs/vns-bodypaint/.git/objects/ea/a2e30349bb1d221ae88846e05361e83e610731'
2016-08-22 09:55:30: Copy New '/Volumes/RyanWork/htdocs/vns-bodypaint/.git/objects/eb/cae59e4be19581b7055227a90e1df0683d840b' -> '/Volumes/Ryan SSD/htdocs/vns-bodypaint/.git/objects/eb/cae59e4be19581b7055227a90e1df0683d840b'
2016-08-22 09:55:30: Copy New '/Volumes/RyanWork/htdocs/vns-bodypaint/.git/objects/eb/db9c94859de7738cc5f43affb5c5175f93a8d5' -> '/Volumes/Ryan SSD/htdocs/vns-bodypaint/.git/objects/eb/db9c94859de7738cc5f43affb5c5175f93a8d5'
2016-08-22 09:55:30: Copy New '/Volumes/RyanWork/htdocs/vns-bodypaint/.git/objects/ec/4e75234971ef55d16526c18bd06a8495b87d24' -> '/Volumes/Ryan SSD/htdocs/vns-bodypaint/.git/objects/ec/4e75234971ef55d16526c18bd06a8495b87d24'
2016-08-22 09:55:30: Copy Over '/Volumes/RyanWork/htdocs/vns-bodypaint/.git/objects/ed/93452b493ed03647c0caa54909b014a821cefd' -> '/Volumes/Ryan SSD/htdocs/vns-bodypaint/.git/objects/ed/93452b493ed03647c0caa54909b014a821cefd'
2016-08-22 09:55:30: Copy New '/Volumes/RyanWork/htdocs/vns-bodypaint/.git/objects/ed/95ca6ea03b17f9138d8b40b8b406b6241eb6cf' -> '/Volumes/Ryan SSD/htdocs/vns-bodypaint/.git/objects/ed/95ca6ea03b17f9138d8b40b8b406b6241eb6cf'
2016-08-22 09:55:30: Copy New '/Volumes/RyanWork/htdocs/vns-bodypaint/.git/objects/ef/c886fd49e733b34310c55fb27db9ac8619e5e1' -> '/Volumes/Ryan SSD/htdocs/vns-bodypaint/.git/objects/ef/c886fd49e733b34310c55fb27db9ac8619e5e1'
2016-08-22 09:55:30: Copy New '/Volumes/RyanWork/htdocs/vns-bodypaint/.git/objects/ef/df644699445b313cb475223a8f57c4fe2d127f' -> '/Volumes/Ryan SSD/htdocs/vns-bodypaint/.git/objects/ef/df644699445b313cb475223a8f57c4fe2d127f'
2016-08-22 09:55:30: Copy New '/Volumes/RyanWork/htdocs/vns-bodypaint/.git/objects/f0/c3640f27a03ce335a64f7e37144e56f8654632' -> '/Volumes/Ryan SSD/htdocs/vns-bodypaint/.git/objects/f0/c3640f27a03ce335a64f7e37144e56f8654632'
2016-08-22 09:55:30: Copy New '/Volumes/RyanWork/htdocs/vns-bodypaint/.git/objects/f1/f8930ea43dfe865022e7a71081845454480ce7' -> '/Volumes/Ryan SSD/htdocs/vns-bodypaint/.git/objects/f1/f8930ea43dfe865022e7a71081845454480ce7'
2016-08-22 09:55:30: Copy New '/Volumes/RyanWork/htdocs/vns-bodypaint/.git/objects/f3/65d5d0b4beb0d465574aabfe580062ccef6781' -> '/Volumes/Ryan SSD/htdocs/vns-bodypaint/.git/objects/f3/65d5d0b4beb0d465574aabfe580062ccef6781'
2016-08-22 09:55:30: Copy New '/Volumes/RyanWork/htdocs/vns-bodypaint/.git/objects/f5/b7b474aa42257368666c134ebb0e03a1721546' -> '/Volumes/Ryan SSD/htdocs/vns-bodypaint/.git/objects/f5/b7b474aa42257368666c134ebb0e03a1721546'
2016-08-22 09:55:30: Copy New '/Volumes/RyanWork/htdocs/vns-bodypaint/.git/objects/f5/dbbec1c9e2dcbbb86c2c18e2af11ddd7f537f8' -> '/Volumes/Ryan SSD/htdocs/vns-bodypaint/.git/objects/f5/dbbec1c9e2dcbbb86c2c18e2af11ddd7f537f8'
2016-08-22 09:55:30: Copy New '/Volumes/RyanWork/htdocs/vns-bodypaint/.git/objects/f6/2b5173d4ec31161bb628f0cd931b0a56d7e04d' -> '/Volumes/Ryan SSD/htdocs/vns-bodypaint/.git/objects/f6/2b5173d4ec31161bb628f0cd931b0a56d7e04d'
2016-08-22 09:55:30: Copy New '/Volumes/RyanWork/htdocs/vns-bodypaint/.git/objects/f9/cd7b42a560849ef697a415f456dda2ad547674' -> '/Volumes/Ryan SSD/htdocs/vns-bodypaint/.git/objects/f9/cd7b42a560849ef697a415f456dda2ad547674'
2016-08-22 09:55:30: Copy New '/Volumes/RyanWork/htdocs/vns-bodypaint/.git/objects/fa/3d4cb660a07ea17286ae845fd79cc362786445' -> '/Volumes/Ryan SSD/htdocs/vns-bodypaint/.git/objects/fa/3d4cb660a07ea17286ae845fd79cc362786445'
2016-08-22 09:55:30: Copy New '/Volumes/RyanWork/htdocs/vns-bodypaint/.git/objects/fb/90b9c76763a7ead583bcf859c338dd3c5bfb48' -> '/Volumes/Ryan SSD/htdocs/vns-bodypaint/.git/objects/fb/90b9c76763a7ead583bcf859c338dd3c5bfb48'
2016-08-22 09:55:30: Copy New '/Volumes/RyanWork/htdocs/vns-bodypaint/.git/objects/fc/8c59dab64c8a863a3c21f2d18b0aeaeef7aa83' -> '/Volumes/Ryan SSD/htdocs/vns-bodypaint/.git/objects/fc/8c59dab64c8a863a3c21f2d18b0aeaeef7aa83'
2016-08-22 09:55:30: Copy Over '/Volumes/RyanWork/htdocs/vns-bodypaint/.git/objects/fc/ef468589ec2c6361accd55b93f61ff049c1cab' -> '/Volumes/Ryan SSD/htdocs/vns-bodypaint/.git/objects/fc/ef468589ec2c6361accd55b93f61ff049c1cab'
2016-08-22 09:55:30: Copy New '/Volumes/RyanWork/htdocs/vns-bodypaint/.git/objects/fe/0aa19a03001419e60478eb9fa8abf8c7dde255' -> '/Volumes/Ryan SSD/htdocs/vns-bodypaint/.git/objects/fe/0aa19a03001419e60478eb9fa8abf8c7dde255'
2016-08-22 09:55:30: Copy New '/Volumes/RyanWork/htdocs/vns-bodypaint/.git/objects/ff/21e57a5a5d613c50fa3e7bac6fd974031f4e2e' -> '/Volumes/Ryan SSD/htdocs/vns-bodypaint/.git/objects/ff/21e57a5a5d613c50fa3e7bac6fd974031f4e2e'
2016-08-22 09:55:30: Copy New '/Volumes/RyanWork/htdocs/vns-bodypaint/.git/objects/ff/2a969501f581d10fd4098cc904809277cf1ad6' -> '/Volumes/Ryan SSD/htdocs/vns-bodypaint/.git/objects/ff/2a969501f581d10fd4098cc904809277cf1ad6'
2016-08-22 09:55:30: Copy New '/Volumes/RyanWork/htdocs/vns-bodypaint/.git/objects/ff/ee1b418eee3cd95fd0aae64d0e170b3a39a356' -> '/Volumes/Ryan SSD/htdocs/vns-bodypaint/.git/objects/ff/ee1b418eee3cd95fd0aae64d0e170b3a39a356'
2016-08-22 09:55:30: Copy Over '/Volumes/RyanWork/htdocs/vns-bodypaint/.git/refs/heads/master' -> '/Volumes/Ryan SSD/htdocs/vns-bodypaint/.git/refs/heads/master'
2016-08-22 09:55:30: Copy Over '/Volumes/RyanWork/htdocs/vns-bodypaint/.git/refs/remotes/vns-bodypaint/master' -> '/Volumes/Ryan SSD/htdocs/vns-bodypaint/.git/refs/remotes/vns-bodypaint/master'
2016-08-22 09:55:30: Copy Over '/Volumes/RyanWork/htdocs/vns-bodypaint/.git/sourcetreeconfig' -> '/Volumes/Ryan SSD/htdocs/vns-bodypaint/.git/sourcetreeconfig'
2016-08-22 09:55:30: Copy Over '/Volumes/RyanWork/htdocs/vns-bodypaint/application/controllers/backend/Member.php' -> '/Volumes/Ryan SSD/htdocs/vns-bodypaint/application/controllers/backend/Member.php'
2016-08-22 09:55:30: Copy Over '/Volumes/RyanWork/htdocs/vns-bodypaint/application/models/Member_model.php' -> '/Volumes/Ryan SSD/htdocs/vns-bodypaint/application/models/Member_model.php'
2016-08-22 09:55:30: Copy Over '/Volumes/RyanWork/htdocs/vns-bodypaint/application/views/backend/member/edit.php' -> '/Volumes/Ryan SSD/htdocs/vns-bodypaint/application/views/backend/member/edit.php'
2016-08-22 09:55:30: Copy New '/Volumes/RyanWork/htdocs/vns-bodypaint/application/views/backend/member/frmEditInfo.php' -> '/Volumes/Ryan SSD/htdocs/vns-bodypaint/application/views/backend/member/frmEditInfo.php'
2016-08-22 09:55:30: Copy New '/Volumes/RyanWork/htdocs/vns-bodypaint/application/views/backend/member/frmEditPassword.php' -> '/Volumes/Ryan SSD/htdocs/vns-bodypaint/application/views/backend/member/frmEditPassword.php'
2016-08-22 09:55:30: Copy New '/Volumes/RyanWork/htdocs/vns-bodypaint/application/views/backend/member/frmEditPermission.php' -> '/Volumes/Ryan SSD/htdocs/vns-bodypaint/application/views/backend/member/frmEditPermission.php'
2016-08-22 09:55:30: Copy Over '/Volumes/RyanWork/htdocs/vns-bodypaint/application/views/backend/member/list.php' -> '/Volumes/Ryan SSD/htdocs/vns-bodypaint/application/views/backend/member/list.php'
2016-08-22 09:55:30: Copy Over '/Volumes/RyanWork/htdocs/vns-bodypaint/assets/backend/css/.sass-cache/fe15532edf4bc1801d7854717498957e12f2da11/style.scssc' -> '/Volumes/Ryan SSD/htdocs/vns-bodypaint/assets/backend/css/.sass-cache/fe15532edf4bc1801d7854717498957e12f2da11/style.scssc'
2016-08-22 09:55:30: Copy Over '/Volumes/RyanWork/htdocs/vns-bodypaint/assets/backend/css/style-min.css' -> '/Volumes/Ryan SSD/htdocs/vns-bodypaint/assets/backend/css/style-min.css'
2016-08-22 09:55:30: Copy Over '/Volumes/RyanWork/htdocs/vns-bodypaint/assets/backend/css/style.scss' -> '/Volumes/Ryan SSD/htdocs/vns-bodypaint/assets/backend/css/style.scss'
2016-08-22 09:55:30: Copy Over '/Volumes/RyanWork/htdocs/vns-bodypaint/assets/backend/js/script-min.js' -> '/Volumes/Ryan SSD/htdocs/vns-bodypaint/assets/backend/js/script-min.js'
2016-08-22 09:55:30: Copy Over '/Volumes/RyanWork/htdocs/vns-bodypaint/assets/backend/js/script.js' -> '/Volumes/Ryan SSD/htdocs/vns-bodypaint/assets/backend/js/script.js'
2016-08-22 09:55:30: Copy Over '/Volumes/RyanWork/htdocs/vns-bodypaint/assets/config.codekit' -> '/Volumes/Ryan SSD/htdocs/vns-bodypaint/assets/config.codekit'
2016-08-22 09:55:31: == Sync Complete. Time: 00:00:03, Speed: 966.4 KB/s, OK: 330, Errors: 0
2016-08-22 09:55:31: 
