2016-08-22 11:05:10: -- Analysis Started by User
2016-08-22 11:05:13: Changes: 33, Conflicts: 0, CopyTime: 0, CopyState: 0/0, Errors: 0, All: 9050
2016-08-22 11:05:13: Left to Right: Copy File: 33 
2016-08-22 11:05:13: -- Analysis Complete. Time 00:00:03, Speed: 2899 files/s
2016-08-22 11:05:13: 
2016-08-22 11:05:14: == Sync Started by User
2016-08-22 11:05:14: Create Folder '/Volumes/Ryan SSD/htdocs/vns-bodypaint/assets/frontend/images/mobile'
2016-08-22 11:05:14: Create Folder '/Volumes/Ryan SSD/htdocs/vns-bodypaint/library/foundation6'
2016-08-22 11:05:14: Create Folder '/Volumes/Ryan SSD/htdocs/vns-bodypaint/library/foundation6/css'
2016-08-22 11:05:14: Create Folder '/Volumes/Ryan SSD/htdocs/vns-bodypaint/library/foundation6/js'
2016-08-22 11:05:14: Create Folder '/Volumes/Ryan SSD/htdocs/vns-bodypaint/library/foundation6/js/vendor'
2016-08-22 11:05:14: Create Folder '/Volumes/Ryan SSD/htdocs/vns-bodypaint/library/js'
2016-08-22 11:05:14: Create Folder '/Volumes/Ryan SSD/htdocs/vns-bodypaint/library/js/vendor'
2016-08-22 11:05:14: Create Folder '/Volumes/Ryan SSD/htdocs/vns-bodypaint/upload/images/banner/mobile'
2016-08-22 11:05:14: Create Folder '/Volumes/Ryan SSD/htdocs/vns-bodypaint/upload/images/banner/mobile/position-1'
2016-08-22 11:05:15: Copy Over '/Volumes/RyanWork/htdocs/vns-bodypaint/application/views/frontend/includes/navigation.php' -> '/Volumes/Ryan SSD/htdocs/vns-bodypaint/application/views/frontend/includes/navigation.php'
2016-08-22 11:05:15: Copy Over '/Volumes/RyanWork/htdocs/vns-bodypaint/application/views/frontend/template.php' -> '/Volumes/Ryan SSD/htdocs/vns-bodypaint/application/views/frontend/template.php'
2016-08-22 11:05:15: Copy Over '/Volumes/RyanWork/htdocs/vns-bodypaint/assets/config.codekit' -> '/Volumes/Ryan SSD/htdocs/vns-bodypaint/assets/config.codekit'
2016-08-22 11:05:15: Copy Over '/Volumes/RyanWork/htdocs/vns-bodypaint/assets/frontend/css/.sass-cache/b5b34955c50fa58f22076aadfa317619607136b2/style.scssc' -> '/Volumes/Ryan SSD/htdocs/vns-bodypaint/assets/frontend/css/.sass-cache/b5b34955c50fa58f22076aadfa317619607136b2/style.scssc'
2016-08-22 11:05:15: Copy Over '/Volumes/RyanWork/htdocs/vns-bodypaint/assets/frontend/css/style-min.css' -> '/Volumes/Ryan SSD/htdocs/vns-bodypaint/assets/frontend/css/style-min.css'
2016-08-22 11:05:15: Copy Over '/Volumes/RyanWork/htdocs/vns-bodypaint/assets/frontend/css/style.scss' -> '/Volumes/Ryan SSD/htdocs/vns-bodypaint/assets/frontend/css/style.scss'
2016-08-22 11:05:15: Copy New '/Volumes/RyanWork/htdocs/vns-bodypaint/assets/frontend/images/mobile/logo.png' -> '/Volumes/Ryan SSD/htdocs/vns-bodypaint/assets/frontend/images/mobile/logo.png'
2016-08-22 11:05:15: Copy Over '/Volumes/RyanWork/htdocs/vns-bodypaint/assets/frontend/js/script-min.js' -> '/Volumes/Ryan SSD/htdocs/vns-bodypaint/assets/frontend/js/script-min.js'
2016-08-22 11:05:15: Copy Over '/Volumes/RyanWork/htdocs/vns-bodypaint/assets/frontend/js/script.js' -> '/Volumes/Ryan SSD/htdocs/vns-bodypaint/assets/frontend/js/script.js'
2016-08-22 11:05:15: Copy New '/Volumes/RyanWork/htdocs/vns-bodypaint/library/foundation6/css/app.css' -> '/Volumes/Ryan SSD/htdocs/vns-bodypaint/library/foundation6/css/app.css'
2016-08-22 11:05:15: Copy New '/Volumes/RyanWork/htdocs/vns-bodypaint/library/foundation6/css/foundation.css' -> '/Volumes/Ryan SSD/htdocs/vns-bodypaint/library/foundation6/css/foundation.css'
2016-08-22 11:05:15: Copy New '/Volumes/RyanWork/htdocs/vns-bodypaint/library/foundation6/css/foundation.min.css' -> '/Volumes/Ryan SSD/htdocs/vns-bodypaint/library/foundation6/css/foundation.min.css'
2016-08-22 11:05:15: Copy New '/Volumes/RyanWork/htdocs/vns-bodypaint/library/foundation6/index.html' -> '/Volumes/Ryan SSD/htdocs/vns-bodypaint/library/foundation6/index.html'
2016-08-22 11:05:15: Copy New '/Volumes/RyanWork/htdocs/vns-bodypaint/library/foundation6/js/app.js' -> '/Volumes/Ryan SSD/htdocs/vns-bodypaint/library/foundation6/js/app.js'
2016-08-22 11:05:15: Copy New '/Volumes/RyanWork/htdocs/vns-bodypaint/library/foundation6/js/vendor/foundation.js' -> '/Volumes/Ryan SSD/htdocs/vns-bodypaint/library/foundation6/js/vendor/foundation.js'
2016-08-22 11:05:15: Copy New '/Volumes/RyanWork/htdocs/vns-bodypaint/library/foundation6/js/vendor/foundation.min.js' -> '/Volumes/Ryan SSD/htdocs/vns-bodypaint/library/foundation6/js/vendor/foundation.min.js'
2016-08-22 11:05:15: Copy New '/Volumes/RyanWork/htdocs/vns-bodypaint/library/foundation6/js/vendor/jquery.js' -> '/Volumes/Ryan SSD/htdocs/vns-bodypaint/library/foundation6/js/vendor/jquery.js'
2016-08-22 11:05:15: Copy New '/Volumes/RyanWork/htdocs/vns-bodypaint/library/foundation6/js/vendor/what-input.js' -> '/Volumes/Ryan SSD/htdocs/vns-bodypaint/library/foundation6/js/vendor/what-input.js'
2016-08-22 11:05:15: Copy New '/Volumes/RyanWork/htdocs/vns-bodypaint/library/js/app.js' -> '/Volumes/Ryan SSD/htdocs/vns-bodypaint/library/js/app.js'
2016-08-22 11:05:15: Copy New '/Volumes/RyanWork/htdocs/vns-bodypaint/library/js/vendor/foundation.js' -> '/Volumes/Ryan SSD/htdocs/vns-bodypaint/library/js/vendor/foundation.js'
2016-08-22 11:05:15: Copy New '/Volumes/RyanWork/htdocs/vns-bodypaint/library/js/vendor/foundation.min.js' -> '/Volumes/Ryan SSD/htdocs/vns-bodypaint/library/js/vendor/foundation.min.js'
2016-08-22 11:05:15: Copy New '/Volumes/RyanWork/htdocs/vns-bodypaint/library/js/vendor/jquery.js' -> '/Volumes/Ryan SSD/htdocs/vns-bodypaint/library/js/vendor/jquery.js'
2016-08-22 11:05:15: Copy New '/Volumes/RyanWork/htdocs/vns-bodypaint/library/js/vendor/what-input.js' -> '/Volumes/Ryan SSD/htdocs/vns-bodypaint/library/js/vendor/what-input.js'
2016-08-22 11:05:15: Copy New '/Volumes/RyanWork/htdocs/vns-bodypaint/upload/images/banner/mobile/position-1/1.jpg' -> '/Volumes/Ryan SSD/htdocs/vns-bodypaint/upload/images/banner/mobile/position-1/1.jpg'
2016-08-22 11:05:16: == Sync Complete. Time: 00:00:02, Speed: 2.2 MB/s, OK: 33, Errors: 0
2016-08-22 11:05:16: 
