2016-08-19 17:06:09: -- Analysis Started by User
2016-08-19 17:06:14: Changes: 158, Conflicts: 0, CopyTime: 0, CopyState: 0/0, Errors: 0, All: 8743
2016-08-19 17:06:14: Left to Right: Copy File: 158 
2016-08-19 17:06:14: -- Analysis Complete. Time 00:00:05, Speed: 1678 files/s
2016-08-19 17:06:14: 
2016-08-19 17:06:16: == Sync Started by User
2016-08-19 17:06:16: Create Folder '/Volumes/Ryan SSD/htdocs/vns-bodypaint/application/libraries/PHPMailer'
2016-08-19 17:06:16: Create Folder '/Volumes/Ryan SSD/htdocs/vns-bodypaint/application/libraries/PHPMailer/docs'
2016-08-19 17:06:16: Create Folder '/Volumes/Ryan SSD/htdocs/vns-bodypaint/application/libraries/PHPMailer/examples'
2016-08-19 17:06:16: Create Folder '/Volumes/Ryan SSD/htdocs/vns-bodypaint/application/libraries/PHPMailer/examples/images'
2016-08-19 17:06:16: Create Folder '/Volumes/Ryan SSD/htdocs/vns-bodypaint/application/libraries/PHPMailer/examples/scripts'
2016-08-19 17:06:16: Create Folder '/Volumes/Ryan SSD/htdocs/vns-bodypaint/application/libraries/PHPMailer/examples/styles'
2016-08-19 17:06:16: Create Folder '/Volumes/Ryan SSD/htdocs/vns-bodypaint/application/libraries/PHPMailer/extras'
2016-08-19 17:06:16: Create Folder '/Volumes/Ryan SSD/htdocs/vns-bodypaint/application/libraries/PHPMailer/language'
2016-08-19 17:06:16: Create Folder '/Volumes/Ryan SSD/htdocs/vns-bodypaint/application/libraries/PHPMailer/test'
2016-08-19 17:06:16: Copy Over '/Volumes/RyanWork/htdocs/vns-bodypaint/application/controllers/backend/Contact.php' -> '/Volumes/Ryan SSD/htdocs/vns-bodypaint/application/controllers/backend/Contact.php'
2016-08-19 17:06:16: Copy Over '/Volumes/RyanWork/htdocs/vns-bodypaint/application/controllers/backend/Member.php' -> '/Volumes/Ryan SSD/htdocs/vns-bodypaint/application/controllers/backend/Member.php'
2016-08-19 17:06:16: Copy Over '/Volumes/RyanWork/htdocs/vns-bodypaint/application/controllers/backend/User.php' -> '/Volumes/Ryan SSD/htdocs/vns-bodypaint/application/controllers/backend/User.php'
2016-08-19 17:06:16: Copy Over '/Volumes/RyanWork/htdocs/vns-bodypaint/application/controllers/frontend/Booking.php' -> '/Volumes/Ryan SSD/htdocs/vns-bodypaint/application/controllers/frontend/Booking.php'
2016-08-19 17:06:16: Copy New '/Volumes/RyanWork/htdocs/vns-bodypaint/application/controllers/frontend/ci_helper.php' -> '/Volumes/Ryan SSD/htdocs/vns-bodypaint/application/controllers/frontend/ci_helper.php'
2016-08-19 17:06:16: Copy Over '/Volumes/RyanWork/htdocs/vns-bodypaint/application/controllers/frontend/Contact.php' -> '/Volumes/Ryan SSD/htdocs/vns-bodypaint/application/controllers/frontend/Contact.php'
2016-08-19 17:06:16: Copy Over '/Volumes/RyanWork/htdocs/vns-bodypaint/application/controllers/frontend/Home.php' -> '/Volumes/Ryan SSD/htdocs/vns-bodypaint/application/controllers/frontend/Home.php'
2016-08-19 17:06:16: Copy Over '/Volumes/RyanWork/htdocs/vns-bodypaint/application/controllers/frontend/Root.php' -> '/Volumes/Ryan SSD/htdocs/vns-bodypaint/application/controllers/frontend/Root.php'
2016-08-19 17:06:16: Copy Over '/Volumes/RyanWork/htdocs/vns-bodypaint/application/helpers/ci_helper.php' -> '/Volumes/Ryan SSD/htdocs/vns-bodypaint/application/helpers/ci_helper.php'
2016-08-19 17:06:16: Copy New '/Volumes/RyanWork/htdocs/vns-bodypaint/application/libraries/PHPMailer/.gitignore' -> '/Volumes/Ryan SSD/htdocs/vns-bodypaint/application/libraries/PHPMailer/.gitignore'
2016-08-19 17:06:16: Copy New '/Volumes/RyanWork/htdocs/vns-bodypaint/application/libraries/PHPMailer/.scrutinizer.yml' -> '/Volumes/Ryan SSD/htdocs/vns-bodypaint/application/libraries/PHPMailer/.scrutinizer.yml'
2016-08-19 17:06:16: Copy New '/Volumes/RyanWork/htdocs/vns-bodypaint/application/libraries/PHPMailer/.travis.yml' -> '/Volumes/Ryan SSD/htdocs/vns-bodypaint/application/libraries/PHPMailer/.travis.yml'
2016-08-19 17:06:16: Copy New '/Volumes/RyanWork/htdocs/vns-bodypaint/application/libraries/PHPMailer/changelog.md' -> '/Volumes/Ryan SSD/htdocs/vns-bodypaint/application/libraries/PHPMailer/changelog.md'
2016-08-19 17:06:16: Copy New '/Volumes/RyanWork/htdocs/vns-bodypaint/application/libraries/PHPMailer/class.phpmailer.php' -> '/Volumes/Ryan SSD/htdocs/vns-bodypaint/application/libraries/PHPMailer/class.phpmailer.php'
2016-08-19 17:06:16: Copy New '/Volumes/RyanWork/htdocs/vns-bodypaint/application/libraries/PHPMailer/class.phpmaileroauth.php' -> '/Volumes/Ryan SSD/htdocs/vns-bodypaint/application/libraries/PHPMailer/class.phpmaileroauth.php'
2016-08-19 17:06:16: Copy New '/Volumes/RyanWork/htdocs/vns-bodypaint/application/libraries/PHPMailer/class.phpmaileroauthgoogle.php' -> '/Volumes/Ryan SSD/htdocs/vns-bodypaint/application/libraries/PHPMailer/class.phpmaileroauthgoogle.php'
2016-08-19 17:06:16: Copy New '/Volumes/RyanWork/htdocs/vns-bodypaint/application/libraries/PHPMailer/class.pop3.php' -> '/Volumes/Ryan SSD/htdocs/vns-bodypaint/application/libraries/PHPMailer/class.pop3.php'
2016-08-19 17:06:16: Copy New '/Volumes/RyanWork/htdocs/vns-bodypaint/application/libraries/PHPMailer/class.smtp.php' -> '/Volumes/Ryan SSD/htdocs/vns-bodypaint/application/libraries/PHPMailer/class.smtp.php'
2016-08-19 17:06:16: Copy New '/Volumes/RyanWork/htdocs/vns-bodypaint/application/libraries/PHPMailer/composer.json' -> '/Volumes/Ryan SSD/htdocs/vns-bodypaint/application/libraries/PHPMailer/composer.json'
2016-08-19 17:06:16: Copy New '/Volumes/RyanWork/htdocs/vns-bodypaint/application/libraries/PHPMailer/composer.lock' -> '/Volumes/Ryan SSD/htdocs/vns-bodypaint/application/libraries/PHPMailer/composer.lock'
2016-08-19 17:06:16: Copy New '/Volumes/RyanWork/htdocs/vns-bodypaint/application/libraries/PHPMailer/docs/Callback_function_notes.txt' -> '/Volumes/Ryan SSD/htdocs/vns-bodypaint/application/libraries/PHPMailer/docs/Callback_function_notes.txt'
2016-08-19 17:06:16: Copy New '/Volumes/RyanWork/htdocs/vns-bodypaint/application/libraries/PHPMailer/docs/DomainKeys_notes.txt' -> '/Volumes/Ryan SSD/htdocs/vns-bodypaint/application/libraries/PHPMailer/docs/DomainKeys_notes.txt'
2016-08-19 17:06:16: Copy New '/Volumes/RyanWork/htdocs/vns-bodypaint/application/libraries/PHPMailer/docs/extending.html' -> '/Volumes/Ryan SSD/htdocs/vns-bodypaint/application/libraries/PHPMailer/docs/extending.html'
2016-08-19 17:06:16: Copy New '/Volumes/RyanWork/htdocs/vns-bodypaint/application/libraries/PHPMailer/docs/faq.html' -> '/Volumes/Ryan SSD/htdocs/vns-bodypaint/application/libraries/PHPMailer/docs/faq.html'
2016-08-19 17:06:16: Copy New '/Volumes/RyanWork/htdocs/vns-bodypaint/application/libraries/PHPMailer/docs/generatedocs.sh' -> '/Volumes/Ryan SSD/htdocs/vns-bodypaint/application/libraries/PHPMailer/docs/generatedocs.sh'
2016-08-19 17:06:16: Copy New '/Volumes/RyanWork/htdocs/vns-bodypaint/application/libraries/PHPMailer/docs/Note_for_SMTP_debugging.txt' -> '/Volumes/Ryan SSD/htdocs/vns-bodypaint/application/libraries/PHPMailer/docs/Note_for_SMTP_debugging.txt'
2016-08-19 17:06:16: Copy New '/Volumes/RyanWork/htdocs/vns-bodypaint/application/libraries/PHPMailer/docs/pop3_article.txt' -> '/Volumes/Ryan SSD/htdocs/vns-bodypaint/application/libraries/PHPMailer/docs/pop3_article.txt'
2016-08-19 17:06:17: Copy New '/Volumes/RyanWork/htdocs/vns-bodypaint/application/libraries/PHPMailer/examples/code_generator.phps' -> '/Volumes/Ryan SSD/htdocs/vns-bodypaint/application/libraries/PHPMailer/examples/code_generator.phps'
2016-08-19 17:06:17: Copy New '/Volumes/RyanWork/htdocs/vns-bodypaint/application/libraries/PHPMailer/examples/contents.html' -> '/Volumes/Ryan SSD/htdocs/vns-bodypaint/application/libraries/PHPMailer/examples/contents.html'
2016-08-19 17:06:17: Copy New '/Volumes/RyanWork/htdocs/vns-bodypaint/application/libraries/PHPMailer/examples/contentsutf8.html' -> '/Volumes/Ryan SSD/htdocs/vns-bodypaint/application/libraries/PHPMailer/examples/contentsutf8.html'
2016-08-19 17:06:17: Copy New '/Volumes/RyanWork/htdocs/vns-bodypaint/application/libraries/PHPMailer/examples/DKIM.phps' -> '/Volumes/Ryan SSD/htdocs/vns-bodypaint/application/libraries/PHPMailer/examples/DKIM.phps'
2016-08-19 17:06:17: Copy New '/Volumes/RyanWork/htdocs/vns-bodypaint/application/libraries/PHPMailer/examples/exceptions.phps' -> '/Volumes/Ryan SSD/htdocs/vns-bodypaint/application/libraries/PHPMailer/examples/exceptions.phps'
2016-08-19 17:06:17: Copy New '/Volumes/RyanWork/htdocs/vns-bodypaint/application/libraries/PHPMailer/examples/gmail.phps' -> '/Volumes/Ryan SSD/htdocs/vns-bodypaint/application/libraries/PHPMailer/examples/gmail.phps'
2016-08-19 17:06:17: Copy New '/Volumes/RyanWork/htdocs/vns-bodypaint/application/libraries/PHPMailer/examples/gmail_xoauth.phps' -> '/Volumes/Ryan SSD/htdocs/vns-bodypaint/application/libraries/PHPMailer/examples/gmail_xoauth.phps'
2016-08-19 17:06:17: Copy New '/Volumes/RyanWork/htdocs/vns-bodypaint/application/libraries/PHPMailer/examples/images/phpmailer.png' -> '/Volumes/Ryan SSD/htdocs/vns-bodypaint/application/libraries/PHPMailer/examples/images/phpmailer.png'
2016-08-19 17:06:17: Copy New '/Volumes/RyanWork/htdocs/vns-bodypaint/application/libraries/PHPMailer/examples/images/phpmailer_mini.png' -> '/Volumes/Ryan SSD/htdocs/vns-bodypaint/application/libraries/PHPMailer/examples/images/phpmailer_mini.png'
2016-08-19 17:06:17: Copy New '/Volumes/RyanWork/htdocs/vns-bodypaint/application/libraries/PHPMailer/examples/index.html' -> '/Volumes/Ryan SSD/htdocs/vns-bodypaint/application/libraries/PHPMailer/examples/index.html'
2016-08-19 17:06:17: Copy New '/Volumes/RyanWork/htdocs/vns-bodypaint/application/libraries/PHPMailer/examples/mail.phps' -> '/Volumes/Ryan SSD/htdocs/vns-bodypaint/application/libraries/PHPMailer/examples/mail.phps'
2016-08-19 17:06:17: Copy New '/Volumes/RyanWork/htdocs/vns-bodypaint/application/libraries/PHPMailer/examples/mailing_list.phps' -> '/Volumes/Ryan SSD/htdocs/vns-bodypaint/application/libraries/PHPMailer/examples/mailing_list.phps'
2016-08-19 17:06:17: Copy New '/Volumes/RyanWork/htdocs/vns-bodypaint/application/libraries/PHPMailer/examples/pop_before_smtp.phps' -> '/Volumes/Ryan SSD/htdocs/vns-bodypaint/application/libraries/PHPMailer/examples/pop_before_smtp.phps'
2016-08-19 17:06:17: Copy New '/Volumes/RyanWork/htdocs/vns-bodypaint/application/libraries/PHPMailer/examples/scripts/shAutoloader.js' -> '/Volumes/Ryan SSD/htdocs/vns-bodypaint/application/libraries/PHPMailer/examples/scripts/shAutoloader.js'
2016-08-19 17:06:17: Copy New '/Volumes/RyanWork/htdocs/vns-bodypaint/application/libraries/PHPMailer/examples/scripts/shBrushPhp.js' -> '/Volumes/Ryan SSD/htdocs/vns-bodypaint/application/libraries/PHPMailer/examples/scripts/shBrushPhp.js'
2016-08-19 17:06:17: Copy New '/Volumes/RyanWork/htdocs/vns-bodypaint/application/libraries/PHPMailer/examples/scripts/shCore.js' -> '/Volumes/Ryan SSD/htdocs/vns-bodypaint/application/libraries/PHPMailer/examples/scripts/shCore.js'
2016-08-19 17:06:17: Copy New '/Volumes/RyanWork/htdocs/vns-bodypaint/application/libraries/PHPMailer/examples/scripts/shLegacy.js' -> '/Volumes/Ryan SSD/htdocs/vns-bodypaint/application/libraries/PHPMailer/examples/scripts/shLegacy.js'
2016-08-19 17:06:17: Copy New '/Volumes/RyanWork/htdocs/vns-bodypaint/application/libraries/PHPMailer/examples/scripts/XRegExp.js' -> '/Volumes/Ryan SSD/htdocs/vns-bodypaint/application/libraries/PHPMailer/examples/scripts/XRegExp.js'
2016-08-19 17:06:17: Copy New '/Volumes/RyanWork/htdocs/vns-bodypaint/application/libraries/PHPMailer/examples/send_file_upload.phps' -> '/Volumes/Ryan SSD/htdocs/vns-bodypaint/application/libraries/PHPMailer/examples/send_file_upload.phps'
2016-08-19 17:06:17: Copy New '/Volumes/RyanWork/htdocs/vns-bodypaint/application/libraries/PHPMailer/examples/send_multiple_file_upload.phps' -> '/Volumes/Ryan SSD/htdocs/vns-bodypaint/application/libraries/PHPMailer/examples/send_multiple_file_upload.phps'
2016-08-19 17:06:17: Copy New '/Volumes/RyanWork/htdocs/vns-bodypaint/application/libraries/PHPMailer/examples/sendmail.phps' -> '/Volumes/Ryan SSD/htdocs/vns-bodypaint/application/libraries/PHPMailer/examples/sendmail.phps'
2016-08-19 17:06:17: Copy New '/Volumes/RyanWork/htdocs/vns-bodypaint/application/libraries/PHPMailer/examples/signed-mail.phps' -> '/Volumes/Ryan SSD/htdocs/vns-bodypaint/application/libraries/PHPMailer/examples/signed-mail.phps'
2016-08-19 17:06:17: Copy New '/Volumes/RyanWork/htdocs/vns-bodypaint/application/libraries/PHPMailer/examples/smtp.phps' -> '/Volumes/Ryan SSD/htdocs/vns-bodypaint/application/libraries/PHPMailer/examples/smtp.phps'
2016-08-19 17:06:17: Copy New '/Volumes/RyanWork/htdocs/vns-bodypaint/application/libraries/PHPMailer/examples/smtp_check.phps' -> '/Volumes/Ryan SSD/htdocs/vns-bodypaint/application/libraries/PHPMailer/examples/smtp_check.phps'
2016-08-19 17:06:17: Copy New '/Volumes/RyanWork/htdocs/vns-bodypaint/application/libraries/PHPMailer/examples/smtp_no_auth.phps' -> '/Volumes/Ryan SSD/htdocs/vns-bodypaint/application/libraries/PHPMailer/examples/smtp_no_auth.phps'
2016-08-19 17:06:17: Copy New '/Volumes/RyanWork/htdocs/vns-bodypaint/application/libraries/PHPMailer/examples/ssl_options.phps' -> '/Volumes/Ryan SSD/htdocs/vns-bodypaint/application/libraries/PHPMailer/examples/ssl_options.phps'
2016-08-19 17:06:17: Copy New '/Volumes/RyanWork/htdocs/vns-bodypaint/application/libraries/PHPMailer/examples/styles/shCore.css' -> '/Volumes/Ryan SSD/htdocs/vns-bodypaint/application/libraries/PHPMailer/examples/styles/shCore.css'
2016-08-19 17:06:17: Copy New '/Volumes/RyanWork/htdocs/vns-bodypaint/application/libraries/PHPMailer/examples/styles/shCoreDefault.css' -> '/Volumes/Ryan SSD/htdocs/vns-bodypaint/application/libraries/PHPMailer/examples/styles/shCoreDefault.css'
2016-08-19 17:06:17: Copy New '/Volumes/RyanWork/htdocs/vns-bodypaint/application/libraries/PHPMailer/examples/styles/shCoreDjango.css' -> '/Volumes/Ryan SSD/htdocs/vns-bodypaint/application/libraries/PHPMailer/examples/styles/shCoreDjango.css'
2016-08-19 17:06:17: Copy New '/Volumes/RyanWork/htdocs/vns-bodypaint/application/libraries/PHPMailer/examples/styles/shCoreEclipse.css' -> '/Volumes/Ryan SSD/htdocs/vns-bodypaint/application/libraries/PHPMailer/examples/styles/shCoreEclipse.css'
2016-08-19 17:06:17: Copy New '/Volumes/RyanWork/htdocs/vns-bodypaint/application/libraries/PHPMailer/examples/styles/shCoreEmacs.css' -> '/Volumes/Ryan SSD/htdocs/vns-bodypaint/application/libraries/PHPMailer/examples/styles/shCoreEmacs.css'
2016-08-19 17:06:17: Copy New '/Volumes/RyanWork/htdocs/vns-bodypaint/application/libraries/PHPMailer/examples/styles/shCoreFadeToGrey.css' -> '/Volumes/Ryan SSD/htdocs/vns-bodypaint/application/libraries/PHPMailer/examples/styles/shCoreFadeToGrey.css'
2016-08-19 17:06:17: Copy New '/Volumes/RyanWork/htdocs/vns-bodypaint/application/libraries/PHPMailer/examples/styles/shCoreMDUltra.css' -> '/Volumes/Ryan SSD/htdocs/vns-bodypaint/application/libraries/PHPMailer/examples/styles/shCoreMDUltra.css'
2016-08-19 17:06:17: Copy New '/Volumes/RyanWork/htdocs/vns-bodypaint/application/libraries/PHPMailer/examples/styles/shCoreMidnight.css' -> '/Volumes/Ryan SSD/htdocs/vns-bodypaint/application/libraries/PHPMailer/examples/styles/shCoreMidnight.css'
2016-08-19 17:06:17: Copy New '/Volumes/RyanWork/htdocs/vns-bodypaint/application/libraries/PHPMailer/examples/styles/shCoreRDark.css' -> '/Volumes/Ryan SSD/htdocs/vns-bodypaint/application/libraries/PHPMailer/examples/styles/shCoreRDark.css'
2016-08-19 17:06:17: Copy New '/Volumes/RyanWork/htdocs/vns-bodypaint/application/libraries/PHPMailer/examples/styles/shThemeAppleScript.css' -> '/Volumes/Ryan SSD/htdocs/vns-bodypaint/application/libraries/PHPMailer/examples/styles/shThemeAppleScript.css'
2016-08-19 17:06:17: Copy New '/Volumes/RyanWork/htdocs/vns-bodypaint/application/libraries/PHPMailer/examples/styles/shThemeDefault.css' -> '/Volumes/Ryan SSD/htdocs/vns-bodypaint/application/libraries/PHPMailer/examples/styles/shThemeDefault.css'
2016-08-19 17:06:17: Copy New '/Volumes/RyanWork/htdocs/vns-bodypaint/application/libraries/PHPMailer/examples/styles/shThemeDjango.css' -> '/Volumes/Ryan SSD/htdocs/vns-bodypaint/application/libraries/PHPMailer/examples/styles/shThemeDjango.css'
2016-08-19 17:06:17: Copy New '/Volumes/RyanWork/htdocs/vns-bodypaint/application/libraries/PHPMailer/examples/styles/shThemeEclipse.css' -> '/Volumes/Ryan SSD/htdocs/vns-bodypaint/application/libraries/PHPMailer/examples/styles/shThemeEclipse.css'
2016-08-19 17:06:17: Copy New '/Volumes/RyanWork/htdocs/vns-bodypaint/application/libraries/PHPMailer/examples/styles/shThemeEmacs.css' -> '/Volumes/Ryan SSD/htdocs/vns-bodypaint/application/libraries/PHPMailer/examples/styles/shThemeEmacs.css'
2016-08-19 17:06:17: Copy New '/Volumes/RyanWork/htdocs/vns-bodypaint/application/libraries/PHPMailer/examples/styles/shThemeFadeToGrey.css' -> '/Volumes/Ryan SSD/htdocs/vns-bodypaint/application/libraries/PHPMailer/examples/styles/shThemeFadeToGrey.css'
2016-08-19 17:06:17: Copy New '/Volumes/RyanWork/htdocs/vns-bodypaint/application/libraries/PHPMailer/examples/styles/shThemeMDUltra.css' -> '/Volumes/Ryan SSD/htdocs/vns-bodypaint/application/libraries/PHPMailer/examples/styles/shThemeMDUltra.css'
2016-08-19 17:06:17: Copy New '/Volumes/RyanWork/htdocs/vns-bodypaint/application/libraries/PHPMailer/examples/styles/shThemeMidnight.css' -> '/Volumes/Ryan SSD/htdocs/vns-bodypaint/application/libraries/PHPMailer/examples/styles/shThemeMidnight.css'
2016-08-19 17:06:17: Copy New '/Volumes/RyanWork/htdocs/vns-bodypaint/application/libraries/PHPMailer/examples/styles/shThemeRDark.css' -> '/Volumes/Ryan SSD/htdocs/vns-bodypaint/application/libraries/PHPMailer/examples/styles/shThemeRDark.css'
2016-08-19 17:06:17: Copy New '/Volumes/RyanWork/htdocs/vns-bodypaint/application/libraries/PHPMailer/examples/styles/shThemeVisualStudio.css' -> '/Volumes/Ryan SSD/htdocs/vns-bodypaint/application/libraries/PHPMailer/examples/styles/shThemeVisualStudio.css'
2016-08-19 17:06:17: Copy New '/Volumes/RyanWork/htdocs/vns-bodypaint/application/libraries/PHPMailer/examples/styles/wrapping.png' -> '/Volumes/Ryan SSD/htdocs/vns-bodypaint/application/libraries/PHPMailer/examples/styles/wrapping.png'
2016-08-19 17:06:17: Copy New '/Volumes/RyanWork/htdocs/vns-bodypaint/application/libraries/PHPMailer/extras/EasyPeasyICS.php' -> '/Volumes/Ryan SSD/htdocs/vns-bodypaint/application/libraries/PHPMailer/extras/EasyPeasyICS.php'
2016-08-19 17:06:17: Copy New '/Volumes/RyanWork/htdocs/vns-bodypaint/application/libraries/PHPMailer/extras/htmlfilter.php' -> '/Volumes/Ryan SSD/htdocs/vns-bodypaint/application/libraries/PHPMailer/extras/htmlfilter.php'
2016-08-19 17:06:17: Copy New '/Volumes/RyanWork/htdocs/vns-bodypaint/application/libraries/PHPMailer/extras/ntlm_sasl_client.php' -> '/Volumes/Ryan SSD/htdocs/vns-bodypaint/application/libraries/PHPMailer/extras/ntlm_sasl_client.php'
2016-08-19 17:06:17: Copy New '/Volumes/RyanWork/htdocs/vns-bodypaint/application/libraries/PHPMailer/extras/README.md' -> '/Volumes/Ryan SSD/htdocs/vns-bodypaint/application/libraries/PHPMailer/extras/README.md'
2016-08-19 17:06:17: Copy New '/Volumes/RyanWork/htdocs/vns-bodypaint/application/libraries/PHPMailer/get_oauth_token.php' -> '/Volumes/Ryan SSD/htdocs/vns-bodypaint/application/libraries/PHPMailer/get_oauth_token.php'
2016-08-19 17:06:17: Copy New '/Volumes/RyanWork/htdocs/vns-bodypaint/application/libraries/PHPMailer/language/phpmailer.lang-am.php' -> '/Volumes/Ryan SSD/htdocs/vns-bodypaint/application/libraries/PHPMailer/language/phpmailer.lang-am.php'
2016-08-19 17:06:17: Copy New '/Volumes/RyanWork/htdocs/vns-bodypaint/application/libraries/PHPMailer/language/phpmailer.lang-ar.php' -> '/Volumes/Ryan SSD/htdocs/vns-bodypaint/application/libraries/PHPMailer/language/phpmailer.lang-ar.php'
2016-08-19 17:06:17: Copy New '/Volumes/RyanWork/htdocs/vns-bodypaint/application/libraries/PHPMailer/language/phpmailer.lang-az.php' -> '/Volumes/Ryan SSD/htdocs/vns-bodypaint/application/libraries/PHPMailer/language/phpmailer.lang-az.php'
2016-08-19 17:06:17: Copy New '/Volumes/RyanWork/htdocs/vns-bodypaint/application/libraries/PHPMailer/language/phpmailer.lang-be.php' -> '/Volumes/Ryan SSD/htdocs/vns-bodypaint/application/libraries/PHPMailer/language/phpmailer.lang-be.php'
2016-08-19 17:06:17: Copy New '/Volumes/RyanWork/htdocs/vns-bodypaint/application/libraries/PHPMailer/language/phpmailer.lang-bg.php' -> '/Volumes/Ryan SSD/htdocs/vns-bodypaint/application/libraries/PHPMailer/language/phpmailer.lang-bg.php'
2016-08-19 17:06:17: Copy New '/Volumes/RyanWork/htdocs/vns-bodypaint/application/libraries/PHPMailer/language/phpmailer.lang-br.php' -> '/Volumes/Ryan SSD/htdocs/vns-bodypaint/application/libraries/PHPMailer/language/phpmailer.lang-br.php'
2016-08-19 17:06:17: Copy New '/Volumes/RyanWork/htdocs/vns-bodypaint/application/libraries/PHPMailer/language/phpmailer.lang-ca.php' -> '/Volumes/Ryan SSD/htdocs/vns-bodypaint/application/libraries/PHPMailer/language/phpmailer.lang-ca.php'
2016-08-19 17:06:17: Copy New '/Volumes/RyanWork/htdocs/vns-bodypaint/application/libraries/PHPMailer/language/phpmailer.lang-ch.php' -> '/Volumes/Ryan SSD/htdocs/vns-bodypaint/application/libraries/PHPMailer/language/phpmailer.lang-ch.php'
2016-08-19 17:06:17: Copy New '/Volumes/RyanWork/htdocs/vns-bodypaint/application/libraries/PHPMailer/language/phpmailer.lang-cz.php' -> '/Volumes/Ryan SSD/htdocs/vns-bodypaint/application/libraries/PHPMailer/language/phpmailer.lang-cz.php'
2016-08-19 17:06:17: Copy New '/Volumes/RyanWork/htdocs/vns-bodypaint/application/libraries/PHPMailer/language/phpmailer.lang-da.php' -> '/Volumes/Ryan SSD/htdocs/vns-bodypaint/application/libraries/PHPMailer/language/phpmailer.lang-da.php'
2016-08-19 17:06:17: Copy New '/Volumes/RyanWork/htdocs/vns-bodypaint/application/libraries/PHPMailer/language/phpmailer.lang-de.php' -> '/Volumes/Ryan SSD/htdocs/vns-bodypaint/application/libraries/PHPMailer/language/phpmailer.lang-de.php'
2016-08-19 17:06:17: Copy New '/Volumes/RyanWork/htdocs/vns-bodypaint/application/libraries/PHPMailer/language/phpmailer.lang-el.php' -> '/Volumes/Ryan SSD/htdocs/vns-bodypaint/application/libraries/PHPMailer/language/phpmailer.lang-el.php'
2016-08-19 17:06:17: Copy New '/Volumes/RyanWork/htdocs/vns-bodypaint/application/libraries/PHPMailer/language/phpmailer.lang-eo.php' -> '/Volumes/Ryan SSD/htdocs/vns-bodypaint/application/libraries/PHPMailer/language/phpmailer.lang-eo.php'
2016-08-19 17:06:17: Copy New '/Volumes/RyanWork/htdocs/vns-bodypaint/application/libraries/PHPMailer/language/phpmailer.lang-es.php' -> '/Volumes/Ryan SSD/htdocs/vns-bodypaint/application/libraries/PHPMailer/language/phpmailer.lang-es.php'
2016-08-19 17:06:17: Copy New '/Volumes/RyanWork/htdocs/vns-bodypaint/application/libraries/PHPMailer/language/phpmailer.lang-et.php' -> '/Volumes/Ryan SSD/htdocs/vns-bodypaint/application/libraries/PHPMailer/language/phpmailer.lang-et.php'
2016-08-19 17:06:17: Copy New '/Volumes/RyanWork/htdocs/vns-bodypaint/application/libraries/PHPMailer/language/phpmailer.lang-fa.php' -> '/Volumes/Ryan SSD/htdocs/vns-bodypaint/application/libraries/PHPMailer/language/phpmailer.lang-fa.php'
2016-08-19 17:06:17: Copy New '/Volumes/RyanWork/htdocs/vns-bodypaint/application/libraries/PHPMailer/language/phpmailer.lang-fi.php' -> '/Volumes/Ryan SSD/htdocs/vns-bodypaint/application/libraries/PHPMailer/language/phpmailer.lang-fi.php'
2016-08-19 17:06:17: Copy New '/Volumes/RyanWork/htdocs/vns-bodypaint/application/libraries/PHPMailer/language/phpmailer.lang-fo.php' -> '/Volumes/Ryan SSD/htdocs/vns-bodypaint/application/libraries/PHPMailer/language/phpmailer.lang-fo.php'
2016-08-19 17:06:17: Copy New '/Volumes/RyanWork/htdocs/vns-bodypaint/application/libraries/PHPMailer/language/phpmailer.lang-fr.php' -> '/Volumes/Ryan SSD/htdocs/vns-bodypaint/application/libraries/PHPMailer/language/phpmailer.lang-fr.php'
2016-08-19 17:06:17: Copy New '/Volumes/RyanWork/htdocs/vns-bodypaint/application/libraries/PHPMailer/language/phpmailer.lang-gl.php' -> '/Volumes/Ryan SSD/htdocs/vns-bodypaint/application/libraries/PHPMailer/language/phpmailer.lang-gl.php'
2016-08-19 17:06:17: Copy New '/Volumes/RyanWork/htdocs/vns-bodypaint/application/libraries/PHPMailer/language/phpmailer.lang-he.php' -> '/Volumes/Ryan SSD/htdocs/vns-bodypaint/application/libraries/PHPMailer/language/phpmailer.lang-he.php'
2016-08-19 17:06:17: Copy New '/Volumes/RyanWork/htdocs/vns-bodypaint/application/libraries/PHPMailer/language/phpmailer.lang-hr.php' -> '/Volumes/Ryan SSD/htdocs/vns-bodypaint/application/libraries/PHPMailer/language/phpmailer.lang-hr.php'
2016-08-19 17:06:17: Copy New '/Volumes/RyanWork/htdocs/vns-bodypaint/application/libraries/PHPMailer/language/phpmailer.lang-hu.php' -> '/Volumes/Ryan SSD/htdocs/vns-bodypaint/application/libraries/PHPMailer/language/phpmailer.lang-hu.php'
2016-08-19 17:06:17: Copy New '/Volumes/RyanWork/htdocs/vns-bodypaint/application/libraries/PHPMailer/language/phpmailer.lang-id.php' -> '/Volumes/Ryan SSD/htdocs/vns-bodypaint/application/libraries/PHPMailer/language/phpmailer.lang-id.php'
2016-08-19 17:06:17: Copy New '/Volumes/RyanWork/htdocs/vns-bodypaint/application/libraries/PHPMailer/language/phpmailer.lang-it.php' -> '/Volumes/Ryan SSD/htdocs/vns-bodypaint/application/libraries/PHPMailer/language/phpmailer.lang-it.php'
2016-08-19 17:06:17: Copy New '/Volumes/RyanWork/htdocs/vns-bodypaint/application/libraries/PHPMailer/language/phpmailer.lang-ja.php' -> '/Volumes/Ryan SSD/htdocs/vns-bodypaint/application/libraries/PHPMailer/language/phpmailer.lang-ja.php'
2016-08-19 17:06:17: Copy New '/Volumes/RyanWork/htdocs/vns-bodypaint/application/libraries/PHPMailer/language/phpmailer.lang-ka.php' -> '/Volumes/Ryan SSD/htdocs/vns-bodypaint/application/libraries/PHPMailer/language/phpmailer.lang-ka.php'
2016-08-19 17:06:17: Copy New '/Volumes/RyanWork/htdocs/vns-bodypaint/application/libraries/PHPMailer/language/phpmailer.lang-ko.php' -> '/Volumes/Ryan SSD/htdocs/vns-bodypaint/application/libraries/PHPMailer/language/phpmailer.lang-ko.php'
2016-08-19 17:06:17: Copy New '/Volumes/RyanWork/htdocs/vns-bodypaint/application/libraries/PHPMailer/language/phpmailer.lang-lt.php' -> '/Volumes/Ryan SSD/htdocs/vns-bodypaint/application/libraries/PHPMailer/language/phpmailer.lang-lt.php'
2016-08-19 17:06:17: Copy New '/Volumes/RyanWork/htdocs/vns-bodypaint/application/libraries/PHPMailer/language/phpmailer.lang-lv.php' -> '/Volumes/Ryan SSD/htdocs/vns-bodypaint/application/libraries/PHPMailer/language/phpmailer.lang-lv.php'
2016-08-19 17:06:17: Copy New '/Volumes/RyanWork/htdocs/vns-bodypaint/application/libraries/PHPMailer/language/phpmailer.lang-ms.php' -> '/Volumes/Ryan SSD/htdocs/vns-bodypaint/application/libraries/PHPMailer/language/phpmailer.lang-ms.php'
2016-08-19 17:06:17: Copy New '/Volumes/RyanWork/htdocs/vns-bodypaint/application/libraries/PHPMailer/language/phpmailer.lang-nl.php' -> '/Volumes/Ryan SSD/htdocs/vns-bodypaint/application/libraries/PHPMailer/language/phpmailer.lang-nl.php'
2016-08-19 17:06:17: Copy New '/Volumes/RyanWork/htdocs/vns-bodypaint/application/libraries/PHPMailer/language/phpmailer.lang-no.php' -> '/Volumes/Ryan SSD/htdocs/vns-bodypaint/application/libraries/PHPMailer/language/phpmailer.lang-no.php'
2016-08-19 17:06:17: Copy New '/Volumes/RyanWork/htdocs/vns-bodypaint/application/libraries/PHPMailer/language/phpmailer.lang-pl.php' -> '/Volumes/Ryan SSD/htdocs/vns-bodypaint/application/libraries/PHPMailer/language/phpmailer.lang-pl.php'
2016-08-19 17:06:17: Copy New '/Volumes/RyanWork/htdocs/vns-bodypaint/application/libraries/PHPMailer/language/phpmailer.lang-pt.php' -> '/Volumes/Ryan SSD/htdocs/vns-bodypaint/application/libraries/PHPMailer/language/phpmailer.lang-pt.php'
2016-08-19 17:06:17: Copy New '/Volumes/RyanWork/htdocs/vns-bodypaint/application/libraries/PHPMailer/language/phpmailer.lang-ro.php' -> '/Volumes/Ryan SSD/htdocs/vns-bodypaint/application/libraries/PHPMailer/language/phpmailer.lang-ro.php'
2016-08-19 17:06:17: Copy New '/Volumes/RyanWork/htdocs/vns-bodypaint/application/libraries/PHPMailer/language/phpmailer.lang-ru.php' -> '/Volumes/Ryan SSD/htdocs/vns-bodypaint/application/libraries/PHPMailer/language/phpmailer.lang-ru.php'
2016-08-19 17:06:17: Copy New '/Volumes/RyanWork/htdocs/vns-bodypaint/application/libraries/PHPMailer/language/phpmailer.lang-se.php' -> '/Volumes/Ryan SSD/htdocs/vns-bodypaint/application/libraries/PHPMailer/language/phpmailer.lang-se.php'
2016-08-19 17:06:17: Copy New '/Volumes/RyanWork/htdocs/vns-bodypaint/application/libraries/PHPMailer/language/phpmailer.lang-sk.php' -> '/Volumes/Ryan SSD/htdocs/vns-bodypaint/application/libraries/PHPMailer/language/phpmailer.lang-sk.php'
2016-08-19 17:06:17: Copy New '/Volumes/RyanWork/htdocs/vns-bodypaint/application/libraries/PHPMailer/language/phpmailer.lang-sl.php' -> '/Volumes/Ryan SSD/htdocs/vns-bodypaint/application/libraries/PHPMailer/language/phpmailer.lang-sl.php'
2016-08-19 17:06:17: Copy New '/Volumes/RyanWork/htdocs/vns-bodypaint/application/libraries/PHPMailer/language/phpmailer.lang-sr.php' -> '/Volumes/Ryan SSD/htdocs/vns-bodypaint/application/libraries/PHPMailer/language/phpmailer.lang-sr.php'
2016-08-19 17:06:17: Copy New '/Volumes/RyanWork/htdocs/vns-bodypaint/application/libraries/PHPMailer/language/phpmailer.lang-tr.php' -> '/Volumes/Ryan SSD/htdocs/vns-bodypaint/application/libraries/PHPMailer/language/phpmailer.lang-tr.php'
2016-08-19 17:06:17: Copy New '/Volumes/RyanWork/htdocs/vns-bodypaint/application/libraries/PHPMailer/language/phpmailer.lang-uk.php' -> '/Volumes/Ryan SSD/htdocs/vns-bodypaint/application/libraries/PHPMailer/language/phpmailer.lang-uk.php'
2016-08-19 17:06:17: Copy New '/Volumes/RyanWork/htdocs/vns-bodypaint/application/libraries/PHPMailer/language/phpmailer.lang-vi.php' -> '/Volumes/Ryan SSD/htdocs/vns-bodypaint/application/libraries/PHPMailer/language/phpmailer.lang-vi.php'
2016-08-19 17:06:17: Copy New '/Volumes/RyanWork/htdocs/vns-bodypaint/application/libraries/PHPMailer/language/phpmailer.lang-zh.php' -> '/Volumes/Ryan SSD/htdocs/vns-bodypaint/application/libraries/PHPMailer/language/phpmailer.lang-zh.php'
2016-08-19 17:06:17: Copy New '/Volumes/RyanWork/htdocs/vns-bodypaint/application/libraries/PHPMailer/language/phpmailer.lang-zh_cn.php' -> '/Volumes/Ryan SSD/htdocs/vns-bodypaint/application/libraries/PHPMailer/language/phpmailer.lang-zh_cn.php'
2016-08-19 17:06:17: Copy New '/Volumes/RyanWork/htdocs/vns-bodypaint/application/libraries/PHPMailer/LICENSE' -> '/Volumes/Ryan SSD/htdocs/vns-bodypaint/application/libraries/PHPMailer/LICENSE'
2016-08-19 17:06:17: Copy New '/Volumes/RyanWork/htdocs/vns-bodypaint/application/libraries/PHPMailer/PHPMailerAutoload.php' -> '/Volumes/Ryan SSD/htdocs/vns-bodypaint/application/libraries/PHPMailer/PHPMailerAutoload.php'
2016-08-19 17:06:17: Copy New '/Volumes/RyanWork/htdocs/vns-bodypaint/application/libraries/PHPMailer/README.md' -> '/Volumes/Ryan SSD/htdocs/vns-bodypaint/application/libraries/PHPMailer/README.md'
2016-08-19 17:06:17: Copy New '/Volumes/RyanWork/htdocs/vns-bodypaint/application/libraries/PHPMailer/SECURITY' -> '/Volumes/Ryan SSD/htdocs/vns-bodypaint/application/libraries/PHPMailer/SECURITY'
2016-08-19 17:06:17: Copy New '/Volumes/RyanWork/htdocs/vns-bodypaint/application/libraries/PHPMailer/test/bootstrap.php' -> '/Volumes/Ryan SSD/htdocs/vns-bodypaint/application/libraries/PHPMailer/test/bootstrap.php'
2016-08-19 17:06:17: Copy New '/Volumes/RyanWork/htdocs/vns-bodypaint/application/libraries/PHPMailer/test/fakepopserver.sh' -> '/Volumes/Ryan SSD/htdocs/vns-bodypaint/application/libraries/PHPMailer/test/fakepopserver.sh'
2016-08-19 17:06:17: Copy New '/Volumes/RyanWork/htdocs/vns-bodypaint/application/libraries/PHPMailer/test/fakesendmail.sh' -> '/Volumes/Ryan SSD/htdocs/vns-bodypaint/application/libraries/PHPMailer/test/fakesendmail.sh'
2016-08-19 17:06:17: Copy New '/Volumes/RyanWork/htdocs/vns-bodypaint/application/libraries/PHPMailer/test/phpmailerLangTest.php' -> '/Volumes/Ryan SSD/htdocs/vns-bodypaint/application/libraries/PHPMailer/test/phpmailerLangTest.php'
2016-08-19 17:06:17: Copy New '/Volumes/RyanWork/htdocs/vns-bodypaint/application/libraries/PHPMailer/test/phpmailerTest.php' -> '/Volumes/Ryan SSD/htdocs/vns-bodypaint/application/libraries/PHPMailer/test/phpmailerTest.php'
2016-08-19 17:06:17: Copy New '/Volumes/RyanWork/htdocs/vns-bodypaint/application/libraries/PHPMailer/test/runfakepopserver.sh' -> '/Volumes/Ryan SSD/htdocs/vns-bodypaint/application/libraries/PHPMailer/test/runfakepopserver.sh'
2016-08-19 17:06:17: Copy New '/Volumes/RyanWork/htdocs/vns-bodypaint/application/libraries/PHPMailer/test/test_callback.php' -> '/Volumes/Ryan SSD/htdocs/vns-bodypaint/application/libraries/PHPMailer/test/test_callback.php'
2016-08-19 17:06:17: Copy New '/Volumes/RyanWork/htdocs/vns-bodypaint/application/libraries/PHPMailer/test/testbootstrap-dist.php' -> '/Volumes/Ryan SSD/htdocs/vns-bodypaint/application/libraries/PHPMailer/test/testbootstrap-dist.php'
2016-08-19 17:06:17: Copy New '/Volumes/RyanWork/htdocs/vns-bodypaint/application/libraries/PHPMailer/travis.phpunit.xml.dist' -> '/Volumes/Ryan SSD/htdocs/vns-bodypaint/application/libraries/PHPMailer/travis.phpunit.xml.dist'
2016-08-19 17:06:17: Copy New '/Volumes/RyanWork/htdocs/vns-bodypaint/application/libraries/PHPMailer/VERSION' -> '/Volumes/Ryan SSD/htdocs/vns-bodypaint/application/libraries/PHPMailer/VERSION'
2016-08-19 17:06:17: Copy Over '/Volumes/RyanWork/htdocs/vns-bodypaint/application/models/Contact_model.php' -> '/Volumes/Ryan SSD/htdocs/vns-bodypaint/application/models/Contact_model.php'
2016-08-19 17:06:17: Copy Over '/Volumes/RyanWork/htdocs/vns-bodypaint/application/models/User_model.php' -> '/Volumes/Ryan SSD/htdocs/vns-bodypaint/application/models/User_model.php'
2016-08-19 17:06:17: Copy Over '/Volumes/RyanWork/htdocs/vns-bodypaint/application/views/backend/member/edit.php' -> '/Volumes/Ryan SSD/htdocs/vns-bodypaint/application/views/backend/member/edit.php'
2016-08-19 17:06:17: Copy Over '/Volumes/RyanWork/htdocs/vns-bodypaint/assets/backend/js/script-min.js' -> '/Volumes/Ryan SSD/htdocs/vns-bodypaint/assets/backend/js/script-min.js'
2016-08-19 17:06:17: Copy Over '/Volumes/RyanWork/htdocs/vns-bodypaint/assets/backend/js/script.js' -> '/Volumes/Ryan SSD/htdocs/vns-bodypaint/assets/backend/js/script.js'
2016-08-19 17:06:17: Copy Over '/Volumes/RyanWork/htdocs/vns-bodypaint/assets/config.codekit' -> '/Volumes/Ryan SSD/htdocs/vns-bodypaint/assets/config.codekit'
2016-08-19 17:06:17: Copy Over '/Volumes/RyanWork/htdocs/vns-bodypaint/assets/frontend/css/.sass-cache/b5b34955c50fa58f22076aadfa317619607136b2/style.scssc' -> '/Volumes/Ryan SSD/htdocs/vns-bodypaint/assets/frontend/css/.sass-cache/b5b34955c50fa58f22076aadfa317619607136b2/style.scssc'
2016-08-19 17:06:17: Copy Over '/Volumes/RyanWork/htdocs/vns-bodypaint/assets/frontend/css/style-min.css' -> '/Volumes/Ryan SSD/htdocs/vns-bodypaint/assets/frontend/css/style-min.css'
2016-08-19 17:06:17: Copy Over '/Volumes/RyanWork/htdocs/vns-bodypaint/assets/frontend/css/style.scss' -> '/Volumes/Ryan SSD/htdocs/vns-bodypaint/assets/frontend/css/style.scss'
2016-08-19 17:06:17: Copy Over '/Volumes/RyanWork/htdocs/vns-bodypaint/assets/frontend/js/script-min.js' -> '/Volumes/Ryan SSD/htdocs/vns-bodypaint/assets/frontend/js/script-min.js'
2016-08-19 17:06:17: Copy Over '/Volumes/RyanWork/htdocs/vns-bodypaint/assets/frontend/js/script.js' -> '/Volumes/Ryan SSD/htdocs/vns-bodypaint/assets/frontend/js/script.js'
2016-08-19 17:06:18: == Sync Complete. Time: 00:00:02, Speed: 1.7 MB/s, OK: 158, Errors: 0
2016-08-19 17:06:18: 
