2016-08-04 11:34:40: -- Analysis Started by User
2016-08-04 11:34:41: Changes: 26, Conflicts: 0, CopyTime: 0, CopyState: 0/0, Errors: 0, All: 4157
2016-08-04 11:34:41: Left to Right: Copy File: 24 Delete File: 2 
2016-08-04 11:34:41: -- Analysis Complete. Time 00:00:01, Speed: 4120 files/s
2016-08-04 11:34:41: 
2016-08-04 11:34:42: == Sync Started by User
2016-08-04 11:34:42: Delete File '/Volumes/Ryan SSD/htdocs/vns-bodypaint/upload/.thumbs/images/category/math.jpg'
2016-08-04 11:34:42: Delete File '/Volumes/Ryan SSD/htdocs/vns-bodypaint/upload/images/category/math.jpg'
2016-08-04 11:34:42: Create Folder '/Volumes/Ryan SSD/htdocs/vns-bodypaint/upload/.thumbs/images/banner'
2016-08-04 11:34:42: Create Folder '/Volumes/Ryan SSD/htdocs/vns-bodypaint/upload/.thumbs/images/gallery'
2016-08-04 11:34:42: Create Folder '/Volumes/Ryan SSD/htdocs/vns-bodypaint/upload/.thumbs/images/gallery/after'
2016-08-04 11:34:42: Create Folder '/Volumes/Ryan SSD/htdocs/vns-bodypaint/upload/.thumbs/images/gallery/before'
2016-08-04 11:34:42: Create Folder '/Volumes/Ryan SSD/htdocs/vns-bodypaint/upload/.thumbs/images/temp'
2016-08-04 11:34:42: Copy Over '/Volumes/RyanWork/htdocs/vns-bodypaint/application/controllers/backend/Category.php' -> '/Volumes/Ryan SSD/htdocs/vns-bodypaint/application/controllers/backend/Category.php'
2016-08-04 11:34:42: Copy Over '/Volumes/RyanWork/htdocs/vns-bodypaint/application/models/Category_model.php' -> '/Volumes/Ryan SSD/htdocs/vns-bodypaint/application/models/Category_model.php'
2016-08-04 11:34:42: Copy Over '/Volumes/RyanWork/htdocs/vns-bodypaint/application/views/backend/category/add.php' -> '/Volumes/Ryan SSD/htdocs/vns-bodypaint/application/views/backend/category/add.php'
2016-08-04 11:34:42: Copy Over '/Volumes/RyanWork/htdocs/vns-bodypaint/application/views/backend/category/edit.php' -> '/Volumes/Ryan SSD/htdocs/vns-bodypaint/application/views/backend/category/edit.php'
2016-08-04 11:34:42: Copy Over '/Volumes/RyanWork/htdocs/vns-bodypaint/application/views/backend/service/add.php' -> '/Volumes/Ryan SSD/htdocs/vns-bodypaint/application/views/backend/service/add.php'
2016-08-04 11:34:42: Copy Over '/Volumes/RyanWork/htdocs/vns-bodypaint/assets/backend/js/script-min.js' -> '/Volumes/Ryan SSD/htdocs/vns-bodypaint/assets/backend/js/script-min.js'
2016-08-04 11:34:42: Copy Over '/Volumes/RyanWork/htdocs/vns-bodypaint/assets/backend/js/script.js' -> '/Volumes/Ryan SSD/htdocs/vns-bodypaint/assets/backend/js/script.js'
2016-08-04 11:34:42: Copy Over '/Volumes/RyanWork/htdocs/vns-bodypaint/assets/config.codekit' -> '/Volumes/Ryan SSD/htdocs/vns-bodypaint/assets/config.codekit'
2016-08-04 11:34:42: Copy New '/Volumes/RyanWork/htdocs/vns-bodypaint/upload/.thumbs/images/banner/booking.jpg' -> '/Volumes/Ryan SSD/htdocs/vns-bodypaint/upload/.thumbs/images/banner/booking.jpg'
2016-08-04 11:34:42: Copy New '/Volumes/RyanWork/htdocs/vns-bodypaint/upload/.thumbs/images/banner/dichvu.jpg' -> '/Volumes/Ryan SSD/htdocs/vns-bodypaint/upload/.thumbs/images/banner/dichvu.jpg'
2016-08-04 11:34:42: Copy New '/Volumes/RyanWork/htdocs/vns-bodypaint/upload/.thumbs/images/banner/lienhe.jpg' -> '/Volumes/Ryan SSD/htdocs/vns-bodypaint/upload/.thumbs/images/banner/lienhe.jpg'
2016-08-04 11:34:42: Copy New '/Volumes/RyanWork/htdocs/vns-bodypaint/upload/.thumbs/images/gallery/after/1.jpg' -> '/Volumes/Ryan SSD/htdocs/vns-bodypaint/upload/.thumbs/images/gallery/after/1.jpg'
2016-08-04 11:34:42: Copy New '/Volumes/RyanWork/htdocs/vns-bodypaint/upload/.thumbs/images/gallery/after/2.jpg' -> '/Volumes/Ryan SSD/htdocs/vns-bodypaint/upload/.thumbs/images/gallery/after/2.jpg'
2016-08-04 11:34:42: Copy New '/Volumes/RyanWork/htdocs/vns-bodypaint/upload/.thumbs/images/gallery/before/1.jpg' -> '/Volumes/Ryan SSD/htdocs/vns-bodypaint/upload/.thumbs/images/gallery/before/1.jpg'
2016-08-04 11:34:42: Copy New '/Volumes/RyanWork/htdocs/vns-bodypaint/upload/.thumbs/images/gallery/before/2.jpg' -> '/Volumes/Ryan SSD/htdocs/vns-bodypaint/upload/.thumbs/images/gallery/before/2.jpg'
2016-08-04 11:34:42: Copy New '/Volumes/RyanWork/htdocs/vns-bodypaint/upload/.thumbs/images/temp/1.jpg' -> '/Volumes/Ryan SSD/htdocs/vns-bodypaint/upload/.thumbs/images/temp/1.jpg'
2016-08-04 11:34:42: Copy New '/Volumes/RyanWork/htdocs/vns-bodypaint/upload/.thumbs/images/temp/2.jpg' -> '/Volumes/Ryan SSD/htdocs/vns-bodypaint/upload/.thumbs/images/temp/2.jpg'
2016-08-04 11:34:42: Copy New '/Volumes/RyanWork/htdocs/vns-bodypaint/upload/.thumbs/images/temp/3.jpg' -> '/Volumes/Ryan SSD/htdocs/vns-bodypaint/upload/.thumbs/images/temp/3.jpg'
2016-08-04 11:34:42: Copy New '/Volumes/RyanWork/htdocs/vns-bodypaint/upload/.thumbs/images/temp/4.jpg' -> '/Volumes/Ryan SSD/htdocs/vns-bodypaint/upload/.thumbs/images/temp/4.jpg'
2016-08-04 11:34:43: == Sync Complete. Time: 00:00:01, Speed: 0.0/s, OK: 26, Errors: 0
2016-08-04 11:34:43: 
