2016-08-11 15:40:05: -- Analysis Started by User
2016-08-11 15:40:11: Changes: 236, Conflicts: 0, CopyTime: 0, CopyState: 0/0, Errors: 0, All: 8214
2016-08-11 15:40:11: Left to Right: Copy File: 232 Rename/Move File/Folder: 4 
2016-08-11 15:40:11: -- Analysis Complete. Time 00:00:06, Speed: 1315 files/s
2016-08-11 15:40:11: 
2016-08-11 15:40:12: == Sync Started by User
2016-08-11 15:40:12: Create Folder '/Volumes/Ryan SSD/htdocs/vns-bodypaint/application/controllers/nanoGallery'
2016-08-11 15:40:12: Create Folder '/Volumes/Ryan SSD/htdocs/vns-bodypaint/application/views/backend/banner'
2016-08-11 15:40:12: Create Folder '/Volumes/Ryan SSD/htdocs/vns-bodypaint/application/views/backend/gallery'
2016-08-11 15:40:12: Create Folder '/Volumes/Ryan SSD/htdocs/vns-bodypaint/application/views/backend/news'
2016-08-11 15:40:12: Create Folder '/Volumes/Ryan SSD/htdocs/vns-bodypaint/library/lightbox'
2016-08-11 15:40:12: Create Folder '/Volumes/Ryan SSD/htdocs/vns-bodypaint/library/lightbox/css'
2016-08-11 15:40:12: Create Folder '/Volumes/Ryan SSD/htdocs/vns-bodypaint/library/lightbox/images'
2016-08-11 15:40:12: Create Folder '/Volumes/Ryan SSD/htdocs/vns-bodypaint/library/lightbox/js'
2016-08-11 15:40:12: Create Folder '/Volumes/Ryan SSD/htdocs/vns-bodypaint/library/nanoGallery'
2016-08-11 15:40:12: Create Folder '/Volumes/Ryan SSD/htdocs/vns-bodypaint/library/nanoGallery/css'
2016-08-11 15:40:12: Create Folder '/Volumes/Ryan SSD/htdocs/vns-bodypaint/library/nanoGallery/css/font'
2016-08-11 15:40:12: Create Folder '/Volumes/Ryan SSD/htdocs/vns-bodypaint/library/nanoGallery/css/themes'
2016-08-11 15:40:12: Create Folder '/Volumes/Ryan SSD/htdocs/vns-bodypaint/library/nanoGallery/css/themes/clean'
2016-08-11 15:40:12: Create Folder '/Volumes/Ryan SSD/htdocs/vns-bodypaint/library/nanoGallery/css/themes/clean/font'
2016-08-11 15:40:12: Create Folder '/Volumes/Ryan SSD/htdocs/vns-bodypaint/library/nanoGallery/css/themes/light'
2016-08-11 15:40:12: Create Folder '/Volumes/Ryan SSD/htdocs/vns-bodypaint/library/nanoGallery/css/themes/light/font'
2016-08-11 15:40:12: Create Folder '/Volumes/Ryan SSD/htdocs/vns-bodypaint/library/nanoGallery/js'
2016-08-11 15:40:12: Create Folder '/Volumes/Ryan SSD/htdocs/vns-bodypaint/upload/.thumbs/images/banner/position-2'
2016-08-11 15:40:12: Create Folder '/Volumes/Ryan SSD/htdocs/vns-bodypaint/upload/.thumbs/images/gallery/event'
2016-08-11 15:40:12: Create Folder '/Volumes/Ryan SSD/htdocs/vns-bodypaint/upload/.thumbs/images/news'
2016-08-11 15:40:12: Create Folder '/Volumes/Ryan SSD/htdocs/vns-bodypaint/upload/.thumbs/media'
2016-08-11 15:40:12: Create Folder '/Volumes/Ryan SSD/htdocs/vns-bodypaint/upload/images/news'
2016-08-11 15:40:12: Create Folder '/Volumes/Ryan SSD/htdocs/vns-bodypaint/upload/media'
2016-08-11 15:40:12: Copy Over '/Volumes/RyanWork/htdocs/vns-bodypaint/.git/COMMIT_EDITMSG' -> '/Volumes/Ryan SSD/htdocs/vns-bodypaint/.git/COMMIT_EDITMSG'
2016-08-11 15:40:12: Copy New '/Volumes/RyanWork/htdocs/vns-bodypaint/.git/FETCH_HEAD' -> '/Volumes/Ryan SSD/htdocs/vns-bodypaint/.git/FETCH_HEAD'
2016-08-11 15:40:12: Copy Over '/Volumes/RyanWork/htdocs/vns-bodypaint/.git/index' -> '/Volumes/Ryan SSD/htdocs/vns-bodypaint/.git/index'
2016-08-11 15:40:12: Copy Over '/Volumes/RyanWork/htdocs/vns-bodypaint/.git/logs/HEAD' -> '/Volumes/Ryan SSD/htdocs/vns-bodypaint/.git/logs/HEAD'
2016-08-11 15:40:12: Copy Over '/Volumes/RyanWork/htdocs/vns-bodypaint/.git/logs/refs/heads/master' -> '/Volumes/Ryan SSD/htdocs/vns-bodypaint/.git/logs/refs/heads/master'
2016-08-11 15:40:12: Copy Over '/Volumes/RyanWork/htdocs/vns-bodypaint/.git/logs/refs/remotes/vns-bodypaint/master' -> '/Volumes/Ryan SSD/htdocs/vns-bodypaint/.git/logs/refs/remotes/vns-bodypaint/master'
2016-08-11 15:40:12: Copy New '/Volumes/RyanWork/htdocs/vns-bodypaint/.git/objects/09/c2c2352348cc00cbe3a6dc2aed59c1bc4c6929' -> '/Volumes/Ryan SSD/htdocs/vns-bodypaint/.git/objects/09/c2c2352348cc00cbe3a6dc2aed59c1bc4c6929'
2016-08-11 15:40:12: Copy New '/Volumes/RyanWork/htdocs/vns-bodypaint/.git/objects/1e/36c613d2f7d8927c612798fe7e7d9f861e8391' -> '/Volumes/Ryan SSD/htdocs/vns-bodypaint/.git/objects/1e/36c613d2f7d8927c612798fe7e7d9f861e8391'
2016-08-11 15:40:13: Copy New '/Volumes/RyanWork/htdocs/vns-bodypaint/.git/objects/1e/557022336c959a25446a0f4944313affb467e7' -> '/Volumes/Ryan SSD/htdocs/vns-bodypaint/.git/objects/1e/557022336c959a25446a0f4944313affb467e7'
2016-08-11 15:40:13: Copy New '/Volumes/RyanWork/htdocs/vns-bodypaint/.git/objects/1f/82cfdd69f5e7ce748dd35dc86bcd11f8ca0ff9' -> '/Volumes/Ryan SSD/htdocs/vns-bodypaint/.git/objects/1f/82cfdd69f5e7ce748dd35dc86bcd11f8ca0ff9'
2016-08-11 15:40:13: Copy New '/Volumes/RyanWork/htdocs/vns-bodypaint/.git/objects/20/ad851d1df2b5b41bd3ec8eef725fb338d6ed5e' -> '/Volumes/Ryan SSD/htdocs/vns-bodypaint/.git/objects/20/ad851d1df2b5b41bd3ec8eef725fb338d6ed5e'
2016-08-11 15:40:13: Copy New '/Volumes/RyanWork/htdocs/vns-bodypaint/.git/objects/24/4b5f5330c97f567b5986e733b53503b2ab9eb5' -> '/Volumes/Ryan SSD/htdocs/vns-bodypaint/.git/objects/24/4b5f5330c97f567b5986e733b53503b2ab9eb5'
2016-08-11 15:40:13: Copy New '/Volumes/RyanWork/htdocs/vns-bodypaint/.git/objects/28/1abb1b0c2f24bba755f2fc6a83a867af70724a' -> '/Volumes/Ryan SSD/htdocs/vns-bodypaint/.git/objects/28/1abb1b0c2f24bba755f2fc6a83a867af70724a'
2016-08-11 15:40:13: Copy New '/Volumes/RyanWork/htdocs/vns-bodypaint/.git/objects/2b/997b7fd4473d619b0fcdedc5cc13cbc8aac645' -> '/Volumes/Ryan SSD/htdocs/vns-bodypaint/.git/objects/2b/997b7fd4473d619b0fcdedc5cc13cbc8aac645'
2016-08-11 15:40:13: Copy New '/Volumes/RyanWork/htdocs/vns-bodypaint/.git/objects/2e/baba8892606b2773f3bc0703c9261aef5deec1' -> '/Volumes/Ryan SSD/htdocs/vns-bodypaint/.git/objects/2e/baba8892606b2773f3bc0703c9261aef5deec1'
2016-08-11 15:40:13: Copy New '/Volumes/RyanWork/htdocs/vns-bodypaint/.git/objects/34/ccac82a6453434c12c8bef6c92529b28d83a5e' -> '/Volumes/Ryan SSD/htdocs/vns-bodypaint/.git/objects/34/ccac82a6453434c12c8bef6c92529b28d83a5e'
2016-08-11 15:40:13: Copy New '/Volumes/RyanWork/htdocs/vns-bodypaint/.git/objects/3d/d0c67fba62681489b07fd42fea27869568e9a7' -> '/Volumes/Ryan SSD/htdocs/vns-bodypaint/.git/objects/3d/d0c67fba62681489b07fd42fea27869568e9a7'
2016-08-11 15:40:13: Copy New '/Volumes/RyanWork/htdocs/vns-bodypaint/.git/objects/44/7c623d5fd7dc2294168f3eee7b9452a6b98439' -> '/Volumes/Ryan SSD/htdocs/vns-bodypaint/.git/objects/44/7c623d5fd7dc2294168f3eee7b9452a6b98439'
2016-08-11 15:40:13: Copy New '/Volumes/RyanWork/htdocs/vns-bodypaint/.git/objects/44/bc93325a696f647de3c3c46b2d4de0afc347c1' -> '/Volumes/Ryan SSD/htdocs/vns-bodypaint/.git/objects/44/bc93325a696f647de3c3c46b2d4de0afc347c1'
2016-08-11 15:40:13: Copy New '/Volumes/RyanWork/htdocs/vns-bodypaint/.git/objects/4e/830ad51621839bc81455476443d510386ad71d' -> '/Volumes/Ryan SSD/htdocs/vns-bodypaint/.git/objects/4e/830ad51621839bc81455476443d510386ad71d'
2016-08-11 15:40:13: Copy New '/Volumes/RyanWork/htdocs/vns-bodypaint/.git/objects/5d/314bd4be5c11a925dce0de8f7de367567c0bf5' -> '/Volumes/Ryan SSD/htdocs/vns-bodypaint/.git/objects/5d/314bd4be5c11a925dce0de8f7de367567c0bf5'
2016-08-11 15:40:13: Copy New '/Volumes/RyanWork/htdocs/vns-bodypaint/.git/objects/60/e2656bac54b9b988fe45bf02028443ca3ab57c' -> '/Volumes/Ryan SSD/htdocs/vns-bodypaint/.git/objects/60/e2656bac54b9b988fe45bf02028443ca3ab57c'
2016-08-11 15:40:13: Copy New '/Volumes/RyanWork/htdocs/vns-bodypaint/.git/objects/62/2c4592bbbfce684e8ab5f72605d42524371134' -> '/Volumes/Ryan SSD/htdocs/vns-bodypaint/.git/objects/62/2c4592bbbfce684e8ab5f72605d42524371134'
2016-08-11 15:40:13: Copy New '/Volumes/RyanWork/htdocs/vns-bodypaint/.git/objects/62/d9115ab0f93afe9d565b23fba13866d49d907e' -> '/Volumes/Ryan SSD/htdocs/vns-bodypaint/.git/objects/62/d9115ab0f93afe9d565b23fba13866d49d907e'
2016-08-11 15:40:13: Copy Over '/Volumes/RyanWork/htdocs/vns-bodypaint/.git/objects/63/da08fc60702dbf23a09e8e17d434496256a9cd' -> '/Volumes/Ryan SSD/htdocs/vns-bodypaint/.git/objects/63/da08fc60702dbf23a09e8e17d434496256a9cd'
2016-08-11 15:40:13: Copy New '/Volumes/RyanWork/htdocs/vns-bodypaint/.git/objects/6b/0700ded4b35e8c07e3a6e54e052e7ab0b9f552' -> '/Volumes/Ryan SSD/htdocs/vns-bodypaint/.git/objects/6b/0700ded4b35e8c07e3a6e54e052e7ab0b9f552'
2016-08-11 15:40:13: Copy New '/Volumes/RyanWork/htdocs/vns-bodypaint/.git/objects/6e/802fab6a92d5b0bdef58be6df55b35d4876897' -> '/Volumes/Ryan SSD/htdocs/vns-bodypaint/.git/objects/6e/802fab6a92d5b0bdef58be6df55b35d4876897'
2016-08-11 15:40:13: Copy New '/Volumes/RyanWork/htdocs/vns-bodypaint/.git/objects/71/69f91ba3e0deffe6edd2108ee1df7be708be57' -> '/Volumes/Ryan SSD/htdocs/vns-bodypaint/.git/objects/71/69f91ba3e0deffe6edd2108ee1df7be708be57'
2016-08-11 15:40:13: Copy New '/Volumes/RyanWork/htdocs/vns-bodypaint/.git/objects/72/7db30b71a360e7e6ae3b5e8de7dd1749f375d3' -> '/Volumes/Ryan SSD/htdocs/vns-bodypaint/.git/objects/72/7db30b71a360e7e6ae3b5e8de7dd1749f375d3'
2016-08-11 15:40:13: Copy New '/Volumes/RyanWork/htdocs/vns-bodypaint/.git/objects/77/0e4844e48437b23f14769973b3755a0ae5a4a9' -> '/Volumes/Ryan SSD/htdocs/vns-bodypaint/.git/objects/77/0e4844e48437b23f14769973b3755a0ae5a4a9'
2016-08-11 15:40:13: Copy New '/Volumes/RyanWork/htdocs/vns-bodypaint/.git/objects/7b/29612a1709de34f0a0bd137e7d9dfd97df0649' -> '/Volumes/Ryan SSD/htdocs/vns-bodypaint/.git/objects/7b/29612a1709de34f0a0bd137e7d9dfd97df0649'
2016-08-11 15:40:13: Copy New '/Volumes/RyanWork/htdocs/vns-bodypaint/.git/objects/7b/33f271e2c15bfec8dc09b6ec7f060e6861ec7d' -> '/Volumes/Ryan SSD/htdocs/vns-bodypaint/.git/objects/7b/33f271e2c15bfec8dc09b6ec7f060e6861ec7d'
2016-08-11 15:40:13: Copy New '/Volumes/RyanWork/htdocs/vns-bodypaint/.git/objects/7d/938a951c5311d0a60488b8559480a754d88693' -> '/Volumes/Ryan SSD/htdocs/vns-bodypaint/.git/objects/7d/938a951c5311d0a60488b8559480a754d88693'
2016-08-11 15:40:13: Copy New '/Volumes/RyanWork/htdocs/vns-bodypaint/.git/objects/84/581609e927b9ab04d58ba3a75816f4d8ed4ad8' -> '/Volumes/Ryan SSD/htdocs/vns-bodypaint/.git/objects/84/581609e927b9ab04d58ba3a75816f4d8ed4ad8'
2016-08-11 15:40:13: Copy New '/Volumes/RyanWork/htdocs/vns-bodypaint/.git/objects/84/990f703ed63968af91cf9f1631ce868d069674' -> '/Volumes/Ryan SSD/htdocs/vns-bodypaint/.git/objects/84/990f703ed63968af91cf9f1631ce868d069674'
2016-08-11 15:40:13: Copy Over '/Volumes/RyanWork/htdocs/vns-bodypaint/.git/objects/85/57af5282c66c2835e3d6fc750cbb7ed18734e6' -> '/Volumes/Ryan SSD/htdocs/vns-bodypaint/.git/objects/85/57af5282c66c2835e3d6fc750cbb7ed18734e6'
2016-08-11 15:40:13: Copy New '/Volumes/RyanWork/htdocs/vns-bodypaint/.git/objects/88/63abda17de945a4ad1636b34ef65dcaf9510c6' -> '/Volumes/Ryan SSD/htdocs/vns-bodypaint/.git/objects/88/63abda17de945a4ad1636b34ef65dcaf9510c6'
2016-08-11 15:40:13: Copy New '/Volumes/RyanWork/htdocs/vns-bodypaint/.git/objects/88/d18ec8bb5579294cd1b8fccb7abc062b97cf35' -> '/Volumes/Ryan SSD/htdocs/vns-bodypaint/.git/objects/88/d18ec8bb5579294cd1b8fccb7abc062b97cf35'
2016-08-11 15:40:13: Copy New '/Volumes/RyanWork/htdocs/vns-bodypaint/.git/objects/8d/b400a637ee6e56461b631cdf7831c72a4cc913' -> '/Volumes/Ryan SSD/htdocs/vns-bodypaint/.git/objects/8d/b400a637ee6e56461b631cdf7831c72a4cc913'
2016-08-11 15:40:13: Copy New '/Volumes/RyanWork/htdocs/vns-bodypaint/.git/objects/93/4139ad63538986133589ce801a3c3e79f39664' -> '/Volumes/Ryan SSD/htdocs/vns-bodypaint/.git/objects/93/4139ad63538986133589ce801a3c3e79f39664'
2016-08-11 15:40:13: Copy New '/Volumes/RyanWork/htdocs/vns-bodypaint/.git/objects/9a/69e48b6fba828504490b92a5182869543c42fe' -> '/Volumes/Ryan SSD/htdocs/vns-bodypaint/.git/objects/9a/69e48b6fba828504490b92a5182869543c42fe'
2016-08-11 15:40:13: Copy New '/Volumes/RyanWork/htdocs/vns-bodypaint/.git/objects/9a/a9194f91857f280aaf99fe945c38e5c915a164' -> '/Volumes/Ryan SSD/htdocs/vns-bodypaint/.git/objects/9a/a9194f91857f280aaf99fe945c38e5c915a164'
2016-08-11 15:40:13: Copy New '/Volumes/RyanWork/htdocs/vns-bodypaint/.git/objects/9b/a0c7eab237f6a481891496289031875e6c1f3b' -> '/Volumes/Ryan SSD/htdocs/vns-bodypaint/.git/objects/9b/a0c7eab237f6a481891496289031875e6c1f3b'
2016-08-11 15:40:13: Copy New '/Volumes/RyanWork/htdocs/vns-bodypaint/.git/objects/a8/620d5edab856a5ef3f850d6c480e85bf884515' -> '/Volumes/Ryan SSD/htdocs/vns-bodypaint/.git/objects/a8/620d5edab856a5ef3f850d6c480e85bf884515'
2016-08-11 15:40:13: Copy New '/Volumes/RyanWork/htdocs/vns-bodypaint/.git/objects/ae/411b04644e178e0b568141ae35199034d24da7' -> '/Volumes/Ryan SSD/htdocs/vns-bodypaint/.git/objects/ae/411b04644e178e0b568141ae35199034d24da7'
2016-08-11 15:40:13: Copy New '/Volumes/RyanWork/htdocs/vns-bodypaint/.git/objects/af/a4565acf69385f4021bb05f9dd4baa5a40257e' -> '/Volumes/Ryan SSD/htdocs/vns-bodypaint/.git/objects/af/a4565acf69385f4021bb05f9dd4baa5a40257e'
2016-08-11 15:40:13: Copy New '/Volumes/RyanWork/htdocs/vns-bodypaint/.git/objects/b2/dcd1c6f4b222622b7d6d6cb2daeb035461a867' -> '/Volumes/Ryan SSD/htdocs/vns-bodypaint/.git/objects/b2/dcd1c6f4b222622b7d6d6cb2daeb035461a867'
2016-08-11 15:40:13: Copy New '/Volumes/RyanWork/htdocs/vns-bodypaint/.git/objects/b3/9e023ed24fafc8b15323a10f03340984ed895f' -> '/Volumes/Ryan SSD/htdocs/vns-bodypaint/.git/objects/b3/9e023ed24fafc8b15323a10f03340984ed895f'
2016-08-11 15:40:13: Copy New '/Volumes/RyanWork/htdocs/vns-bodypaint/.git/objects/b7/7f504f34c503da3c900549dfc782194f2a57ba' -> '/Volumes/Ryan SSD/htdocs/vns-bodypaint/.git/objects/b7/7f504f34c503da3c900549dfc782194f2a57ba'
2016-08-11 15:40:13: Copy New '/Volumes/RyanWork/htdocs/vns-bodypaint/.git/objects/bc/c9420aef0cebd472dc3c59717262ce80092ac1' -> '/Volumes/Ryan SSD/htdocs/vns-bodypaint/.git/objects/bc/c9420aef0cebd472dc3c59717262ce80092ac1'
2016-08-11 15:40:13: Copy New '/Volumes/RyanWork/htdocs/vns-bodypaint/.git/objects/be/c18ab7c3b12f6ee3a73b9e0e6dc1adec07a5cd' -> '/Volumes/Ryan SSD/htdocs/vns-bodypaint/.git/objects/be/c18ab7c3b12f6ee3a73b9e0e6dc1adec07a5cd'
2016-08-11 15:40:13: Copy New '/Volumes/RyanWork/htdocs/vns-bodypaint/.git/objects/c8/70f121170f8cf6ab87ad87da61022625f1cc46' -> '/Volumes/Ryan SSD/htdocs/vns-bodypaint/.git/objects/c8/70f121170f8cf6ab87ad87da61022625f1cc46'
2016-08-11 15:40:13: Copy New '/Volumes/RyanWork/htdocs/vns-bodypaint/.git/objects/ca/0aeb8c5773cc188829adace3a98045ebaa548e' -> '/Volumes/Ryan SSD/htdocs/vns-bodypaint/.git/objects/ca/0aeb8c5773cc188829adace3a98045ebaa548e'
2016-08-11 15:40:13: Copy New '/Volumes/RyanWork/htdocs/vns-bodypaint/.git/objects/ce/9c61304493205a99675f5450546be49a106e5e' -> '/Volumes/Ryan SSD/htdocs/vns-bodypaint/.git/objects/ce/9c61304493205a99675f5450546be49a106e5e'
2016-08-11 15:40:13: Copy New '/Volumes/RyanWork/htdocs/vns-bodypaint/.git/objects/d0/db1e5f6d3bfaad227ab37957ae77f05d71ac4d' -> '/Volumes/Ryan SSD/htdocs/vns-bodypaint/.git/objects/d0/db1e5f6d3bfaad227ab37957ae77f05d71ac4d'
2016-08-11 15:40:13: Copy New '/Volumes/RyanWork/htdocs/vns-bodypaint/.git/objects/d5/40e3a7fa269a7ed479168af34e0f8a57c792df' -> '/Volumes/Ryan SSD/htdocs/vns-bodypaint/.git/objects/d5/40e3a7fa269a7ed479168af34e0f8a57c792df'
2016-08-11 15:40:13: Copy New '/Volumes/RyanWork/htdocs/vns-bodypaint/.git/objects/d8/e0d26bd64c974d56b4aff67a08bfe91649f4d6' -> '/Volumes/Ryan SSD/htdocs/vns-bodypaint/.git/objects/d8/e0d26bd64c974d56b4aff67a08bfe91649f4d6'
2016-08-11 15:40:13: Copy New '/Volumes/RyanWork/htdocs/vns-bodypaint/.git/objects/d9/25f2fb9c312f07ab16d247e56e317ef5a44f22' -> '/Volumes/Ryan SSD/htdocs/vns-bodypaint/.git/objects/d9/25f2fb9c312f07ab16d247e56e317ef5a44f22'
2016-08-11 15:40:13: Copy New '/Volumes/RyanWork/htdocs/vns-bodypaint/.git/objects/da/a7a5ebb6a6187cc027e0d2f5ce27ea447d4bc0' -> '/Volumes/Ryan SSD/htdocs/vns-bodypaint/.git/objects/da/a7a5ebb6a6187cc027e0d2f5ce27ea447d4bc0'
2016-08-11 15:40:13: Copy New '/Volumes/RyanWork/htdocs/vns-bodypaint/.git/objects/e4/e183691db54d0e373a9322d19ec8516b5ce2b5' -> '/Volumes/Ryan SSD/htdocs/vns-bodypaint/.git/objects/e4/e183691db54d0e373a9322d19ec8516b5ce2b5'
2016-08-11 15:40:13: Copy New '/Volumes/RyanWork/htdocs/vns-bodypaint/.git/objects/f1/13b0a115b5b784775dfbac6a25f3e12dbe941f' -> '/Volumes/Ryan SSD/htdocs/vns-bodypaint/.git/objects/f1/13b0a115b5b784775dfbac6a25f3e12dbe941f'
2016-08-11 15:40:13: Copy New '/Volumes/RyanWork/htdocs/vns-bodypaint/.git/objects/f4/cf544af8f7f5591f4b472a9504f73f51fb13cb' -> '/Volumes/Ryan SSD/htdocs/vns-bodypaint/.git/objects/f4/cf544af8f7f5591f4b472a9504f73f51fb13cb'
2016-08-11 15:40:13: Copy New '/Volumes/RyanWork/htdocs/vns-bodypaint/.git/objects/f6/38f9b05c2317fbfcd2863d4bbc6b56b2933cdb' -> '/Volumes/Ryan SSD/htdocs/vns-bodypaint/.git/objects/f6/38f9b05c2317fbfcd2863d4bbc6b56b2933cdb'
2016-08-11 15:40:13: Copy Over '/Volumes/RyanWork/htdocs/vns-bodypaint/.git/refs/heads/master' -> '/Volumes/Ryan SSD/htdocs/vns-bodypaint/.git/refs/heads/master'
2016-08-11 15:40:13: Copy Over '/Volumes/RyanWork/htdocs/vns-bodypaint/.git/refs/remotes/vns-bodypaint/master' -> '/Volumes/Ryan SSD/htdocs/vns-bodypaint/.git/refs/remotes/vns-bodypaint/master'
2016-08-11 15:40:13: Copy Over '/Volumes/RyanWork/htdocs/vns-bodypaint/.git/sourcetreeconfig' -> '/Volumes/Ryan SSD/htdocs/vns-bodypaint/.git/sourcetreeconfig'
2016-08-11 15:40:13: Copy Over '/Volumes/RyanWork/htdocs/vns-bodypaint/.htaccess' -> '/Volumes/Ryan SSD/htdocs/vns-bodypaint/.htaccess'
2016-08-11 15:40:13: Copy Over '/Volumes/RyanWork/htdocs/vns-bodypaint/application/config/routes.php' -> '/Volumes/Ryan SSD/htdocs/vns-bodypaint/application/config/routes.php'
2016-08-11 15:40:13: Copy New '/Volumes/RyanWork/htdocs/vns-bodypaint/application/controllers/backend/Banner.php' -> '/Volumes/Ryan SSD/htdocs/vns-bodypaint/application/controllers/backend/Banner.php'
2016-08-11 15:40:13: Copy Over '/Volumes/RyanWork/htdocs/vns-bodypaint/application/controllers/backend/Category.php' -> '/Volumes/Ryan SSD/htdocs/vns-bodypaint/application/controllers/backend/Category.php'
2016-08-11 15:40:13: Copy New '/Volumes/RyanWork/htdocs/vns-bodypaint/application/controllers/backend/Gallery.php' -> '/Volumes/Ryan SSD/htdocs/vns-bodypaint/application/controllers/backend/Gallery.php'
2016-08-11 15:40:13: Copy New '/Volumes/RyanWork/htdocs/vns-bodypaint/application/controllers/backend/News.php' -> '/Volumes/Ryan SSD/htdocs/vns-bodypaint/application/controllers/backend/News.php'
2016-08-11 15:40:13: Copy Over '/Volumes/RyanWork/htdocs/vns-bodypaint/application/controllers/backend/Service.php' -> '/Volumes/Ryan SSD/htdocs/vns-bodypaint/application/controllers/backend/Service.php'
2016-08-11 15:40:13: Copy Over '/Volumes/RyanWork/htdocs/vns-bodypaint/application/controllers/frontend/Booking.php' -> '/Volumes/Ryan SSD/htdocs/vns-bodypaint/application/controllers/frontend/Booking.php'
2016-08-11 15:40:13: Copy Over '/Volumes/RyanWork/htdocs/vns-bodypaint/application/controllers/frontend/Contact.php' -> '/Volumes/Ryan SSD/htdocs/vns-bodypaint/application/controllers/frontend/Contact.php'
2016-08-11 15:40:13: Copy New '/Volumes/RyanWork/htdocs/vns-bodypaint/application/controllers/frontend/Gallery.php' -> '/Volumes/Ryan SSD/htdocs/vns-bodypaint/application/controllers/frontend/Gallery.php'
2016-08-11 15:40:13: Copy Over '/Volumes/RyanWork/htdocs/vns-bodypaint/application/controllers/frontend/Home.php' -> '/Volumes/Ryan SSD/htdocs/vns-bodypaint/application/controllers/frontend/Home.php'
2016-08-11 15:40:13: Copy New '/Volumes/RyanWork/htdocs/vns-bodypaint/application/controllers/frontend/News.php' -> '/Volumes/Ryan SSD/htdocs/vns-bodypaint/application/controllers/frontend/News.php'
2016-08-11 15:40:13: Copy Over '/Volumes/RyanWork/htdocs/vns-bodypaint/application/controllers/frontend/Root.php' -> '/Volumes/Ryan SSD/htdocs/vns-bodypaint/application/controllers/frontend/Root.php'
2016-08-11 15:40:13: Copy Over '/Volumes/RyanWork/htdocs/vns-bodypaint/application/controllers/frontend/Service.php' -> '/Volumes/Ryan SSD/htdocs/vns-bodypaint/application/controllers/frontend/Service.php'
2016-08-11 15:40:13: Copy Over '/Volumes/RyanWork/htdocs/vns-bodypaint/application/controllers/LanguageSwitcher.php' -> '/Volumes/Ryan SSD/htdocs/vns-bodypaint/application/controllers/LanguageSwitcher.php'
2016-08-11 15:40:13: Copy New '/Volumes/RyanWork/htdocs/vns-bodypaint/application/controllers/nanoGallery/nanoPhotosProvider.cfg' -> '/Volumes/Ryan SSD/htdocs/vns-bodypaint/application/controllers/nanoGallery/nanoPhotosProvider.cfg'
2016-08-11 15:40:13: Copy New '/Volumes/RyanWork/htdocs/vns-bodypaint/application/controllers/nanoGallery/nanoPhotosProvider.Encoding.php' -> '/Volumes/Ryan SSD/htdocs/vns-bodypaint/application/controllers/nanoGallery/nanoPhotosProvider.Encoding.php'
2016-08-11 15:40:13: Copy New '/Volumes/RyanWork/htdocs/vns-bodypaint/application/controllers/nanoGallery/nanoPhotosProvider.JSON.class.php' -> '/Volumes/Ryan SSD/htdocs/vns-bodypaint/application/controllers/nanoGallery/nanoPhotosProvider.JSON.class.php'
2016-08-11 15:40:13: Copy New '/Volumes/RyanWork/htdocs/vns-bodypaint/application/controllers/nanoGallery/nanoPhotosProvider.php' -> '/Volumes/Ryan SSD/htdocs/vns-bodypaint/application/controllers/nanoGallery/nanoPhotosProvider.php'
2016-08-11 15:40:13: Copy Over '/Volumes/RyanWork/htdocs/vns-bodypaint/application/language/en/root_lang.php' -> '/Volumes/Ryan SSD/htdocs/vns-bodypaint/application/language/en/root_lang.php'
2016-08-11 15:40:13: Copy Over '/Volumes/RyanWork/htdocs/vns-bodypaint/application/language/vn/root_lang.php' -> '/Volumes/Ryan SSD/htdocs/vns-bodypaint/application/language/vn/root_lang.php'
2016-08-11 15:40:13: Copy New '/Volumes/RyanWork/htdocs/vns-bodypaint/application/models/Banner_model.php' -> '/Volumes/Ryan SSD/htdocs/vns-bodypaint/application/models/Banner_model.php'
2016-08-11 15:40:13: Copy New '/Volumes/RyanWork/htdocs/vns-bodypaint/application/models/Gallery_model.php' -> '/Volumes/Ryan SSD/htdocs/vns-bodypaint/application/models/Gallery_model.php'
2016-08-11 15:40:13: Copy New '/Volumes/RyanWork/htdocs/vns-bodypaint/application/models/News_model.php' -> '/Volumes/Ryan SSD/htdocs/vns-bodypaint/application/models/News_model.php'
2016-08-11 15:40:13: Copy Over '/Volumes/RyanWork/htdocs/vns-bodypaint/application/models/Service_model.php' -> '/Volumes/Ryan SSD/htdocs/vns-bodypaint/application/models/Service_model.php'
2016-08-11 15:40:13: Copy New '/Volumes/RyanWork/htdocs/vns-bodypaint/application/views/backend/banner/add.php' -> '/Volumes/Ryan SSD/htdocs/vns-bodypaint/application/views/backend/banner/add.php'
2016-08-11 15:40:13: Copy New '/Volumes/RyanWork/htdocs/vns-bodypaint/application/views/backend/banner/banner.php' -> '/Volumes/Ryan SSD/htdocs/vns-bodypaint/application/views/backend/banner/banner.php'
2016-08-11 15:40:13: Copy New '/Volumes/RyanWork/htdocs/vns-bodypaint/application/views/backend/banner/list.php' -> '/Volumes/Ryan SSD/htdocs/vns-bodypaint/application/views/backend/banner/list.php'
2016-08-11 15:40:14: Copy New '/Volumes/RyanWork/htdocs/vns-bodypaint/application/views/backend/gallery/add.php' -> '/Volumes/Ryan SSD/htdocs/vns-bodypaint/application/views/backend/gallery/add.php'
2016-08-11 15:40:14: Copy New '/Volumes/RyanWork/htdocs/vns-bodypaint/application/views/backend/gallery/list.php' -> '/Volumes/Ryan SSD/htdocs/vns-bodypaint/application/views/backend/gallery/list.php'
2016-08-11 15:40:14: Copy New '/Volumes/RyanWork/htdocs/vns-bodypaint/application/views/backend/news/add.php' -> '/Volumes/Ryan SSD/htdocs/vns-bodypaint/application/views/backend/news/add.php'
2016-08-11 15:40:14: Copy New '/Volumes/RyanWork/htdocs/vns-bodypaint/application/views/backend/news/edit.php' -> '/Volumes/Ryan SSD/htdocs/vns-bodypaint/application/views/backend/news/edit.php'
2016-08-11 15:40:14: Copy New '/Volumes/RyanWork/htdocs/vns-bodypaint/application/views/backend/news/list.php' -> '/Volumes/Ryan SSD/htdocs/vns-bodypaint/application/views/backend/news/list.php'
2016-08-11 15:40:14: Copy Over '/Volumes/RyanWork/htdocs/vns-bodypaint/application/views/backend/service/edit.php' -> '/Volumes/Ryan SSD/htdocs/vns-bodypaint/application/views/backend/service/edit.php'
2016-08-11 15:40:14: Copy Over '/Volumes/RyanWork/htdocs/vns-bodypaint/application/views/frontend/contact.php' -> '/Volumes/Ryan SSD/htdocs/vns-bodypaint/application/views/frontend/contact.php'
2016-08-11 15:40:14: Copy New '/Volumes/RyanWork/htdocs/vns-bodypaint/application/views/frontend/gallery.php' -> '/Volumes/Ryan SSD/htdocs/vns-bodypaint/application/views/frontend/gallery.php'
2016-08-11 15:40:14: Copy Over '/Volumes/RyanWork/htdocs/vns-bodypaint/application/views/frontend/home.php' -> '/Volumes/Ryan SSD/htdocs/vns-bodypaint/application/views/frontend/home.php'
2016-08-11 15:40:14: Copy Over '/Volumes/RyanWork/htdocs/vns-bodypaint/application/views/frontend/includes/navigation.php' -> '/Volumes/Ryan SSD/htdocs/vns-bodypaint/application/views/frontend/includes/navigation.php'
2016-08-11 15:40:14: Copy New '/Volumes/RyanWork/htdocs/vns-bodypaint/application/views/frontend/news.php' -> '/Volumes/Ryan SSD/htdocs/vns-bodypaint/application/views/frontend/news.php'
2016-08-11 15:40:14: Copy New '/Volumes/RyanWork/htdocs/vns-bodypaint/application/views/frontend/news_detail.php' -> '/Volumes/Ryan SSD/htdocs/vns-bodypaint/application/views/frontend/news_detail.php'
2016-08-11 15:40:14: Copy Over '/Volumes/RyanWork/htdocs/vns-bodypaint/application/views/frontend/service.php' -> '/Volumes/Ryan SSD/htdocs/vns-bodypaint/application/views/frontend/service.php'
2016-08-11 15:40:14: Copy Over '/Volumes/RyanWork/htdocs/vns-bodypaint/application/views/frontend/template.php' -> '/Volumes/Ryan SSD/htdocs/vns-bodypaint/application/views/frontend/template.php'
2016-08-11 15:40:14: Copy Over '/Volumes/RyanWork/htdocs/vns-bodypaint/assets/backend/css/.sass-cache/fe15532edf4bc1801d7854717498957e12f2da11/style.scssc' -> '/Volumes/Ryan SSD/htdocs/vns-bodypaint/assets/backend/css/.sass-cache/fe15532edf4bc1801d7854717498957e12f2da11/style.scssc'
2016-08-11 15:40:14: Copy Over '/Volumes/RyanWork/htdocs/vns-bodypaint/assets/backend/css/style-min.css' -> '/Volumes/Ryan SSD/htdocs/vns-bodypaint/assets/backend/css/style-min.css'
2016-08-11 15:40:14: Copy Over '/Volumes/RyanWork/htdocs/vns-bodypaint/assets/backend/css/style.scss' -> '/Volumes/Ryan SSD/htdocs/vns-bodypaint/assets/backend/css/style.scss'
2016-08-11 15:40:14: Copy Over '/Volumes/RyanWork/htdocs/vns-bodypaint/assets/backend/js/script-min.js' -> '/Volumes/Ryan SSD/htdocs/vns-bodypaint/assets/backend/js/script-min.js'
2016-08-11 15:40:14: Copy Over '/Volumes/RyanWork/htdocs/vns-bodypaint/assets/backend/js/script.js' -> '/Volumes/Ryan SSD/htdocs/vns-bodypaint/assets/backend/js/script.js'
2016-08-11 15:40:14: Copy Over '/Volumes/RyanWork/htdocs/vns-bodypaint/assets/common/js/script-min.js' -> '/Volumes/Ryan SSD/htdocs/vns-bodypaint/assets/common/js/script-min.js'
2016-08-11 15:40:14: Copy Over '/Volumes/RyanWork/htdocs/vns-bodypaint/assets/common/js/script.js' -> '/Volumes/Ryan SSD/htdocs/vns-bodypaint/assets/common/js/script.js'
2016-08-11 15:40:14: Copy Over '/Volumes/RyanWork/htdocs/vns-bodypaint/assets/config.codekit' -> '/Volumes/Ryan SSD/htdocs/vns-bodypaint/assets/config.codekit'
2016-08-11 15:40:14: Copy Over '/Volumes/RyanWork/htdocs/vns-bodypaint/assets/frontend/css/.sass-cache/b5b34955c50fa58f22076aadfa317619607136b2/style.scssc' -> '/Volumes/Ryan SSD/htdocs/vns-bodypaint/assets/frontend/css/.sass-cache/b5b34955c50fa58f22076aadfa317619607136b2/style.scssc'
2016-08-11 15:40:14: Copy New '/Volumes/RyanWork/htdocs/vns-bodypaint/assets/frontend/css/lightbox.css' -> '/Volumes/Ryan SSD/htdocs/vns-bodypaint/assets/frontend/css/lightbox.css'
2016-08-11 15:40:14: Copy Over '/Volumes/RyanWork/htdocs/vns-bodypaint/assets/frontend/css/style-min.css' -> '/Volumes/Ryan SSD/htdocs/vns-bodypaint/assets/frontend/css/style-min.css'
2016-08-11 15:40:14: Copy Over '/Volumes/RyanWork/htdocs/vns-bodypaint/assets/frontend/css/style.scss' -> '/Volumes/Ryan SSD/htdocs/vns-bodypaint/assets/frontend/css/style.scss'
2016-08-11 15:40:14: Copy Over '/Volumes/RyanWork/htdocs/vns-bodypaint/assets/frontend/js/script-min.js' -> '/Volumes/Ryan SSD/htdocs/vns-bodypaint/assets/frontend/js/script-min.js'
2016-08-11 15:40:14: Copy Over '/Volumes/RyanWork/htdocs/vns-bodypaint/assets/frontend/js/script.js' -> '/Volumes/Ryan SSD/htdocs/vns-bodypaint/assets/frontend/js/script.js'
2016-08-11 15:40:14: Copy Over '/Volumes/RyanWork/htdocs/vns-bodypaint/library/kcfinder/cache/base.css' -> '/Volumes/Ryan SSD/htdocs/vns-bodypaint/library/kcfinder/cache/base.css'
2016-08-11 15:40:14: Copy Over '/Volumes/RyanWork/htdocs/vns-bodypaint/library/kcfinder/cache/base.js' -> '/Volumes/Ryan SSD/htdocs/vns-bodypaint/library/kcfinder/cache/base.js'
2016-08-11 15:40:14: Copy Over '/Volumes/RyanWork/htdocs/vns-bodypaint/library/kcfinder/cache/theme_default.css' -> '/Volumes/Ryan SSD/htdocs/vns-bodypaint/library/kcfinder/cache/theme_default.css'
2016-08-11 15:40:14: Copy Over '/Volumes/RyanWork/htdocs/vns-bodypaint/library/kcfinder/cache/theme_default.js' -> '/Volumes/Ryan SSD/htdocs/vns-bodypaint/library/kcfinder/cache/theme_default.js'
2016-08-11 15:40:14: Copy Over '/Volumes/RyanWork/htdocs/vns-bodypaint/library/kcfinder/conf/config.php' -> '/Volumes/Ryan SSD/htdocs/vns-bodypaint/library/kcfinder/conf/config.php'
2016-08-11 15:40:14: Copy New '/Volumes/RyanWork/htdocs/vns-bodypaint/library/lightbox/css/lightbox.css' -> '/Volumes/Ryan SSD/htdocs/vns-bodypaint/library/lightbox/css/lightbox.css'
2016-08-11 15:40:14: Copy New '/Volumes/RyanWork/htdocs/vns-bodypaint/library/lightbox/images/close.png' -> '/Volumes/Ryan SSD/htdocs/vns-bodypaint/library/lightbox/images/close.png'
2016-08-11 15:40:14: Copy New '/Volumes/RyanWork/htdocs/vns-bodypaint/library/lightbox/images/loading.gif' -> '/Volumes/Ryan SSD/htdocs/vns-bodypaint/library/lightbox/images/loading.gif'
2016-08-11 15:40:14: Copy New '/Volumes/RyanWork/htdocs/vns-bodypaint/library/lightbox/images/next.png' -> '/Volumes/Ryan SSD/htdocs/vns-bodypaint/library/lightbox/images/next.png'
2016-08-11 15:40:14: Copy New '/Volumes/RyanWork/htdocs/vns-bodypaint/library/lightbox/images/prev.png' -> '/Volumes/Ryan SSD/htdocs/vns-bodypaint/library/lightbox/images/prev.png'
2016-08-11 15:40:14: Copy New '/Volumes/RyanWork/htdocs/vns-bodypaint/library/lightbox/js/lightbox-min.js' -> '/Volumes/Ryan SSD/htdocs/vns-bodypaint/library/lightbox/js/lightbox-min.js'
2016-08-11 15:40:14: Copy New '/Volumes/RyanWork/htdocs/vns-bodypaint/library/lightbox/js/lightbox.js' -> '/Volumes/Ryan SSD/htdocs/vns-bodypaint/library/lightbox/js/lightbox.js'
2016-08-11 15:40:14: Copy New '/Volumes/RyanWork/htdocs/vns-bodypaint/library/nanoGallery/css/font/nano_icon_font3.eot' -> '/Volumes/Ryan SSD/htdocs/vns-bodypaint/library/nanoGallery/css/font/nano_icon_font3.eot'
2016-08-11 15:40:14: Copy New '/Volumes/RyanWork/htdocs/vns-bodypaint/library/nanoGallery/css/font/nano_icon_font3.svg' -> '/Volumes/Ryan SSD/htdocs/vns-bodypaint/library/nanoGallery/css/font/nano_icon_font3.svg'
2016-08-11 15:40:14: Copy New '/Volumes/RyanWork/htdocs/vns-bodypaint/library/nanoGallery/css/font/nano_icon_font3.ttf' -> '/Volumes/Ryan SSD/htdocs/vns-bodypaint/library/nanoGallery/css/font/nano_icon_font3.ttf'
2016-08-11 15:40:14: Copy New '/Volumes/RyanWork/htdocs/vns-bodypaint/library/nanoGallery/css/font/nano_icon_font3.woff' -> '/Volumes/Ryan SSD/htdocs/vns-bodypaint/library/nanoGallery/css/font/nano_icon_font3.woff'
2016-08-11 15:40:14: Copy New '/Volumes/RyanWork/htdocs/vns-bodypaint/library/nanoGallery/css/loading.gif' -> '/Volumes/Ryan SSD/htdocs/vns-bodypaint/library/nanoGallery/css/loading.gif'
2016-08-11 15:40:14: Copy New '/Volumes/RyanWork/htdocs/vns-bodypaint/library/nanoGallery/css/nano_logo.png' -> '/Volumes/Ryan SSD/htdocs/vns-bodypaint/library/nanoGallery/css/nano_logo.png'
2016-08-11 15:40:14: Copy New '/Volumes/RyanWork/htdocs/vns-bodypaint/library/nanoGallery/css/nanogallery.min.css' -> '/Volumes/Ryan SSD/htdocs/vns-bodypaint/library/nanoGallery/css/nanogallery.min.css'
2016-08-11 15:40:14: Copy New '/Volumes/RyanWork/htdocs/vns-bodypaint/library/nanoGallery/css/nanogallery.woff.min.css' -> '/Volumes/Ryan SSD/htdocs/vns-bodypaint/library/nanoGallery/css/nanogallery.woff.min.css'
2016-08-11 15:40:14: Copy New '/Volumes/RyanWork/htdocs/vns-bodypaint/library/nanoGallery/css/themes/clean/font/nano_icon_font3.eot' -> '/Volumes/Ryan SSD/htdocs/vns-bodypaint/library/nanoGallery/css/themes/clean/font/nano_icon_font3.eot'
2016-08-11 15:40:14: Copy New '/Volumes/RyanWork/htdocs/vns-bodypaint/library/nanoGallery/css/themes/clean/font/nano_icon_font3.svg' -> '/Volumes/Ryan SSD/htdocs/vns-bodypaint/library/nanoGallery/css/themes/clean/font/nano_icon_font3.svg'
2016-08-11 15:40:14: Copy New '/Volumes/RyanWork/htdocs/vns-bodypaint/library/nanoGallery/css/themes/clean/font/nano_icon_font3.ttf' -> '/Volumes/Ryan SSD/htdocs/vns-bodypaint/library/nanoGallery/css/themes/clean/font/nano_icon_font3.ttf'
2016-08-11 15:40:14: Copy New '/Volumes/RyanWork/htdocs/vns-bodypaint/library/nanoGallery/css/themes/clean/font/nano_icon_font3.woff' -> '/Volumes/Ryan SSD/htdocs/vns-bodypaint/library/nanoGallery/css/themes/clean/font/nano_icon_font3.woff'
2016-08-11 15:40:14: Copy New '/Volumes/RyanWork/htdocs/vns-bodypaint/library/nanoGallery/css/themes/clean/loading.gif' -> '/Volumes/Ryan SSD/htdocs/vns-bodypaint/library/nanoGallery/css/themes/clean/loading.gif'
2016-08-11 15:40:14: Copy New '/Volumes/RyanWork/htdocs/vns-bodypaint/library/nanoGallery/css/themes/clean/nano_logo.png' -> '/Volumes/Ryan SSD/htdocs/vns-bodypaint/library/nanoGallery/css/themes/clean/nano_logo.png'
2016-08-11 15:40:14: Copy New '/Volumes/RyanWork/htdocs/vns-bodypaint/library/nanoGallery/css/themes/clean/nanogallery_clean.min.css' -> '/Volumes/Ryan SSD/htdocs/vns-bodypaint/library/nanoGallery/css/themes/clean/nanogallery_clean.min.css'
2016-08-11 15:40:14: Copy New '/Volumes/RyanWork/htdocs/vns-bodypaint/library/nanoGallery/css/themes/clean/nanogallery_clean.woff.min.css' -> '/Volumes/Ryan SSD/htdocs/vns-bodypaint/library/nanoGallery/css/themes/clean/nanogallery_clean.woff.min.css'
2016-08-11 15:40:14: Copy New '/Volumes/RyanWork/htdocs/vns-bodypaint/library/nanoGallery/css/themes/light/font/nano_icon_font3.eot' -> '/Volumes/Ryan SSD/htdocs/vns-bodypaint/library/nanoGallery/css/themes/light/font/nano_icon_font3.eot'
2016-08-11 15:40:14: Copy New '/Volumes/RyanWork/htdocs/vns-bodypaint/library/nanoGallery/css/themes/light/font/nano_icon_font3.svg' -> '/Volumes/Ryan SSD/htdocs/vns-bodypaint/library/nanoGallery/css/themes/light/font/nano_icon_font3.svg'
2016-08-11 15:40:14: Copy New '/Volumes/RyanWork/htdocs/vns-bodypaint/library/nanoGallery/css/themes/light/font/nano_icon_font3.ttf' -> '/Volumes/Ryan SSD/htdocs/vns-bodypaint/library/nanoGallery/css/themes/light/font/nano_icon_font3.ttf'
2016-08-11 15:40:14: Copy New '/Volumes/RyanWork/htdocs/vns-bodypaint/library/nanoGallery/css/themes/light/font/nano_icon_font3.woff' -> '/Volumes/Ryan SSD/htdocs/vns-bodypaint/library/nanoGallery/css/themes/light/font/nano_icon_font3.woff'
2016-08-11 15:40:14: Copy New '/Volumes/RyanWork/htdocs/vns-bodypaint/library/nanoGallery/css/themes/light/loading.gif' -> '/Volumes/Ryan SSD/htdocs/vns-bodypaint/library/nanoGallery/css/themes/light/loading.gif'
2016-08-11 15:40:14: Copy New '/Volumes/RyanWork/htdocs/vns-bodypaint/library/nanoGallery/css/themes/light/nano_logo.png' -> '/Volumes/Ryan SSD/htdocs/vns-bodypaint/library/nanoGallery/css/themes/light/nano_logo.png'
2016-08-11 15:40:14: Copy New '/Volumes/RyanWork/htdocs/vns-bodypaint/library/nanoGallery/css/themes/light/nanogallery_light.min.css' -> '/Volumes/Ryan SSD/htdocs/vns-bodypaint/library/nanoGallery/css/themes/light/nanogallery_light.min.css'
2016-08-11 15:40:14: Copy New '/Volumes/RyanWork/htdocs/vns-bodypaint/library/nanoGallery/css/themes/light/nanogallery_light.woff.min.css' -> '/Volumes/Ryan SSD/htdocs/vns-bodypaint/library/nanoGallery/css/themes/light/nanogallery_light.woff.min.css'
2016-08-11 15:40:14: Copy New '/Volumes/RyanWork/htdocs/vns-bodypaint/library/nanoGallery/js/jquery.nanogallery.min.js' -> '/Volumes/Ryan SSD/htdocs/vns-bodypaint/library/nanoGallery/js/jquery.nanogallery.min.js'
2016-08-11 15:40:14: Copy New '/Volumes/RyanWork/htdocs/vns-bodypaint/library/nanoGallery/nanoPhotosProvider.cfg' -> '/Volumes/Ryan SSD/htdocs/vns-bodypaint/library/nanoGallery/nanoPhotosProvider.cfg'
2016-08-11 15:40:14: Copy New '/Volumes/RyanWork/htdocs/vns-bodypaint/library/nanoGallery/nanoPhotosProvider.Encoding.php' -> '/Volumes/Ryan SSD/htdocs/vns-bodypaint/library/nanoGallery/nanoPhotosProvider.Encoding.php'
2016-08-11 15:40:14: Copy New '/Volumes/RyanWork/htdocs/vns-bodypaint/library/nanoGallery/nanoPhotosProvider.JSON.class.php' -> '/Volumes/Ryan SSD/htdocs/vns-bodypaint/library/nanoGallery/nanoPhotosProvider.JSON.class.php'
2016-08-11 15:40:14: Copy New '/Volumes/RyanWork/htdocs/vns-bodypaint/library/nanoGallery/nanoPhotosProvider.php' -> '/Volumes/Ryan SSD/htdocs/vns-bodypaint/library/nanoGallery/nanoPhotosProvider.php'
2016-08-11 15:40:14: Copy New '/Volumes/RyanWork/htdocs/vns-bodypaint/upload/.thumbs/images/banner/contact.jpg' -> '/Volumes/Ryan SSD/htdocs/vns-bodypaint/upload/.thumbs/images/banner/contact.jpg'
2016-08-11 15:40:14: Copy New '/Volumes/RyanWork/htdocs/vns-bodypaint/upload/.thumbs/images/banner/gallery.jpg' -> '/Volumes/Ryan SSD/htdocs/vns-bodypaint/upload/.thumbs/images/banner/gallery.jpg'
2016-08-11 15:40:14: Copy New '/Volumes/RyanWork/htdocs/vns-bodypaint/upload/.thumbs/images/banner/news.jpg' -> '/Volumes/Ryan SSD/htdocs/vns-bodypaint/upload/.thumbs/images/banner/news.jpg'
2016-08-11 15:40:14: Copy New '/Volumes/RyanWork/htdocs/vns-bodypaint/upload/.thumbs/images/banner/position-2/1.jpg' -> '/Volumes/Ryan SSD/htdocs/vns-bodypaint/upload/.thumbs/images/banner/position-2/1.jpg'
2016-08-11 15:40:14: Copy New '/Volumes/RyanWork/htdocs/vns-bodypaint/upload/.thumbs/images/banner/position-2/2.jpg' -> '/Volumes/Ryan SSD/htdocs/vns-bodypaint/upload/.thumbs/images/banner/position-2/2.jpg'
2016-08-11 15:40:14: Copy New '/Volumes/RyanWork/htdocs/vns-bodypaint/upload/.thumbs/images/banner/position-2/3.jpg' -> '/Volumes/Ryan SSD/htdocs/vns-bodypaint/upload/.thumbs/images/banner/position-2/3.jpg'
2016-08-11 15:40:14: Copy New '/Volumes/RyanWork/htdocs/vns-bodypaint/upload/.thumbs/images/banner/position-2/4.jpg' -> '/Volumes/Ryan SSD/htdocs/vns-bodypaint/upload/.thumbs/images/banner/position-2/4.jpg'
2016-08-11 15:40:14: Copy New '/Volumes/RyanWork/htdocs/vns-bodypaint/upload/.thumbs/images/banner/service.jpg' -> '/Volumes/Ryan SSD/htdocs/vns-bodypaint/upload/.thumbs/images/banner/service.jpg'
2016-08-11 15:40:14: Copy New '/Volumes/RyanWork/htdocs/vns-bodypaint/upload/.thumbs/images/gallery/event/1.jpg' -> '/Volumes/Ryan SSD/htdocs/vns-bodypaint/upload/.thumbs/images/gallery/event/1.jpg'
2016-08-11 15:40:14: Copy New '/Volumes/RyanWork/htdocs/vns-bodypaint/upload/.thumbs/images/gallery/event/2.jpg' -> '/Volumes/Ryan SSD/htdocs/vns-bodypaint/upload/.thumbs/images/gallery/event/2.jpg'
2016-08-11 15:40:14: Copy New '/Volumes/RyanWork/htdocs/vns-bodypaint/upload/.thumbs/images/gallery/event/3.jpg' -> '/Volumes/Ryan SSD/htdocs/vns-bodypaint/upload/.thumbs/images/gallery/event/3.jpg'
2016-08-11 15:40:14: Copy New '/Volumes/RyanWork/htdocs/vns-bodypaint/upload/.thumbs/images/gallery/event/4.jpg' -> '/Volumes/Ryan SSD/htdocs/vns-bodypaint/upload/.thumbs/images/gallery/event/4.jpg'
2016-08-11 15:40:14: Copy New '/Volumes/RyanWork/htdocs/vns-bodypaint/upload/.thumbs/images/gallery/event/5.jpg' -> '/Volumes/Ryan SSD/htdocs/vns-bodypaint/upload/.thumbs/images/gallery/event/5.jpg'
2016-08-11 15:40:14: Copy New '/Volumes/RyanWork/htdocs/vns-bodypaint/upload/.thumbs/images/gallery/event/6.jpg' -> '/Volumes/Ryan SSD/htdocs/vns-bodypaint/upload/.thumbs/images/gallery/event/6.jpg'
2016-08-11 15:40:14: Copy New '/Volumes/RyanWork/htdocs/vns-bodypaint/upload/.thumbs/images/gallery/event/7.jpg' -> '/Volumes/Ryan SSD/htdocs/vns-bodypaint/upload/.thumbs/images/gallery/event/7.jpg'
2016-08-11 15:40:14: Copy New '/Volumes/RyanWork/htdocs/vns-bodypaint/upload/.thumbs/images/gallery/event/8.jpg' -> '/Volumes/Ryan SSD/htdocs/vns-bodypaint/upload/.thumbs/images/gallery/event/8.jpg'
2016-08-11 15:40:14: Copy New '/Volumes/RyanWork/htdocs/vns-bodypaint/upload/.thumbs/images/gallery/event/9.jpg' -> '/Volumes/Ryan SSD/htdocs/vns-bodypaint/upload/.thumbs/images/gallery/event/9.jpg'
2016-08-11 15:40:14: Copy New '/Volumes/RyanWork/htdocs/vns-bodypaint/upload/.thumbs/images/news/news1.jpg' -> '/Volumes/Ryan SSD/htdocs/vns-bodypaint/upload/.thumbs/images/news/news1.jpg'
2016-08-11 15:40:14: Copy New '/Volumes/RyanWork/htdocs/vns-bodypaint/upload/.thumbs/images/news/news2.jpg' -> '/Volumes/Ryan SSD/htdocs/vns-bodypaint/upload/.thumbs/images/news/news2.jpg'
2016-08-11 15:40:14: Copy New '/Volumes/RyanWork/htdocs/vns-bodypaint/upload/.thumbs/images/news/news3.jpg' -> '/Volumes/Ryan SSD/htdocs/vns-bodypaint/upload/.thumbs/images/news/news3.jpg'
2016-08-11 15:40:14: Copy New '/Volumes/RyanWork/htdocs/vns-bodypaint/upload/.thumbs/images/news/news4.jpg' -> '/Volumes/Ryan SSD/htdocs/vns-bodypaint/upload/.thumbs/images/news/news4.jpg'
2016-08-11 15:40:14: Copy New '/Volumes/RyanWork/htdocs/vns-bodypaint/upload/.thumbs/images/temp/news1.jpg' -> '/Volumes/Ryan SSD/htdocs/vns-bodypaint/upload/.thumbs/images/temp/news1.jpg'
2016-08-11 15:40:14: Copy New '/Volumes/RyanWork/htdocs/vns-bodypaint/upload/.thumbs/images/temp/news2.jpg' -> '/Volumes/Ryan SSD/htdocs/vns-bodypaint/upload/.thumbs/images/temp/news2.jpg'
2016-08-11 15:40:14: Copy New '/Volumes/RyanWork/htdocs/vns-bodypaint/upload/.thumbs/images/temp/news3.jpg' -> '/Volumes/Ryan SSD/htdocs/vns-bodypaint/upload/.thumbs/images/temp/news3.jpg'
2016-08-11 15:40:14: Copy New '/Volumes/RyanWork/htdocs/vns-bodypaint/upload/.thumbs/images/temp/news4.jpg' -> '/Volumes/Ryan SSD/htdocs/vns-bodypaint/upload/.thumbs/images/temp/news4.jpg'
2016-08-11 15:40:14: Copy New '/Volumes/RyanWork/htdocs/vns-bodypaint/upload/.thumbs/images/temp/Untitled-1.jpg' -> '/Volumes/Ryan SSD/htdocs/vns-bodypaint/upload/.thumbs/images/temp/Untitled-1.jpg'
2016-08-11 15:40:14: Move File /Volumes/Ryan SSD/htdocs/vns-bodypaint/upload/images/banner/dichvu.jpg -> /Volumes/Ryan SSD/htdocs/vns-bodypaint/upload/images/banner/service.jpg
2016-08-11 15:40:14: Copy New '/Volumes/RyanWork/htdocs/vns-bodypaint/upload/images/banner/gallery.jpg' -> '/Volumes/Ryan SSD/htdocs/vns-bodypaint/upload/images/banner/gallery.jpg'
2016-08-11 15:40:14: Move File /Volumes/Ryan SSD/htdocs/vns-bodypaint/upload/images/banner/lienhe.jpg -> /Volumes/Ryan SSD/htdocs/vns-bodypaint/upload/images/banner/contact.jpg
2016-08-11 15:40:14: Copy New '/Volumes/RyanWork/htdocs/vns-bodypaint/upload/images/banner/news.jpg' -> '/Volumes/Ryan SSD/htdocs/vns-bodypaint/upload/images/banner/news.jpg'
2016-08-11 15:40:14: Copy New '/Volumes/RyanWork/htdocs/vns-bodypaint/upload/images/gallery/event/1.jpg' -> '/Volumes/Ryan SSD/htdocs/vns-bodypaint/upload/images/gallery/event/1.jpg'
2016-08-11 15:40:14: Copy New '/Volumes/RyanWork/htdocs/vns-bodypaint/upload/images/gallery/event/2.jpg' -> '/Volumes/Ryan SSD/htdocs/vns-bodypaint/upload/images/gallery/event/2.jpg'
2016-08-11 15:40:14: Copy New '/Volumes/RyanWork/htdocs/vns-bodypaint/upload/images/gallery/event/3.jpg' -> '/Volumes/Ryan SSD/htdocs/vns-bodypaint/upload/images/gallery/event/3.jpg'
2016-08-11 15:40:14: Copy New '/Volumes/RyanWork/htdocs/vns-bodypaint/upload/images/gallery/event/4.jpg' -> '/Volumes/Ryan SSD/htdocs/vns-bodypaint/upload/images/gallery/event/4.jpg'
2016-08-11 15:40:14: Copy New '/Volumes/RyanWork/htdocs/vns-bodypaint/upload/images/gallery/event/5.jpg' -> '/Volumes/Ryan SSD/htdocs/vns-bodypaint/upload/images/gallery/event/5.jpg'
2016-08-11 15:40:14: Copy New '/Volumes/RyanWork/htdocs/vns-bodypaint/upload/images/gallery/event/6.jpg' -> '/Volumes/Ryan SSD/htdocs/vns-bodypaint/upload/images/gallery/event/6.jpg'
2016-08-11 15:40:14: Copy New '/Volumes/RyanWork/htdocs/vns-bodypaint/upload/images/gallery/event/7.jpg' -> '/Volumes/Ryan SSD/htdocs/vns-bodypaint/upload/images/gallery/event/7.jpg'
2016-08-11 15:40:14: Copy New '/Volumes/RyanWork/htdocs/vns-bodypaint/upload/images/gallery/event/8.jpg' -> '/Volumes/Ryan SSD/htdocs/vns-bodypaint/upload/images/gallery/event/8.jpg'
2016-08-11 15:40:14: Copy New '/Volumes/RyanWork/htdocs/vns-bodypaint/upload/images/gallery/event/9.jpg' -> '/Volumes/Ryan SSD/htdocs/vns-bodypaint/upload/images/gallery/event/9.jpg'
2016-08-11 15:40:14: Copy New '/Volumes/RyanWork/htdocs/vns-bodypaint/upload/images/news/news1.jpg' -> '/Volumes/Ryan SSD/htdocs/vns-bodypaint/upload/images/news/news1.jpg'
2016-08-11 15:40:14: Copy New '/Volumes/RyanWork/htdocs/vns-bodypaint/upload/images/news/news2.jpg' -> '/Volumes/Ryan SSD/htdocs/vns-bodypaint/upload/images/news/news2.jpg'
2016-08-11 15:40:14: Copy New '/Volumes/RyanWork/htdocs/vns-bodypaint/upload/images/news/news3.jpg' -> '/Volumes/Ryan SSD/htdocs/vns-bodypaint/upload/images/news/news3.jpg'
2016-08-11 15:40:14: Copy New '/Volumes/RyanWork/htdocs/vns-bodypaint/upload/images/news/news4.jpg' -> '/Volumes/Ryan SSD/htdocs/vns-bodypaint/upload/images/news/news4.jpg'
2016-08-11 15:40:14: Copy New '/Volumes/RyanWork/htdocs/vns-bodypaint/upload/images/temp/news1.jpg' -> '/Volumes/Ryan SSD/htdocs/vns-bodypaint/upload/images/temp/news1.jpg'
2016-08-11 15:40:14: Copy New '/Volumes/RyanWork/htdocs/vns-bodypaint/upload/images/temp/news2.jpg' -> '/Volumes/Ryan SSD/htdocs/vns-bodypaint/upload/images/temp/news2.jpg'
2016-08-11 15:40:14: Copy New '/Volumes/RyanWork/htdocs/vns-bodypaint/upload/images/temp/news3.jpg' -> '/Volumes/Ryan SSD/htdocs/vns-bodypaint/upload/images/temp/news3.jpg'
2016-08-11 15:40:14: Copy New '/Volumes/RyanWork/htdocs/vns-bodypaint/upload/images/temp/news4.jpg' -> '/Volumes/Ryan SSD/htdocs/vns-bodypaint/upload/images/temp/news4.jpg'
2016-08-11 15:40:15: Copy New '/Volumes/RyanWork/htdocs/vns-bodypaint/upload/media/Tips-for-Starting-a-Healthy-Lifestyle!---YouTube.mp4' -> '/Volumes/Ryan SSD/htdocs/vns-bodypaint/upload/media/Tips-for-Starting-a-Healthy-Lifestyle!---YouTube.mp4'
2016-08-11 15:40:15: == Sync Complete. Time: 00:00:03, Speed: 7.9 MB/s, OK: 236, Errors: 0
2016-08-11 15:40:15: 
